{"/Users/paulinez/image-classification/web/.nyc_output/ajax.googleapis.com/ajax/libs/jquery/3.5.1/jquery.min.js": {"path":"/Users/paulinez/image-classification/web/.nyc_output/ajax.googleapis.com/ajax/libs/jquery/3.5.1/jquery.min.js","statementMap":{"0":{"start":{"line":1,"column":0},"end":{"line":1,"column":84}},"1":{"start":{"line":2,"column":0},"end":{"line":2,"column":89390}},"2":{"start":{"line":3,"column":0},"end":{"line":3,"column":0}}},"s":{"0":1,"1":0,"2":1},"branchMap":{"0":{"type":"branch","loc":{"start":{"line":1,"column":0},"end":{"line":2,"column":51}},"locations":[{"start":{"line":1,"column":0},"end":{"line":2,"column":51}}]},"1":{"type":"branch","loc":{"start":{"line":2,"column":218},"end":{"line":2,"column":258}},"locations":[{"start":{"line":2,"column":218},"end":{"line":2,"column":258}}]},"2":{"type":"branch","loc":{"start":{"line":2,"column":263},"end":{"line":2,"column":343}},"locations":[{"start":{"line":2,"column":263},"end":{"line":2,"column":343}}]},"3":{"type":"branch","loc":{"start":{"line":2,"column":418},"end":{"line":2,"column":680}},"locations":[{"start":{"line":2,"column":418},"end":{"line":2,"column":680}}]},"4":{"type":"branch","loc":{"start":{"line":2,"column":879},"end":{"line":2,"column":931}},"locations":[{"start":{"line":2,"column":879},"end":{"line":2,"column":931}}]},"5":{"type":"branch","loc":{"start":{"line":2,"column":953},"end":{"line":2,"column":976}},"locations":[{"start":{"line":2,"column":953},"end":{"line":2,"column":976}}]},"6":{"type":"branch","loc":{"start":{"line":2,"column":985},"end":{"line":2,"column":1232}},"locations":[{"start":{"line":2,"column":985},"end":{"line":2,"column":1232}}]},"7":{"type":"branch","loc":{"start":{"line":2,"column":1263},"end":{"line":2,"column":1268}},"locations":[{"start":{"line":2,"column":1263},"end":{"line":2,"column":1268}}]},"8":{"type":"branch","loc":{"start":{"line":2,"column":1340},"end":{"line":2,"column":1351}},"locations":[{"start":{"line":2,"column":1340},"end":{"line":2,"column":1351}}]},"9":{"type":"branch","loc":{"start":{"line":2,"column":1426},"end":{"line":2,"column":1471}},"locations":[{"start":{"line":2,"column":1426},"end":{"line":2,"column":1471}}]},"10":{"type":"branch","loc":{"start":{"line":2,"column":1554},"end":{"line":2,"column":1561}},"locations":[{"start":{"line":2,"column":1554},"end":{"line":2,"column":1561}}]},"11":{"type":"branch","loc":{"start":{"line":2,"column":1619},"end":{"line":2,"column":1626}},"locations":[{"start":{"line":2,"column":1619},"end":{"line":2,"column":1626}}]},"12":{"type":"branch","loc":{"start":{"line":2,"column":1655},"end":{"line":2,"column":1661}},"locations":[{"start":{"line":2,"column":1655},"end":{"line":2,"column":1661}}]},"13":{"type":"branch","loc":{"start":{"line":2,"column":1691},"end":{"line":2,"column":1697}},"locations":[{"start":{"line":2,"column":1691},"end":{"line":2,"column":1697}}]},"14":{"type":"branch","loc":{"start":{"line":2,"column":1773},"end":{"line":2,"column":1778}},"locations":[{"start":{"line":2,"column":1773},"end":{"line":2,"column":1778}}]},"15":{"type":"branch","loc":{"start":{"line":2,"column":1851},"end":{"line":2,"column":1855}},"locations":[{"start":{"line":2,"column":1851},"end":{"line":2,"column":1855}}]},"16":{"type":"branch","loc":{"start":{"line":2,"column":1946},"end":{"line":2,"column":1951}},"locations":[{"start":{"line":2,"column":1946},"end":{"line":2,"column":1951}}]},"17":{"type":"branch","loc":{"start":{"line":2,"column":2005},"end":{"line":2,"column":2104}},"locations":[{"start":{"line":2,"column":2005},"end":{"line":2,"column":2104}}]},"18":{"type":"branch","loc":{"start":{"line":2,"column":2108},"end":{"line":2,"column":2181}},"locations":[{"start":{"line":2,"column":2108},"end":{"line":2,"column":2181}}]},"19":{"type":"branch","loc":{"start":{"line":2,"column":2185},"end":{"line":2,"column":2215}},"locations":[{"start":{"line":2,"column":2185},"end":{"line":2,"column":2215}}]},"20":{"type":"branch","loc":{"start":{"line":2,"column":2223},"end":{"line":2,"column":2381}},"locations":[{"start":{"line":2,"column":2223},"end":{"line":2,"column":2381}}]},"21":{"type":"branch","loc":{"start":{"line":2,"column":2403},"end":{"line":2,"column":2427}},"locations":[{"start":{"line":2,"column":2403},"end":{"line":2,"column":2427}}]},"22":{"type":"branch","loc":{"start":{"line":2,"column":2430},"end":{"line":2,"column":2570}},"locations":[{"start":{"line":2,"column":2430},"end":{"line":2,"column":2570}}]},"23":{"type":"branch","loc":{"start":{"line":2,"column":2601},"end":{"line":2,"column":2607}},"locations":[{"start":{"line":2,"column":2601},"end":{"line":2,"column":2607}}]},"24":{"type":"branch","loc":{"start":{"line":2,"column":2619},"end":{"line":2,"column":2802}},"locations":[{"start":{"line":2,"column":2619},"end":{"line":2,"column":2802}}]},"25":{"type":"branch","loc":{"start":{"line":2,"column":2849},"end":{"line":2,"column":2861}},"locations":[{"start":{"line":2,"column":2849},"end":{"line":2,"column":2861}}]},"26":{"type":"branch","loc":{"start":{"line":2,"column":2903},"end":{"line":2,"column":2993}},"locations":[{"start":{"line":2,"column":2903},"end":{"line":2,"column":2993}}]},"27":{"type":"branch","loc":{"start":{"line":2,"column":2998},"end":{"line":2,"column":3043}},"locations":[{"start":{"line":2,"column":2998},"end":{"line":2,"column":3043}}]},"28":{"type":"branch","loc":{"start":{"line":2,"column":3049},"end":{"line":2,"column":3069}},"locations":[{"start":{"line":2,"column":3049},"end":{"line":2,"column":3069}}]},"29":{"type":"branch","loc":{"start":{"line":2,"column":3176},"end":{"line":2,"column":3185}},"locations":[{"start":{"line":2,"column":3176},"end":{"line":2,"column":3185}}]},"30":{"type":"branch","loc":{"start":{"line":2,"column":3233},"end":{"line":2,"column":3240}},"locations":[{"start":{"line":2,"column":3233},"end":{"line":2,"column":3240}}]},"31":{"type":"branch","loc":{"start":{"line":2,"column":3329},"end":{"line":2,"column":3335}},"locations":[{"start":{"line":2,"column":3329},"end":{"line":2,"column":3335}}]},"32":{"type":"branch","loc":{"start":{"line":2,"column":3430},"end":{"line":2,"column":3435}},"locations":[{"start":{"line":2,"column":3430},"end":{"line":2,"column":3435}}]},"33":{"type":"branch","loc":{"start":{"line":2,"column":3593},"end":{"line":2,"column":4058}},"locations":[{"start":{"line":2,"column":3593},"end":{"line":2,"column":4058}}]},"34":{"type":"branch","loc":{"start":{"line":2,"column":4133},"end":{"line":2,"column":5477}},"locations":[{"start":{"line":2,"column":4133},"end":{"line":2,"column":5477}}]},"35":{"type":"branch","loc":{"start":{"line":2,"column":5610},"end":{"line":2,"column":5671}},"locations":[{"start":{"line":2,"column":5610},"end":{"line":2,"column":5671}}]},"36":{"type":"branch","loc":{"start":{"line":2,"column":5780},"end":{"line":2,"column":5784}},"locations":[{"start":{"line":2,"column":5780},"end":{"line":2,"column":5784}}]},"37":{"type":"branch","loc":{"start":{"line":2,"column":5799},"end":{"line":2,"column":5806}},"locations":[{"start":{"line":2,"column":5799},"end":{"line":2,"column":5806}}]},"38":{"type":"branch","loc":{"start":{"line":2,"column":5879},"end":{"line":2,"column":5995}},"locations":[{"start":{"line":2,"column":5879},"end":{"line":2,"column":5995}}]},"39":{"type":"branch","loc":{"start":{"line":2,"column":7115},"end":{"line":2,"column":7145}},"locations":[{"start":{"line":2,"column":7115},"end":{"line":2,"column":7145}}]},"40":{"type":"branch","loc":{"start":{"line":2,"column":7228},"end":{"line":2,"column":7403}},"locations":[{"start":{"line":2,"column":7228},"end":{"line":2,"column":7403}}]},"41":{"type":"branch","loc":{"start":{"line":2,"column":7647},"end":{"line":2,"column":7669}},"locations":[{"start":{"line":2,"column":7647},"end":{"line":2,"column":7669}}]},"42":{"type":"branch","loc":{"start":{"line":2,"column":7734},"end":{"line":2,"column":7757}},"locations":[{"start":{"line":2,"column":7734},"end":{"line":2,"column":7757}}]},"43":{"type":"branch","loc":{"start":{"line":2,"column":7846},"end":{"line":2,"column":7869}},"locations":[{"start":{"line":2,"column":7846},"end":{"line":2,"column":7869}}]},"44":{"type":"branch","loc":{"start":{"line":2,"column":8094},"end":{"line":2,"column":8120}},"locations":[{"start":{"line":2,"column":8094},"end":{"line":2,"column":8120}}]},"45":{"type":"branch","loc":{"start":{"line":2,"column":8240},"end":{"line":2,"column":8242}},"locations":[{"start":{"line":2,"column":8240},"end":{"line":2,"column":8242}}]},"46":{"type":"branch","loc":{"start":{"line":2,"column":8313},"end":{"line":2,"column":8451}},"locations":[{"start":{"line":2,"column":8313},"end":{"line":2,"column":8451}}]},"47":{"type":"branch","loc":{"start":{"line":2,"column":8459},"end":{"line":2,"column":8518}},"locations":[{"start":{"line":2,"column":8459},"end":{"line":2,"column":8518}}]},"48":{"type":"branch","loc":{"start":{"line":2,"column":8521},"end":{"line":2,"column":8609}},"locations":[{"start":{"line":2,"column":8521},"end":{"line":2,"column":8609}}]},"49":{"type":"branch","loc":{"start":{"line":2,"column":8740},"end":{"line":2,"column":9306}},"locations":[{"start":{"line":2,"column":8740},"end":{"line":2,"column":9306}}]},"50":{"type":"branch","loc":{"start":{"line":2,"column":9393},"end":{"line":2,"column":9404}},"locations":[{"start":{"line":2,"column":9393},"end":{"line":2,"column":9404}}]},"51":{"type":"branch","loc":{"start":{"line":2,"column":9940},"end":{"line":2,"column":9975}},"locations":[{"start":{"line":2,"column":9940},"end":{"line":2,"column":9975}}]},"52":{"type":"branch","loc":{"start":{"line":2,"column":10228},"end":{"line":2,"column":10268}},"locations":[{"start":{"line":2,"column":10228},"end":{"line":2,"column":10268}}]},"53":{"type":"branch","loc":{"start":{"line":2,"column":10368},"end":{"line":2,"column":10614}},"locations":[{"start":{"line":2,"column":10368},"end":{"line":2,"column":10614}}]},"54":{"type":"branch","loc":{"start":{"line":2,"column":10649},"end":{"line":2,"column":10689}},"locations":[{"start":{"line":2,"column":10649},"end":{"line":2,"column":10689}}]},"55":{"type":"branch","loc":{"start":{"line":2,"column":10725},"end":{"line":2,"column":10767}},"locations":[{"start":{"line":2,"column":10725},"end":{"line":2,"column":10767}}]},"56":{"type":"branch","loc":{"start":{"line":2,"column":10781},"end":{"line":2,"column":10890}},"locations":[{"start":{"line":2,"column":10781},"end":{"line":2,"column":10890}}]},"57":{"type":"branch","loc":{"start":{"line":2,"column":10939},"end":{"line":2,"column":10977}},"locations":[{"start":{"line":2,"column":10939},"end":{"line":2,"column":10977}}]},"58":{"type":"branch","loc":{"start":{"line":2,"column":10997},"end":{"line":2,"column":11036}},"locations":[{"start":{"line":2,"column":10997},"end":{"line":2,"column":11036}}]},"59":{"type":"branch","loc":{"start":{"line":2,"column":11056},"end":{"line":2,"column":11361}},"locations":[{"start":{"line":2,"column":11056},"end":{"line":2,"column":11361}}]},"60":{"type":"branch","loc":{"start":{"line":2,"column":11393},"end":{"line":2,"column":11435}},"locations":[{"start":{"line":2,"column":11393},"end":{"line":2,"column":11435}}]},"61":{"type":"branch","loc":{"start":{"line":2,"column":11467},"end":{"line":2,"column":11539}},"locations":[{"start":{"line":2,"column":11467},"end":{"line":2,"column":11539}}]},"62":{"type":"branch","loc":{"start":{"line":2,"column":11571},"end":{"line":2,"column":11654}},"locations":[{"start":{"line":2,"column":11571},"end":{"line":2,"column":11654}}]},"63":{"type":"branch","loc":{"start":{"line":2,"column":11742},"end":{"line":2,"column":11844}},"locations":[{"start":{"line":2,"column":11742},"end":{"line":2,"column":11844}}]},"64":{"type":"branch","loc":{"start":{"line":2,"column":11869},"end":{"line":2,"column":11880}},"locations":[{"start":{"line":2,"column":11869},"end":{"line":2,"column":11880}}]},"65":{"type":"branch","loc":{"start":{"line":2,"column":11905},"end":{"line":2,"column":11945}},"locations":[{"start":{"line":2,"column":11905},"end":{"line":2,"column":11945}}]},"66":{"type":"branch","loc":{"start":{"line":2,"column":12231},"end":{"line":2,"column":12236}},"locations":[{"start":{"line":2,"column":12231},"end":{"line":2,"column":12236}}]},"67":{"type":"branch","loc":{"start":{"line":2,"column":12891},"end":{"line":2,"column":12907}},"locations":[{"start":{"line":2,"column":12891},"end":{"line":2,"column":12907}}]},"68":{"type":"branch","loc":{"start":{"line":2,"column":12946},"end":{"line":2,"column":13024}},"locations":[{"start":{"line":2,"column":12946},"end":{"line":2,"column":13024}}]},"69":{"type":"branch","loc":{"start":{"line":2,"column":13036},"end":{"line":2,"column":13042}},"locations":[{"start":{"line":2,"column":13036},"end":{"line":2,"column":13042}}]},"70":{"type":"branch","loc":{"start":{"line":2,"column":13054},"end":{"line":2,"column":13082}},"locations":[{"start":{"line":2,"column":13054},"end":{"line":2,"column":13082}}]},"71":{"type":"branch","loc":{"start":{"line":2,"column":13141},"end":{"line":2,"column":13151}},"locations":[{"start":{"line":2,"column":13141},"end":{"line":2,"column":13151}}]},"72":{"type":"branch","loc":{"start":{"line":2,"column":13200},"end":{"line":2,"column":13214}},"locations":[{"start":{"line":2,"column":13200},"end":{"line":2,"column":13214}}]},"73":{"type":"branch","loc":{"start":{"line":2,"column":13271},"end":{"line":2,"column":13280}},"locations":[{"start":{"line":2,"column":13271},"end":{"line":2,"column":13280}}]},"74":{"type":"branch","loc":{"start":{"line":2,"column":13526},"end":{"line":2,"column":13537}},"locations":[{"start":{"line":2,"column":13526},"end":{"line":2,"column":13537}}]},"75":{"type":"branch","loc":{"start":{"line":2,"column":13577},"end":{"line":2,"column":13587}},"locations":[{"start":{"line":2,"column":13577},"end":{"line":2,"column":13587}}]},"76":{"type":"branch","loc":{"start":{"line":2,"column":13660},"end":{"line":2,"column":13675}},"locations":[{"start":{"line":2,"column":13660},"end":{"line":2,"column":13675}}]},"77":{"type":"branch","loc":{"start":{"line":2,"column":13854},"end":{"line":2,"column":13868}},"locations":[{"start":{"line":2,"column":13854},"end":{"line":2,"column":13868}}]},"78":{"type":"branch","loc":{"start":{"line":2,"column":14116},"end":{"line":2,"column":14342}},"locations":[{"start":{"line":2,"column":14116},"end":{"line":2,"column":14342}}]},"79":{"type":"branch","loc":{"start":{"line":2,"column":14475},"end":{"line":2,"column":14482}},"locations":[{"start":{"line":2,"column":14475},"end":{"line":2,"column":14482}}]},"80":{"type":"branch","loc":{"start":{"line":2,"column":14687},"end":{"line":2,"column":14695}},"locations":[{"start":{"line":2,"column":14687},"end":{"line":2,"column":14695}}]},"81":{"type":"branch","loc":{"start":{"line":2,"column":14906},"end":{"line":2,"column":14920}},"locations":[{"start":{"line":2,"column":14906},"end":{"line":2,"column":14920}}]},"82":{"type":"branch","loc":{"start":{"line":2,"column":15065},"end":{"line":2,"column":15072}},"locations":[{"start":{"line":2,"column":15065},"end":{"line":2,"column":15072}}]},"83":{"type":"branch","loc":{"start":{"line":2,"column":15292},"end":{"line":2,"column":15298}},"locations":[{"start":{"line":2,"column":15292},"end":{"line":2,"column":15298}}]},"84":{"type":"branch","loc":{"start":{"line":2,"column":15609},"end":{"line":2,"column":15616}},"locations":[{"start":{"line":2,"column":15609},"end":{"line":2,"column":15616}}]},"85":{"type":"branch","loc":{"start":{"line":2,"column":16596},"end":{"line":2,"column":16604}},"locations":[{"start":{"line":2,"column":16596},"end":{"line":2,"column":16604}}]},"86":{"type":"branch","loc":{"start":{"line":2,"column":16908},"end":{"line":2,"column":16926}},"locations":[{"start":{"line":2,"column":16908},"end":{"line":2,"column":16926}}]},"87":{"type":"branch","loc":{"start":{"line":2,"column":17145},"end":{"line":2,"column":17154}},"locations":[{"start":{"line":2,"column":17145},"end":{"line":2,"column":17154}}]},"88":{"type":"branch","loc":{"start":{"line":2,"column":17210},"end":{"line":2,"column":17224}},"locations":[{"start":{"line":2,"column":17210},"end":{"line":2,"column":17224}}]},"89":{"type":"branch","loc":{"start":{"line":2,"column":17317},"end":{"line":2,"column":17327}},"locations":[{"start":{"line":2,"column":17317},"end":{"line":2,"column":17327}}]},"90":{"type":"branch","loc":{"start":{"line":2,"column":17615},"end":{"line":2,"column":17624}},"locations":[{"start":{"line":2,"column":17615},"end":{"line":2,"column":17624}}]},"91":{"type":"branch","loc":{"start":{"line":2,"column":17698},"end":{"line":2,"column":17704}},"locations":[{"start":{"line":2,"column":17698},"end":{"line":2,"column":17704}}]},"92":{"type":"branch","loc":{"start":{"line":2,"column":17729},"end":{"line":2,"column":17736}},"locations":[{"start":{"line":2,"column":17729},"end":{"line":2,"column":17736}}]},"93":{"type":"branch","loc":{"start":{"line":2,"column":17837},"end":{"line":2,"column":17877}},"locations":[{"start":{"line":2,"column":17837},"end":{"line":2,"column":17877}}]},"94":{"type":"branch","loc":{"start":{"line":2,"column":17979},"end":{"line":2,"column":17989}},"locations":[{"start":{"line":2,"column":17979},"end":{"line":2,"column":17989}}]},"95":{"type":"branch","loc":{"start":{"line":2,"column":18065},"end":{"line":2,"column":18072}},"locations":[{"start":{"line":2,"column":18065},"end":{"line":2,"column":18072}}]},"96":{"type":"branch","loc":{"start":{"line":2,"column":18155},"end":{"line":2,"column":18163}},"locations":[{"start":{"line":2,"column":18155},"end":{"line":2,"column":18163}}]},"97":{"type":"branch","loc":{"start":{"line":2,"column":18201},"end":{"line":2,"column":18209}},"locations":[{"start":{"line":2,"column":18201},"end":{"line":2,"column":18209}}]},"98":{"type":"branch","loc":{"start":{"line":2,"column":18247},"end":{"line":2,"column":18254}},"locations":[{"start":{"line":2,"column":18247},"end":{"line":2,"column":18254}}]},"99":{"type":"branch","loc":{"start":{"line":2,"column":18292},"end":{"line":2,"column":18300}},"locations":[{"start":{"line":2,"column":18292},"end":{"line":2,"column":18300}}]},"100":{"type":"branch","loc":{"start":{"line":2,"column":18394},"end":{"line":2,"column":18400}},"locations":[{"start":{"line":2,"column":18394},"end":{"line":2,"column":18400}}]},"101":{"type":"branch","loc":{"start":{"line":2,"column":18538},"end":{"line":2,"column":18548}},"locations":[{"start":{"line":2,"column":18538},"end":{"line":2,"column":18548}}]},"102":{"type":"branch","loc":{"start":{"line":2,"column":18569},"end":{"line":2,"column":18579}},"locations":[{"start":{"line":2,"column":18569},"end":{"line":2,"column":18579}}]},"103":{"type":"branch","loc":{"start":{"line":2,"column":18605},"end":{"line":2,"column":18613}},"locations":[{"start":{"line":2,"column":18605},"end":{"line":2,"column":18613}}]},"104":{"type":"branch","loc":{"start":{"line":2,"column":18647},"end":{"line":2,"column":18657}},"locations":[{"start":{"line":2,"column":18647},"end":{"line":2,"column":18657}}]},"105":{"type":"branch","loc":{"start":{"line":2,"column":18711},"end":{"line":2,"column":18720}},"locations":[{"start":{"line":2,"column":18711},"end":{"line":2,"column":18720}}]},"106":{"type":"branch","loc":{"start":{"line":2,"column":18774},"end":{"line":2,"column":18782}},"locations":[{"start":{"line":2,"column":18774},"end":{"line":2,"column":18782}}]},"107":{"type":"branch","loc":{"start":{"line":2,"column":18851},"end":{"line":2,"column":18859}},"locations":[{"start":{"line":2,"column":18851},"end":{"line":2,"column":18859}}]},"108":{"type":"branch","loc":{"start":{"line":2,"column":18921},"end":{"line":2,"column":19085}},"locations":[{"start":{"line":2,"column":18921},"end":{"line":2,"column":19085}}]},"109":{"type":"branch","loc":{"start":{"line":2,"column":19159},"end":{"line":2,"column":19202}},"locations":[{"start":{"line":2,"column":19159},"end":{"line":2,"column":19202}}]},"110":{"type":"branch","loc":{"start":{"line":2,"column":19205},"end":{"line":2,"column":19209}},"locations":[{"start":{"line":2,"column":19205},"end":{"line":2,"column":19209}}]},"111":{"type":"branch","loc":{"start":{"line":2,"column":19227},"end":{"line":2,"column":19248}},"locations":[{"start":{"line":2,"column":19227},"end":{"line":2,"column":19248}}]},"112":{"type":"branch","loc":{"start":{"line":2,"column":21117},"end":{"line":2,"column":21191}},"locations":[{"start":{"line":2,"column":21117},"end":{"line":2,"column":21191}}]},"113":{"type":"branch","loc":{"start":{"line":2,"column":21641},"end":{"line":2,"column":21655}},"locations":[{"start":{"line":2,"column":21641},"end":{"line":2,"column":21655}}]},"114":{"type":"branch","loc":{"start":{"line":2,"column":22366},"end":{"line":2,"column":22379}},"locations":[{"start":{"line":2,"column":22366},"end":{"line":2,"column":22379}}]},"115":{"type":"branch","loc":{"start":{"line":2,"column":23020},"end":{"line":2,"column":23284}},"locations":[{"start":{"line":2,"column":23020},"end":{"line":2,"column":23284}}]},"116":{"type":"branch","loc":{"start":{"line":2,"column":23391},"end":{"line":2,"column":23530}},"locations":[{"start":{"line":2,"column":23391},"end":{"line":2,"column":23530}}]},"117":{"type":"branch","loc":{"start":{"line":2,"column":23624},"end":{"line":2,"column":23681}},"locations":[{"start":{"line":2,"column":23624},"end":{"line":2,"column":23681}}]},"118":{"type":"branch","loc":{"start":{"line":2,"column":23801},"end":{"line":2,"column":23989}},"locations":[{"start":{"line":2,"column":23801},"end":{"line":2,"column":23989}}]},"119":{"type":"branch","loc":{"start":{"line":2,"column":24119},"end":{"line":2,"column":24122}},"locations":[{"start":{"line":2,"column":24119},"end":{"line":2,"column":24122}}]},"120":{"type":"branch","loc":{"start":{"line":2,"column":24209},"end":{"line":2,"column":24238}},"locations":[{"start":{"line":2,"column":24209},"end":{"line":2,"column":24238}}]},"121":{"type":"branch","loc":{"start":{"line":2,"column":24316},"end":{"line":2,"column":24417}},"locations":[{"start":{"line":2,"column":24316},"end":{"line":2,"column":24417}}]},"122":{"type":"branch","loc":{"start":{"line":2,"column":24468},"end":{"line":2,"column":24479}},"locations":[{"start":{"line":2,"column":24468},"end":{"line":2,"column":24479}}]},"123":{"type":"branch","loc":{"start":{"line":2,"column":24519},"end":{"line":2,"column":24538}},"locations":[{"start":{"line":2,"column":24519},"end":{"line":2,"column":24538}}]},"124":{"type":"branch","loc":{"start":{"line":2,"column":24586},"end":{"line":2,"column":24647}},"locations":[{"start":{"line":2,"column":24586},"end":{"line":2,"column":24647}}]},"125":{"type":"branch","loc":{"start":{"line":2,"column":24666},"end":{"line":2,"column":24727}},"locations":[{"start":{"line":2,"column":24666},"end":{"line":2,"column":24727}}]},"126":{"type":"branch","loc":{"start":{"line":2,"column":24793},"end":{"line":2,"column":24813}},"locations":[{"start":{"line":2,"column":24793},"end":{"line":2,"column":24813}}]},"127":{"type":"branch","loc":{"start":{"line":2,"column":25057},"end":{"line":2,"column":25065}},"locations":[{"start":{"line":2,"column":25057},"end":{"line":2,"column":25065}}]},"128":{"type":"branch","loc":{"start":{"line":2,"column":25117},"end":{"line":2,"column":25122}},"locations":[{"start":{"line":2,"column":25117},"end":{"line":2,"column":25122}}]},"129":{"type":"branch","loc":{"start":{"line":2,"column":25174},"end":{"line":2,"column":25234}},"locations":[{"start":{"line":2,"column":25174},"end":{"line":2,"column":25234}}]},"130":{"type":"branch","loc":{"start":{"line":2,"column":25239},"end":{"line":2,"column":25241}},"locations":[{"start":{"line":2,"column":25239},"end":{"line":2,"column":25241}}]},"131":{"type":"branch","loc":{"start":{"line":2,"column":25245},"end":{"line":2,"column":25347}},"locations":[{"start":{"line":2,"column":25245},"end":{"line":2,"column":25347}}]},"132":{"type":"branch","loc":{"start":{"line":2,"column":25359},"end":{"line":2,"column":25406}},"locations":[{"start":{"line":2,"column":25359},"end":{"line":2,"column":25406}}]},"133":{"type":"branch","loc":{"start":{"line":2,"column":25454},"end":{"line":2,"column":25476}},"locations":[{"start":{"line":2,"column":25454},"end":{"line":2,"column":25476}}]},"134":{"type":"branch","loc":{"start":{"line":2,"column":25538},"end":{"line":2,"column":25546}},"locations":[{"start":{"line":2,"column":25538},"end":{"line":2,"column":25546}}]},"135":{"type":"branch","loc":{"start":{"line":2,"column":25743},"end":{"line":2,"column":25856}},"locations":[{"start":{"line":2,"column":25743},"end":{"line":2,"column":25856}}]},"136":{"type":"branch","loc":{"start":{"line":2,"column":25914},"end":{"line":2,"column":26022}},"locations":[{"start":{"line":2,"column":25914},"end":{"line":2,"column":26022}}]},"137":{"type":"branch","loc":{"start":{"line":2,"column":26079},"end":{"line":2,"column":26096}},"locations":[{"start":{"line":2,"column":26079},"end":{"line":2,"column":26096}}]},"138":{"type":"branch","loc":{"start":{"line":2,"column":26221},"end":{"line":2,"column":26230}},"locations":[{"start":{"line":2,"column":26221},"end":{"line":2,"column":26230}}]},"139":{"type":"branch","loc":{"start":{"line":2,"column":26514},"end":{"line":2,"column":26521}},"locations":[{"start":{"line":2,"column":26514},"end":{"line":2,"column":26521}}]},"140":{"type":"branch","loc":{"start":{"line":2,"column":26672},"end":{"line":2,"column":26677}},"locations":[{"start":{"line":2,"column":26672},"end":{"line":2,"column":26677}}]},"141":{"type":"branch","loc":{"start":{"line":2,"column":26755},"end":{"line":2,"column":26764}},"locations":[{"start":{"line":2,"column":26755},"end":{"line":2,"column":26764}}]},"142":{"type":"branch","loc":{"start":{"line":2,"column":26843},"end":{"line":2,"column":26861}},"locations":[{"start":{"line":2,"column":26843},"end":{"line":2,"column":26861}}]},"143":{"type":"branch","loc":{"start":{"line":2,"column":26925},"end":{"line":2,"column":26934}},"locations":[{"start":{"line":2,"column":26925},"end":{"line":2,"column":26934}}]},"144":{"type":"branch","loc":{"start":{"line":2,"column":26971},"end":{"line":2,"column":26985}},"locations":[{"start":{"line":2,"column":26971},"end":{"line":2,"column":26985}}]},"145":{"type":"branch","loc":{"start":{"line":2,"column":27028},"end":{"line":2,"column":27034}},"locations":[{"start":{"line":2,"column":27028},"end":{"line":2,"column":27034}}]},"146":{"type":"branch","loc":{"start":{"line":2,"column":27072},"end":{"line":2,"column":27078}},"locations":[{"start":{"line":2,"column":27072},"end":{"line":2,"column":27078}}]},"147":{"type":"branch","loc":{"start":{"line":2,"column":27120},"end":{"line":2,"column":27129}},"locations":[{"start":{"line":2,"column":27120},"end":{"line":2,"column":27129}}]},"148":{"type":"branch","loc":{"start":{"line":2,"column":27167},"end":{"line":2,"column":27176}},"locations":[{"start":{"line":2,"column":27167},"end":{"line":2,"column":27176}}]},"149":{"type":"branch","loc":{"start":{"line":2,"column":27218},"end":{"line":2,"column":27229}},"locations":[{"start":{"line":2,"column":27218},"end":{"line":2,"column":27229}}]},"150":{"type":"branch","loc":{"start":{"line":2,"column":27273},"end":{"line":2,"column":27284}},"locations":[{"start":{"line":2,"column":27273},"end":{"line":2,"column":27284}}]},"151":{"type":"branch","loc":{"start":{"line":2,"column":27332},"end":{"line":2,"column":27342}},"locations":[{"start":{"line":2,"column":27332},"end":{"line":2,"column":27342}}]},"152":{"type":"branch","loc":{"start":{"line":2,"column":27396},"end":{"line":2,"column":27406}},"locations":[{"start":{"line":2,"column":27396},"end":{"line":2,"column":27406}}]},"153":{"type":"branch","loc":{"start":{"line":2,"column":27441},"end":{"line":2,"column":27451}},"locations":[{"start":{"line":2,"column":27441},"end":{"line":2,"column":27451}}]},"154":{"type":"branch","loc":{"start":{"line":2,"column":27595},"end":{"line":2,"column":27619}},"locations":[{"start":{"line":2,"column":27595},"end":{"line":2,"column":27619}}]},"155":{"type":"branch","loc":{"start":{"line":2,"column":27811},"end":{"line":2,"column":27840}},"locations":[{"start":{"line":2,"column":27811},"end":{"line":2,"column":27840}}]},"156":{"type":"branch","loc":{"start":{"line":2,"column":28047},"end":{"line":2,"column":28127}},"locations":[{"start":{"line":2,"column":28047},"end":{"line":2,"column":28127}}]},"157":{"type":"branch","loc":{"start":{"line":2,"column":28131},"end":{"line":2,"column":28158}},"locations":[{"start":{"line":2,"column":28131},"end":{"line":2,"column":28158}}]},"158":{"type":"branch","loc":{"start":{"line":2,"column":28173},"end":{"line":2,"column":28309}},"locations":[{"start":{"line":2,"column":28173},"end":{"line":2,"column":28309}}]},"159":{"type":"branch","loc":{"start":{"line":2,"column":28343},"end":{"line":2,"column":28352}},"locations":[{"start":{"line":2,"column":28343},"end":{"line":2,"column":28352}}]},"160":{"type":"branch","loc":{"start":{"line":2,"column":28360},"end":{"line":2,"column":28376}},"locations":[{"start":{"line":2,"column":28360},"end":{"line":2,"column":28376}}]},"161":{"type":"branch","loc":{"start":{"line":2,"column":28379},"end":{"line":2,"column":28412}},"locations":[{"start":{"line":2,"column":28379},"end":{"line":2,"column":28412}}]},"162":{"type":"branch","loc":{"start":{"line":2,"column":28442},"end":{"line":2,"column":28493}},"locations":[{"start":{"line":2,"column":28442},"end":{"line":2,"column":28493}}]},"163":{"type":"branch","loc":{"start":{"line":2,"column":28503},"end":{"line":2,"column":28514}},"locations":[{"start":{"line":2,"column":28503},"end":{"line":2,"column":28514}}]},"164":{"type":"branch","loc":{"start":{"line":2,"column":28549},"end":{"line":2,"column":28565}},"locations":[{"start":{"line":2,"column":28549},"end":{"line":2,"column":28565}}]},"165":{"type":"branch","loc":{"start":{"line":2,"column":28574},"end":{"line":2,"column":28589}},"locations":[{"start":{"line":2,"column":28574},"end":{"line":2,"column":28589}}]},"166":{"type":"branch","loc":{"start":{"line":2,"column":28705},"end":{"line":2,"column":28710}},"locations":[{"start":{"line":2,"column":28705},"end":{"line":2,"column":28710}}]},"167":{"type":"branch","loc":{"start":{"line":2,"column":28760},"end":{"line":2,"column":28767}},"locations":[{"start":{"line":2,"column":28760},"end":{"line":2,"column":28767}}]},"168":{"type":"branch","loc":{"start":{"line":2,"column":28800},"end":{"line":2,"column":28856}},"locations":[{"start":{"line":2,"column":28800},"end":{"line":2,"column":28856}}]},"169":{"type":"branch","loc":{"start":{"line":2,"column":28876},"end":{"line":2,"column":28935}},"locations":[{"start":{"line":2,"column":28876},"end":{"line":2,"column":28935}}]},"170":{"type":"branch","loc":{"start":{"line":2,"column":28956},"end":{"line":2,"column":29000}},"locations":[{"start":{"line":2,"column":28956},"end":{"line":2,"column":29000}}]},"171":{"type":"branch","loc":{"start":{"line":2,"column":29004},"end":{"line":2,"column":29111}},"locations":[{"start":{"line":2,"column":29004},"end":{"line":2,"column":29111}}]},"172":{"type":"branch","loc":{"start":{"line":2,"column":29132},"end":{"line":2,"column":29443}},"locations":[{"start":{"line":2,"column":29132},"end":{"line":2,"column":29443}}]},"173":{"type":"branch","loc":{"start":{"line":2,"column":29463},"end":{"line":2,"column":29471}},"locations":[{"start":{"line":2,"column":29463},"end":{"line":2,"column":29471}}]},"174":{"type":"branch","loc":{"start":{"line":2,"column":29528},"end":{"line":2,"column":29537}},"locations":[{"start":{"line":2,"column":29528},"end":{"line":2,"column":29537}}]},"175":{"type":"branch","loc":{"start":{"line":2,"column":29571},"end":{"line":2,"column":29577}},"locations":[{"start":{"line":2,"column":29571},"end":{"line":2,"column":29577}}]},"176":{"type":"branch","loc":{"start":{"line":2,"column":29873},"end":{"line":2,"column":29879}},"locations":[{"start":{"line":2,"column":29873},"end":{"line":2,"column":29879}}]},"177":{"type":"branch","loc":{"start":{"line":2,"column":30673},"end":{"line":2,"column":30722}},"locations":[{"start":{"line":2,"column":30673},"end":{"line":2,"column":30722}}]},"178":{"type":"branch","loc":{"start":{"line":2,"column":30724},"end":{"line":2,"column":30907}},"locations":[{"start":{"line":2,"column":30724},"end":{"line":2,"column":30907}}]},"179":{"type":"branch","loc":{"start":{"line":2,"column":30977},"end":{"line":2,"column":31020}},"locations":[{"start":{"line":2,"column":30977},"end":{"line":2,"column":31020}}]},"180":{"type":"branch","loc":{"start":{"line":2,"column":31033},"end":{"line":2,"column":31042}},"locations":[{"start":{"line":2,"column":31033},"end":{"line":2,"column":31042}}]},"181":{"type":"branch","loc":{"start":{"line":2,"column":31398},"end":{"line":2,"column":31489}},"locations":[{"start":{"line":2,"column":31398},"end":{"line":2,"column":31489}}]},"182":{"type":"branch","loc":{"start":{"line":2,"column":31615},"end":{"line":2,"column":31633}},"locations":[{"start":{"line":2,"column":31615},"end":{"line":2,"column":31633}}]},"183":{"type":"branch","loc":{"start":{"line":2,"column":31679},"end":{"line":2,"column":31809}},"locations":[{"start":{"line":2,"column":31679},"end":{"line":2,"column":31809}}]},"184":{"type":"branch","loc":{"start":{"line":2,"column":31886},"end":{"line":2,"column":31945}},"locations":[{"start":{"line":2,"column":31886},"end":{"line":2,"column":31945}}]},"185":{"type":"branch","loc":{"start":{"line":2,"column":31959},"end":{"line":2,"column":32104}},"locations":[{"start":{"line":2,"column":31959},"end":{"line":2,"column":32104}}]},"186":{"type":"branch","loc":{"start":{"line":2,"column":32155},"end":{"line":2,"column":32306}},"locations":[{"start":{"line":2,"column":32155},"end":{"line":2,"column":32306}}]},"187":{"type":"branch","loc":{"start":{"line":2,"column":32343},"end":{"line":2,"column":32408}},"locations":[{"start":{"line":2,"column":32343},"end":{"line":2,"column":32408}}]},"188":{"type":"branch","loc":{"start":{"line":2,"column":32455},"end":{"line":2,"column":32460}},"locations":[{"start":{"line":2,"column":32455},"end":{"line":2,"column":32460}}]},"189":{"type":"branch","loc":{"start":{"line":2,"column":32512},"end":{"line":2,"column":32522}},"locations":[{"start":{"line":2,"column":32512},"end":{"line":2,"column":32522}}]},"190":{"type":"branch","loc":{"start":{"line":2,"column":32548},"end":{"line":2,"column":32574}},"locations":[{"start":{"line":2,"column":32548},"end":{"line":2,"column":32574}}]},"191":{"type":"branch","loc":{"start":{"line":2,"column":32666},"end":{"line":2,"column":32705}},"locations":[{"start":{"line":2,"column":32666},"end":{"line":2,"column":32705}}]},"192":{"type":"branch","loc":{"start":{"line":2,"column":32735},"end":{"line":2,"column":32893}},"locations":[{"start":{"line":2,"column":32735},"end":{"line":2,"column":32893}}]},"193":{"type":"branch","loc":{"start":{"line":2,"column":32957},"end":{"line":2,"column":32967}},"locations":[{"start":{"line":2,"column":32957},"end":{"line":2,"column":32967}}]},"194":{"type":"branch","loc":{"start":{"line":2,"column":33075},"end":{"line":2,"column":33125}},"locations":[{"start":{"line":2,"column":33075},"end":{"line":2,"column":33125}}]},"195":{"type":"branch","loc":{"start":{"line":2,"column":33164},"end":{"line":2,"column":33173}},"locations":[{"start":{"line":2,"column":33164},"end":{"line":2,"column":33173}}]},"196":{"type":"branch","loc":{"start":{"line":2,"column":33289},"end":{"line":2,"column":33297}},"locations":[{"start":{"line":2,"column":33289},"end":{"line":2,"column":33297}}]},"197":{"type":"branch","loc":{"start":{"line":2,"column":33555},"end":{"line":2,"column":33564}},"locations":[{"start":{"line":2,"column":33555},"end":{"line":2,"column":33564}}]},"198":{"type":"branch","loc":{"start":{"line":2,"column":33637},"end":{"line":2,"column":33704}},"locations":[{"start":{"line":2,"column":33637},"end":{"line":2,"column":33704}}]},"199":{"type":"branch","loc":{"start":{"line":2,"column":33983},"end":{"line":2,"column":34001}},"locations":[{"start":{"line":2,"column":33983},"end":{"line":2,"column":34001}}]},"200":{"type":"branch","loc":{"start":{"line":2,"column":34047},"end":{"line":2,"column":34053}},"locations":[{"start":{"line":2,"column":34047},"end":{"line":2,"column":34053}}]},"201":{"type":"branch","loc":{"start":{"line":2,"column":34092},"end":{"line":2,"column":34104}},"locations":[{"start":{"line":2,"column":34092},"end":{"line":2,"column":34104}}]},"202":{"type":"branch","loc":{"start":{"line":2,"column":34132},"end":{"line":2,"column":34139}},"locations":[{"start":{"line":2,"column":34132},"end":{"line":2,"column":34139}}]},"203":{"type":"branch","loc":{"start":{"line":2,"column":34178},"end":{"line":2,"column":34191}},"locations":[{"start":{"line":2,"column":34178},"end":{"line":2,"column":34191}}]},"204":{"type":"branch","loc":{"start":{"line":2,"column":34219},"end":{"line":2,"column":34240}},"locations":[{"start":{"line":2,"column":34219},"end":{"line":2,"column":34240}}]},"205":{"type":"branch","loc":{"start":{"line":2,"column":34748},"end":{"line":2,"column":34760}},"locations":[{"start":{"line":2,"column":34748},"end":{"line":2,"column":34760}}]},"206":{"type":"branch","loc":{"start":{"line":2,"column":34819},"end":{"line":2,"column":34838}},"locations":[{"start":{"line":2,"column":34819},"end":{"line":2,"column":34838}}]},"207":{"type":"branch","loc":{"start":{"line":2,"column":34978},"end":{"line":2,"column":34987}},"locations":[{"start":{"line":2,"column":34978},"end":{"line":2,"column":34987}}]},"208":{"type":"branch","loc":{"start":{"line":2,"column":35224},"end":{"line":2,"column":35237}},"locations":[{"start":{"line":2,"column":35224},"end":{"line":2,"column":35237}}]},"209":{"type":"branch","loc":{"start":{"line":2,"column":35383},"end":{"line":2,"column":35405}},"locations":[{"start":{"line":2,"column":35383},"end":{"line":2,"column":35405}}]},"210":{"type":"branch","loc":{"start":{"line":2,"column":35642},"end":{"line":2,"column":35651}},"locations":[{"start":{"line":2,"column":35642},"end":{"line":2,"column":35651}}]},"211":{"type":"branch","loc":{"start":{"line":2,"column":35711},"end":{"line":2,"column":35723}},"locations":[{"start":{"line":2,"column":35711},"end":{"line":2,"column":35723}}]},"212":{"type":"branch","loc":{"start":{"line":2,"column":35765},"end":{"line":2,"column":35774}},"locations":[{"start":{"line":2,"column":35765},"end":{"line":2,"column":35774}}]},"213":{"type":"branch","loc":{"start":{"line":2,"column":36015},"end":{"line":2,"column":36182}},"locations":[{"start":{"line":2,"column":36015},"end":{"line":2,"column":36182}}]},"214":{"type":"branch","loc":{"start":{"line":2,"column":36231},"end":{"line":2,"column":36269}},"locations":[{"start":{"line":2,"column":36231},"end":{"line":2,"column":36269}}]},"215":{"type":"branch","loc":{"start":{"line":2,"column":36355},"end":{"line":2,"column":36364}},"locations":[{"start":{"line":2,"column":36355},"end":{"line":2,"column":36364}}]},"216":{"type":"branch","loc":{"start":{"line":2,"column":36903},"end":{"line":2,"column":36913}},"locations":[{"start":{"line":2,"column":36903},"end":{"line":2,"column":36913}}]},"217":{"type":"branch","loc":{"start":{"line":2,"column":37422},"end":{"line":2,"column":37440}},"locations":[{"start":{"line":2,"column":37422},"end":{"line":2,"column":37440}}]},"218":{"type":"branch","loc":{"start":{"line":2,"column":37470},"end":{"line":2,"column":37476}},"locations":[{"start":{"line":2,"column":37470},"end":{"line":2,"column":37476}}]},"219":{"type":"branch","loc":{"start":{"line":2,"column":37503},"end":{"line":2,"column":37511}},"locations":[{"start":{"line":2,"column":37503},"end":{"line":2,"column":37511}}]},"220":{"type":"branch","loc":{"start":{"line":2,"column":37637},"end":{"line":2,"column":38487}},"locations":[{"start":{"line":2,"column":37637},"end":{"line":2,"column":38487}}]},"221":{"type":"branch","loc":{"start":{"line":2,"column":38556},"end":{"line":2,"column":38570}},"locations":[{"start":{"line":2,"column":38556},"end":{"line":2,"column":38570}}]},"222":{"type":"branch","loc":{"start":{"line":2,"column":38593},"end":{"line":2,"column":38596}},"locations":[{"start":{"line":2,"column":38593},"end":{"line":2,"column":38596}}]},"223":{"type":"branch","loc":{"start":{"line":2,"column":38698},"end":{"line":2,"column":38768}},"locations":[{"start":{"line":2,"column":38698},"end":{"line":2,"column":38768}}]},"224":{"type":"branch","loc":{"start":{"line":2,"column":38840},"end":{"line":2,"column":38860}},"locations":[{"start":{"line":2,"column":38840},"end":{"line":2,"column":38860}}]},"225":{"type":"branch","loc":{"start":{"line":2,"column":39504},"end":{"line":2,"column":39595}},"locations":[{"start":{"line":2,"column":39504},"end":{"line":2,"column":39595}}]},"226":{"type":"branch","loc":{"start":{"line":2,"column":39736},"end":{"line":2,"column":39791}},"locations":[{"start":{"line":2,"column":39736},"end":{"line":2,"column":39791}}]},"227":{"type":"branch","loc":{"start":{"line":2,"column":39868},"end":{"line":2,"column":39933}},"locations":[{"start":{"line":2,"column":39868},"end":{"line":2,"column":39933}}]},"228":{"type":"branch","loc":{"start":{"line":2,"column":39948},"end":{"line":2,"column":39976}},"locations":[{"start":{"line":2,"column":39948},"end":{"line":2,"column":39976}}]},"229":{"type":"branch","loc":{"start":{"line":2,"column":39981},"end":{"line":2,"column":39992}},"locations":[{"start":{"line":2,"column":39981},"end":{"line":2,"column":39992}}]},"230":{"type":"branch","loc":{"start":{"line":2,"column":40001},"end":{"line":2,"column":40013}},"locations":[{"start":{"line":2,"column":40001},"end":{"line":2,"column":40013}}]},"231":{"type":"branch","loc":{"start":{"line":2,"column":40110},"end":{"line":2,"column":40157}},"locations":[{"start":{"line":2,"column":40110},"end":{"line":2,"column":40157}}]},"232":{"type":"branch","loc":{"start":{"line":2,"column":40726},"end":{"line":2,"column":40824}},"locations":[{"start":{"line":2,"column":40726},"end":{"line":2,"column":40824}}]},"233":{"type":"branch","loc":{"start":{"line":2,"column":40856},"end":{"line":2,"column":40858}},"locations":[{"start":{"line":2,"column":40856},"end":{"line":2,"column":40858}}]},"234":{"type":"branch","loc":{"start":{"line":2,"column":40888},"end":{"line":2,"column":40988}},"locations":[{"start":{"line":2,"column":40888},"end":{"line":2,"column":40988}}]},"235":{"type":"branch","loc":{"start":{"line":2,"column":41099},"end":{"line":2,"column":41108}},"locations":[{"start":{"line":2,"column":41099},"end":{"line":2,"column":41108}}]},"236":{"type":"branch","loc":{"start":{"line":2,"column":41112},"end":{"line":2,"column":41122}},"locations":[{"start":{"line":2,"column":41112},"end":{"line":2,"column":41122}}]},"237":{"type":"branch","loc":{"start":{"line":2,"column":41128},"end":{"line":2,"column":41167}},"locations":[{"start":{"line":2,"column":41128},"end":{"line":2,"column":41167}}]},"238":{"type":"branch","loc":{"start":{"line":2,"column":41171},"end":{"line":2,"column":41240}},"locations":[{"start":{"line":2,"column":41171},"end":{"line":2,"column":41240}}]},"239":{"type":"branch","loc":{"start":{"line":2,"column":41255},"end":{"line":2,"column":41380}},"locations":[{"start":{"line":2,"column":41255},"end":{"line":2,"column":41380}}]},"240":{"type":"branch","loc":{"start":{"line":2,"column":41415},"end":{"line":2,"column":41568}},"locations":[{"start":{"line":2,"column":41415},"end":{"line":2,"column":41568}}]},"241":{"type":"branch","loc":{"start":{"line":2,"column":41627},"end":{"line":2,"column":41629}},"locations":[{"start":{"line":2,"column":41627},"end":{"line":2,"column":41629}}]},"242":{"type":"branch","loc":{"start":{"line":2,"column":41661},"end":{"line":2,"column":41703}},"locations":[{"start":{"line":2,"column":41661},"end":{"line":2,"column":41703}}]},"243":{"type":"branch","loc":{"start":{"line":2,"column":42454},"end":{"line":2,"column":42464}},"locations":[{"start":{"line":2,"column":42454},"end":{"line":2,"column":42464}}]},"244":{"type":"branch","loc":{"start":{"line":2,"column":43229},"end":{"line":2,"column":43239}},"locations":[{"start":{"line":2,"column":43229},"end":{"line":2,"column":43239}}]},"245":{"type":"branch","loc":{"start":{"line":2,"column":43700},"end":{"line":2,"column":43805}},"locations":[{"start":{"line":2,"column":43700},"end":{"line":2,"column":43805}}]},"246":{"type":"branch","loc":{"start":{"line":2,"column":43930},"end":{"line":2,"column":43935}},"locations":[{"start":{"line":2,"column":43930},"end":{"line":2,"column":43935}}]},"247":{"type":"branch","loc":{"start":{"line":2,"column":44029},"end":{"line":2,"column":44037}},"locations":[{"start":{"line":2,"column":44029},"end":{"line":2,"column":44037}}]},"248":{"type":"branch","loc":{"start":{"line":2,"column":44086},"end":{"line":2,"column":44150}},"locations":[{"start":{"line":2,"column":44086},"end":{"line":2,"column":44150}}]},"249":{"type":"branch","loc":{"start":{"line":2,"column":44153},"end":{"line":2,"column":44176}},"locations":[{"start":{"line":2,"column":44153},"end":{"line":2,"column":44176}}]},"250":{"type":"branch","loc":{"start":{"line":2,"column":44217},"end":{"line":2,"column":44230}},"locations":[{"start":{"line":2,"column":44217},"end":{"line":2,"column":44230}}]},"251":{"type":"branch","loc":{"start":{"line":2,"column":44320},"end":{"line":2,"column":44330}},"locations":[{"start":{"line":2,"column":44320},"end":{"line":2,"column":44330}}]},"252":{"type":"branch","loc":{"start":{"line":2,"column":44431},"end":{"line":2,"column":44460}},"locations":[{"start":{"line":2,"column":44431},"end":{"line":2,"column":44460}}]},"253":{"type":"branch","loc":{"start":{"line":2,"column":44547},"end":{"line":2,"column":44565}},"locations":[{"start":{"line":2,"column":44547},"end":{"line":2,"column":44565}}]},"254":{"type":"branch","loc":{"start":{"line":2,"column":44631},"end":{"line":2,"column":44640}},"locations":[{"start":{"line":2,"column":44631},"end":{"line":2,"column":44640}}]},"255":{"type":"branch","loc":{"start":{"line":2,"column":45092},"end":{"line":2,"column":45241}},"locations":[{"start":{"line":2,"column":45092},"end":{"line":2,"column":45241}}]},"256":{"type":"branch","loc":{"start":{"line":2,"column":45345},"end":{"line":2,"column":45362}},"locations":[{"start":{"line":2,"column":45345},"end":{"line":2,"column":45362}}]},"257":{"type":"branch","loc":{"start":{"line":2,"column":45469},"end":{"line":2,"column":45495}},"locations":[{"start":{"line":2,"column":45469},"end":{"line":2,"column":45495}}]},"258":{"type":"branch","loc":{"start":{"line":2,"column":45643},"end":{"line":2,"column":46000}},"locations":[{"start":{"line":2,"column":45643},"end":{"line":2,"column":46000}}]},"259":{"type":"branch","loc":{"start":{"line":2,"column":46169},"end":{"line":2,"column":46269}},"locations":[{"start":{"line":2,"column":46169},"end":{"line":2,"column":46269}}]},"260":{"type":"branch","loc":{"start":{"line":2,"column":46304},"end":{"line":2,"column":46313}},"locations":[{"start":{"line":2,"column":46304},"end":{"line":2,"column":46313}}]},"261":{"type":"branch","loc":{"start":{"line":2,"column":46345},"end":{"line":2,"column":46538}},"locations":[{"start":{"line":2,"column":46345},"end":{"line":2,"column":46538}}]},"262":{"type":"branch","loc":{"start":{"line":2,"column":46695},"end":{"line":2,"column":46762}},"locations":[{"start":{"line":2,"column":46695},"end":{"line":2,"column":46762}}]},"263":{"type":"branch","loc":{"start":{"line":2,"column":46806},"end":{"line":2,"column":46811}},"locations":[{"start":{"line":2,"column":46806},"end":{"line":2,"column":46811}}]},"264":{"type":"branch","loc":{"start":{"line":2,"column":47174},"end":{"line":2,"column":47293}},"locations":[{"start":{"line":2,"column":47174},"end":{"line":2,"column":47293}}]},"265":{"type":"branch","loc":{"start":{"line":2,"column":48773},"end":{"line":2,"column":48825}},"locations":[{"start":{"line":2,"column":48773},"end":{"line":2,"column":48825}}]},"266":{"type":"branch","loc":{"start":{"line":2,"column":49306},"end":{"line":2,"column":49387}},"locations":[{"start":{"line":2,"column":49306},"end":{"line":2,"column":49387}}]},"267":{"type":"branch","loc":{"start":{"line":2,"column":49554},"end":{"line":2,"column":49578}},"locations":[{"start":{"line":2,"column":49554},"end":{"line":2,"column":49578}}]},"268":{"type":"branch","loc":{"start":{"line":2,"column":49611},"end":{"line":2,"column":49619}},"locations":[{"start":{"line":2,"column":49611},"end":{"line":2,"column":49619}}]},"269":{"type":"branch","loc":{"start":{"line":2,"column":49649},"end":{"line":2,"column":49655}},"locations":[{"start":{"line":2,"column":49649},"end":{"line":2,"column":49655}}]},"270":{"type":"branch","loc":{"start":{"line":2,"column":49860},"end":{"line":2,"column":49868}},"locations":[{"start":{"line":2,"column":49860},"end":{"line":2,"column":49868}}]},"271":{"type":"branch","loc":{"start":{"line":2,"column":50002},"end":{"line":2,"column":50011}},"locations":[{"start":{"line":2,"column":50002},"end":{"line":2,"column":50011}}]},"272":{"type":"branch","loc":{"start":{"line":2,"column":50171},"end":{"line":2,"column":50179}},"locations":[{"start":{"line":2,"column":50171},"end":{"line":2,"column":50179}}]},"273":{"type":"branch","loc":{"start":{"line":2,"column":50283},"end":{"line":2,"column":50290}},"locations":[{"start":{"line":2,"column":50283},"end":{"line":2,"column":50290}}]},"274":{"type":"branch","loc":{"start":{"line":2,"column":50406},"end":{"line":2,"column":50536}},"locations":[{"start":{"line":2,"column":50406},"end":{"line":2,"column":50536}}]},"275":{"type":"branch","loc":{"start":{"line":2,"column":50631},"end":{"line":2,"column":50688}},"locations":[{"start":{"line":2,"column":50631},"end":{"line":2,"column":50688}}]},"276":{"type":"branch","loc":{"start":{"line":2,"column":50692},"end":{"line":2,"column":50724}},"locations":[{"start":{"line":2,"column":50692},"end":{"line":2,"column":50724}}]},"277":{"type":"branch","loc":{"start":{"line":2,"column":50760},"end":{"line":2,"column":50893}},"locations":[{"start":{"line":2,"column":50760},"end":{"line":2,"column":50893}}]},"278":{"type":"branch","loc":{"start":{"line":2,"column":50897},"end":{"line":2,"column":50951}},"locations":[{"start":{"line":2,"column":50897},"end":{"line":2,"column":50951}}]},"279":{"type":"branch","loc":{"start":{"line":2,"column":50961},"end":{"line":2,"column":50963}},"locations":[{"start":{"line":2,"column":50961},"end":{"line":2,"column":50963}}]},"280":{"type":"branch","loc":{"start":{"line":2,"column":50987},"end":{"line":2,"column":51027}},"locations":[{"start":{"line":2,"column":50987},"end":{"line":2,"column":51027}}]},"281":{"type":"branch","loc":{"start":{"line":2,"column":51181},"end":{"line":2,"column":51320}},"locations":[{"start":{"line":2,"column":51181},"end":{"line":2,"column":51320}}]},"282":{"type":"branch","loc":{"start":{"line":2,"column":51466},"end":{"line":2,"column":51521}},"locations":[{"start":{"line":2,"column":51466},"end":{"line":2,"column":51521}}]},"283":{"type":"branch","loc":{"start":{"line":2,"column":51615},"end":{"line":2,"column":51619}},"locations":[{"start":{"line":2,"column":51615},"end":{"line":2,"column":51619}}]},"284":{"type":"branch","loc":{"start":{"line":2,"column":51739},"end":{"line":2,"column":51772}},"locations":[{"start":{"line":2,"column":51739},"end":{"line":2,"column":51772}}]},"285":{"type":"branch","loc":{"start":{"line":2,"column":52076},"end":{"line":2,"column":52104}},"locations":[{"start":{"line":2,"column":52076},"end":{"line":2,"column":52104}}]},"286":{"type":"branch","loc":{"start":{"line":2,"column":52180},"end":{"line":2,"column":52194}},"locations":[{"start":{"line":2,"column":52180},"end":{"line":2,"column":52194}}]},"287":{"type":"branch","loc":{"start":{"line":2,"column":52730},"end":{"line":2,"column":52970}},"locations":[{"start":{"line":2,"column":52730},"end":{"line":2,"column":52970}}]},"288":{"type":"branch","loc":{"start":{"line":2,"column":52994},"end":{"line":2,"column":53010}},"locations":[{"start":{"line":2,"column":52994},"end":{"line":2,"column":53010}}]},"289":{"type":"branch","loc":{"start":{"line":2,"column":53034},"end":{"line":2,"column":53049}},"locations":[{"start":{"line":2,"column":53034},"end":{"line":2,"column":53049}}]},"290":{"type":"branch","loc":{"start":{"line":2,"column":53073},"end":{"line":2,"column":53093}},"locations":[{"start":{"line":2,"column":53073},"end":{"line":2,"column":53093}}]},"291":{"type":"branch","loc":{"start":{"line":2,"column":53117},"end":{"line":2,"column":53132}},"locations":[{"start":{"line":2,"column":53117},"end":{"line":2,"column":53132}}]},"292":{"type":"branch","loc":{"start":{"line":2,"column":53156},"end":{"line":2,"column":53178}},"locations":[{"start":{"line":2,"column":53156},"end":{"line":2,"column":53178}}]},"293":{"type":"branch","loc":{"start":{"line":2,"column":53502},"end":{"line":2,"column":53576}},"locations":[{"start":{"line":2,"column":53502},"end":{"line":2,"column":53576}}]},"294":{"type":"branch","loc":{"start":{"line":2,"column":53752},"end":{"line":2,"column":53897}},"locations":[{"start":{"line":2,"column":53752},"end":{"line":2,"column":53897}}]},"295":{"type":"branch","loc":{"start":{"line":2,"column":55027},"end":{"line":2,"column":55060}},"locations":[{"start":{"line":2,"column":55027},"end":{"line":2,"column":55060}}]},"296":{"type":"branch","loc":{"start":{"line":2,"column":55122},"end":{"line":2,"column":55428}},"locations":[{"start":{"line":2,"column":55122},"end":{"line":2,"column":55428}}]},"297":{"type":"branch","loc":{"start":{"line":2,"column":55936},"end":{"line":2,"column":55941}},"locations":[{"start":{"line":2,"column":55936},"end":{"line":2,"column":55941}}]},"298":{"type":"branch","loc":{"start":{"line":2,"column":56184},"end":{"line":2,"column":56246}},"locations":[{"start":{"line":2,"column":56184},"end":{"line":2,"column":56246}}]},"299":{"type":"branch","loc":{"start":{"line":2,"column":56410},"end":{"line":2,"column":56415}},"locations":[{"start":{"line":2,"column":56410},"end":{"line":2,"column":56415}}]},"300":{"type":"branch","loc":{"start":{"line":2,"column":56753},"end":{"line":2,"column":56803}},"locations":[{"start":{"line":2,"column":56753},"end":{"line":2,"column":56803}}]},"301":{"type":"branch","loc":{"start":{"line":2,"column":56969},"end":{"line":2,"column":57054}},"locations":[{"start":{"line":2,"column":56969},"end":{"line":2,"column":57054}}]},"302":{"type":"branch","loc":{"start":{"line":2,"column":57170},"end":{"line":2,"column":57230}},"locations":[{"start":{"line":2,"column":57170},"end":{"line":2,"column":57230}}]},"303":{"type":"branch","loc":{"start":{"line":2,"column":57448},"end":{"line":2,"column":57496}},"locations":[{"start":{"line":2,"column":57448},"end":{"line":2,"column":57496}}]},"304":{"type":"branch","loc":{"start":{"line":2,"column":57670},"end":{"line":2,"column":57675}},"locations":[{"start":{"line":2,"column":57670},"end":{"line":2,"column":57675}}]},"305":{"type":"branch","loc":{"start":{"line":2,"column":57776},"end":{"line":2,"column":57781}},"locations":[{"start":{"line":2,"column":57776},"end":{"line":2,"column":57781}}]},"306":{"type":"branch","loc":{"start":{"line":2,"column":58122},"end":{"line":2,"column":58182}},"locations":[{"start":{"line":2,"column":58122},"end":{"line":2,"column":58182}}]},"307":{"type":"branch","loc":{"start":{"line":2,"column":58336},"end":{"line":2,"column":58341}},"locations":[{"start":{"line":2,"column":58336},"end":{"line":2,"column":58341}}]},"308":{"type":"branch","loc":{"start":{"line":2,"column":58522},"end":{"line":2,"column":58565}},"locations":[{"start":{"line":2,"column":58522},"end":{"line":2,"column":58565}}]},"309":{"type":"branch","loc":{"start":{"line":2,"column":58636},"end":{"line":2,"column":58655}},"locations":[{"start":{"line":2,"column":58636},"end":{"line":2,"column":58655}}]},"310":{"type":"branch","loc":{"start":{"line":2,"column":58676},"end":{"line":2,"column":58683}},"locations":[{"start":{"line":2,"column":58676},"end":{"line":2,"column":58683}}]},"311":{"type":"branch","loc":{"start":{"line":2,"column":58726},"end":{"line":2,"column":58842}},"locations":[{"start":{"line":2,"column":58726},"end":{"line":2,"column":58842}}]},"312":{"type":"branch","loc":{"start":{"line":2,"column":59043},"end":{"line":2,"column":59090}},"locations":[{"start":{"line":2,"column":59043},"end":{"line":2,"column":59090}}]},"313":{"type":"branch","loc":{"start":{"line":2,"column":59092},"end":{"line":2,"column":59153}},"locations":[{"start":{"line":2,"column":59092},"end":{"line":2,"column":59153}}]},"314":{"type":"branch","loc":{"start":{"line":2,"column":59176},"end":{"line":2,"column":59179}},"locations":[{"start":{"line":2,"column":59176},"end":{"line":2,"column":59179}}]},"315":{"type":"branch","loc":{"start":{"line":2,"column":60790},"end":{"line":2,"column":60830}},"locations":[{"start":{"line":2,"column":60790},"end":{"line":2,"column":60830}}]},"316":{"type":"branch","loc":{"start":{"line":2,"column":60907},"end":{"line":2,"column":60918}},"locations":[{"start":{"line":2,"column":60907},"end":{"line":2,"column":60918}}]},"317":{"type":"branch","loc":{"start":{"line":2,"column":61064},"end":{"line":2,"column":61077}},"locations":[{"start":{"line":2,"column":61064},"end":{"line":2,"column":61077}}]},"318":{"type":"branch","loc":{"start":{"line":2,"column":62445},"end":{"line":2,"column":62457}},"locations":[{"start":{"line":2,"column":62445},"end":{"line":2,"column":62457}}]},"319":{"type":"branch","loc":{"start":{"line":2,"column":62520},"end":{"line":2,"column":62531}},"locations":[{"start":{"line":2,"column":62520},"end":{"line":2,"column":62531}}]},"320":{"type":"branch","loc":{"start":{"line":2,"column":62954},"end":{"line":2,"column":62975}},"locations":[{"start":{"line":2,"column":62954},"end":{"line":2,"column":62975}}]},"321":{"type":"branch","loc":{"start":{"line":2,"column":63073},"end":{"line":2,"column":63082}},"locations":[{"start":{"line":2,"column":63073},"end":{"line":2,"column":63082}}]},"322":{"type":"branch","loc":{"start":{"line":2,"column":63295},"end":{"line":2,"column":63301}},"locations":[{"start":{"line":2,"column":63295},"end":{"line":2,"column":63301}}]},"323":{"type":"branch","loc":{"start":{"line":2,"column":63732},"end":{"line":2,"column":63740}},"locations":[{"start":{"line":2,"column":63732},"end":{"line":2,"column":63740}}]},"324":{"type":"branch","loc":{"start":{"line":2,"column":64108},"end":{"line":2,"column":64179}},"locations":[{"start":{"line":2,"column":64108},"end":{"line":2,"column":64179}}]},"325":{"type":"branch","loc":{"start":{"line":2,"column":64284},"end":{"line":2,"column":64462}},"locations":[{"start":{"line":2,"column":64284},"end":{"line":2,"column":64462}}]},"326":{"type":"branch","loc":{"start":{"line":2,"column":64507},"end":{"line":2,"column":64532}},"locations":[{"start":{"line":2,"column":64507},"end":{"line":2,"column":64532}}]},"327":{"type":"branch","loc":{"start":{"line":2,"column":64667},"end":{"line":2,"column":64679}},"locations":[{"start":{"line":2,"column":64667},"end":{"line":2,"column":64679}}]},"328":{"type":"branch","loc":{"start":{"line":2,"column":64721},"end":{"line":2,"column":64750}},"locations":[{"start":{"line":2,"column":64721},"end":{"line":2,"column":64750}}]},"329":{"type":"branch","loc":{"start":{"line":2,"column":64778},"end":{"line":2,"column":64789}},"locations":[{"start":{"line":2,"column":64778},"end":{"line":2,"column":64789}}]},"330":{"type":"branch","loc":{"start":{"line":2,"column":64808},"end":{"line":2,"column":64865}},"locations":[{"start":{"line":2,"column":64808},"end":{"line":2,"column":64865}}]},"331":{"type":"branch","loc":{"start":{"line":2,"column":65012},"end":{"line":2,"column":65308}},"locations":[{"start":{"line":2,"column":65012},"end":{"line":2,"column":65308}}]},"332":{"type":"branch","loc":{"start":{"line":2,"column":65367},"end":{"line":2,"column":65379}},"locations":[{"start":{"line":2,"column":65367},"end":{"line":2,"column":65379}}]},"333":{"type":"branch","loc":{"start":{"line":2,"column":65442},"end":{"line":2,"column":65460}},"locations":[{"start":{"line":2,"column":65442},"end":{"line":2,"column":65460}}]},"334":{"type":"branch","loc":{"start":{"line":2,"column":65857},"end":{"line":2,"column":65879}},"locations":[{"start":{"line":2,"column":65857},"end":{"line":2,"column":65879}}]},"335":{"type":"branch","loc":{"start":{"line":2,"column":66002},"end":{"line":2,"column":66016}},"locations":[{"start":{"line":2,"column":66002},"end":{"line":2,"column":66016}}]},"336":{"type":"branch","loc":{"start":{"line":2,"column":66113},"end":{"line":2,"column":66124}},"locations":[{"start":{"line":2,"column":66113},"end":{"line":2,"column":66124}}]},"337":{"type":"branch","loc":{"start":{"line":2,"column":66193},"end":{"line":2,"column":66286}},"locations":[{"start":{"line":2,"column":66193},"end":{"line":2,"column":66286}}]},"338":{"type":"branch","loc":{"start":{"line":2,"column":66390},"end":{"line":2,"column":66609}},"locations":[{"start":{"line":2,"column":66390},"end":{"line":2,"column":66609}}]},"339":{"type":"branch","loc":{"start":{"line":2,"column":66611},"end":{"line":2,"column":66642}},"locations":[{"start":{"line":2,"column":66611},"end":{"line":2,"column":66642}}]},"340":{"type":"branch","loc":{"start":{"line":2,"column":66646},"end":{"line":2,"column":66665}},"locations":[{"start":{"line":2,"column":66646},"end":{"line":2,"column":66665}}]},"341":{"type":"branch","loc":{"start":{"line":2,"column":66724},"end":{"line":2,"column":66736}},"locations":[{"start":{"line":2,"column":66724},"end":{"line":2,"column":66736}}]},"342":{"type":"branch","loc":{"start":{"line":2,"column":66807},"end":{"line":2,"column":66825}},"locations":[{"start":{"line":2,"column":66807},"end":{"line":2,"column":66825}}]},"343":{"type":"branch","loc":{"start":{"line":2,"column":67054},"end":{"line":2,"column":67080}},"locations":[{"start":{"line":2,"column":67054},"end":{"line":2,"column":67080}}]},"344":{"type":"branch","loc":{"start":{"line":2,"column":67202},"end":{"line":2,"column":67266}},"locations":[{"start":{"line":2,"column":67202},"end":{"line":2,"column":67266}}]},"345":{"type":"branch","loc":{"start":{"line":2,"column":67482},"end":{"line":2,"column":67727}},"locations":[{"start":{"line":2,"column":67482},"end":{"line":2,"column":67727}}]},"346":{"type":"branch","loc":{"start":{"line":2,"column":67800},"end":{"line":2,"column":68002}},"locations":[{"start":{"line":2,"column":67800},"end":{"line":2,"column":68002}}]},"347":{"type":"branch","loc":{"start":{"line":2,"column":68381},"end":{"line":2,"column":68437}},"locations":[{"start":{"line":2,"column":68381},"end":{"line":2,"column":68437}}]},"348":{"type":"branch","loc":{"start":{"line":2,"column":68455},"end":{"line":2,"column":68481}},"locations":[{"start":{"line":2,"column":68455},"end":{"line":2,"column":68481}}]},"349":{"type":"branch","loc":{"start":{"line":2,"column":68523},"end":{"line":2,"column":68528}},"locations":[{"start":{"line":2,"column":68523},"end":{"line":2,"column":68528}}]},"350":{"type":"branch","loc":{"start":{"line":2,"column":68601},"end":{"line":2,"column":68691}},"locations":[{"start":{"line":2,"column":68601},"end":{"line":2,"column":68691}}]},"351":{"type":"branch","loc":{"start":{"line":2,"column":68708},"end":{"line":2,"column":68723}},"locations":[{"start":{"line":2,"column":68708},"end":{"line":2,"column":68723}}]},"352":{"type":"branch","loc":{"start":{"line":2,"column":68891},"end":{"line":2,"column":69011}},"locations":[{"start":{"line":2,"column":68891},"end":{"line":2,"column":69011}}]},"353":{"type":"branch","loc":{"start":{"line":2,"column":69020},"end":{"line":2,"column":69062}},"locations":[{"start":{"line":2,"column":69020},"end":{"line":2,"column":69062}}]},"354":{"type":"branch","loc":{"start":{"line":2,"column":69616},"end":{"line":2,"column":69651}},"locations":[{"start":{"line":2,"column":69616},"end":{"line":2,"column":69651}}]},"355":{"type":"branch","loc":{"start":{"line":2,"column":69723},"end":{"line":2,"column":69737}},"locations":[{"start":{"line":2,"column":69723},"end":{"line":2,"column":69737}}]},"356":{"type":"branch","loc":{"start":{"line":2,"column":70013},"end":{"line":2,"column":70018}},"locations":[{"start":{"line":2,"column":70013},"end":{"line":2,"column":70018}}]},"357":{"type":"branch","loc":{"start":{"line":2,"column":70192},"end":{"line":2,"column":70258}},"locations":[{"start":{"line":2,"column":70192},"end":{"line":2,"column":70258}}]},"358":{"type":"branch","loc":{"start":{"line":2,"column":70336},"end":{"line":2,"column":70347}},"locations":[{"start":{"line":2,"column":70336},"end":{"line":2,"column":70347}}]},"359":{"type":"branch","loc":{"start":{"line":2,"column":70435},"end":{"line":2,"column":70508}},"locations":[{"start":{"line":2,"column":70435},"end":{"line":2,"column":70508}}]},"360":{"type":"branch","loc":{"start":{"line":2,"column":70540},"end":{"line":2,"column":70567}},"locations":[{"start":{"line":2,"column":70540},"end":{"line":2,"column":70567}}]},"361":{"type":"branch","loc":{"start":{"line":2,"column":71927},"end":{"line":2,"column":71937}},"locations":[{"start":{"line":2,"column":71927},"end":{"line":2,"column":71937}}]},"362":{"type":"branch","loc":{"start":{"line":2,"column":72033},"end":{"line":2,"column":72057}},"locations":[{"start":{"line":2,"column":72033},"end":{"line":2,"column":72057}}]},"363":{"type":"branch","loc":{"start":{"line":2,"column":72127},"end":{"line":2,"column":72143}},"locations":[{"start":{"line":2,"column":72127},"end":{"line":2,"column":72143}}]},"364":{"type":"branch","loc":{"start":{"line":2,"column":72209},"end":{"line":2,"column":72284}},"locations":[{"start":{"line":2,"column":72209},"end":{"line":2,"column":72284}}]},"365":{"type":"branch","loc":{"start":{"line":2,"column":72340},"end":{"line":2,"column":72367}},"locations":[{"start":{"line":2,"column":72340},"end":{"line":2,"column":72367}}]},"366":{"type":"branch","loc":{"start":{"line":2,"column":72493},"end":{"line":2,"column":72503}},"locations":[{"start":{"line":2,"column":72493},"end":{"line":2,"column":72503}}]},"367":{"type":"branch","loc":{"start":{"line":2,"column":72642},"end":{"line":2,"column":72704}},"locations":[{"start":{"line":2,"column":72642},"end":{"line":2,"column":72704}}]},"368":{"type":"branch","loc":{"start":{"line":2,"column":72918},"end":{"line":2,"column":73029}},"locations":[{"start":{"line":2,"column":72918},"end":{"line":2,"column":73029}}]},"369":{"type":"branch","loc":{"start":{"line":2,"column":73252},"end":{"line":2,"column":73260}},"locations":[{"start":{"line":2,"column":73252},"end":{"line":2,"column":73260}}]},"370":{"type":"branch","loc":{"start":{"line":2,"column":73557},"end":{"line":2,"column":73581}},"locations":[{"start":{"line":2,"column":73557},"end":{"line":2,"column":73581}}]},"371":{"type":"branch","loc":{"start":{"line":2,"column":73630},"end":{"line":2,"column":73646}},"locations":[{"start":{"line":2,"column":73630},"end":{"line":2,"column":73646}}]},"372":{"type":"branch","loc":{"start":{"line":2,"column":74083},"end":{"line":2,"column":74352}},"locations":[{"start":{"line":2,"column":74083},"end":{"line":2,"column":74352}}]},"373":{"type":"branch","loc":{"start":{"line":2,"column":74356},"end":{"line":2,"column":74390}},"locations":[{"start":{"line":2,"column":74356},"end":{"line":2,"column":74390}}]},"374":{"type":"branch","loc":{"start":{"line":2,"column":74437},"end":{"line":2,"column":74463}},"locations":[{"start":{"line":2,"column":74437},"end":{"line":2,"column":74463}}]},"375":{"type":"branch","loc":{"start":{"line":2,"column":74711},"end":{"line":2,"column":74764}},"locations":[{"start":{"line":2,"column":74711},"end":{"line":2,"column":74764}}]},"376":{"type":"branch","loc":{"start":{"line":2,"column":74768},"end":{"line":2,"column":74801}},"locations":[{"start":{"line":2,"column":74768},"end":{"line":2,"column":74801}}]},"377":{"type":"branch","loc":{"start":{"line":2,"column":74803},"end":{"line":2,"column":75541}},"locations":[{"start":{"line":2,"column":74803},"end":{"line":2,"column":75541}}]},"378":{"type":"branch","loc":{"start":{"line":2,"column":75568},"end":{"line":2,"column":75638}},"locations":[{"start":{"line":2,"column":75568},"end":{"line":2,"column":75638}}]},"379":{"type":"branch","loc":{"start":{"line":2,"column":80032},"end":{"line":2,"column":80041}},"locations":[{"start":{"line":2,"column":80032},"end":{"line":2,"column":80041}}]},"380":{"type":"branch","loc":{"start":{"line":2,"column":80084},"end":{"line":2,"column":80095}},"locations":[{"start":{"line":2,"column":80084},"end":{"line":2,"column":80095}}]},"381":{"type":"branch","loc":{"start":{"line":2,"column":80143},"end":{"line":2,"column":80187}},"locations":[{"start":{"line":2,"column":80143},"end":{"line":2,"column":80187}}]},"382":{"type":"branch","loc":{"start":{"line":2,"column":80323},"end":{"line":2,"column":80342}},"locations":[{"start":{"line":2,"column":80323},"end":{"line":2,"column":80342}}]},"383":{"type":"branch","loc":{"start":{"line":2,"column":80446},"end":{"line":2,"column":80459}},"locations":[{"start":{"line":2,"column":80446},"end":{"line":2,"column":80459}}]},"384":{"type":"branch","loc":{"start":{"line":2,"column":80639},"end":{"line":2,"column":80661}},"locations":[{"start":{"line":2,"column":80639},"end":{"line":2,"column":80661}}]},"385":{"type":"branch","loc":{"start":{"line":2,"column":80917},"end":{"line":2,"column":80928}},"locations":[{"start":{"line":2,"column":80917},"end":{"line":2,"column":80928}}]},"386":{"type":"branch","loc":{"start":{"line":2,"column":81096},"end":{"line":2,"column":81102}},"locations":[{"start":{"line":2,"column":81096},"end":{"line":2,"column":81102}}]},"387":{"type":"branch","loc":{"start":{"line":2,"column":81192},"end":{"line":2,"column":81200}},"locations":[{"start":{"line":2,"column":81192},"end":{"line":2,"column":81200}}]},"388":{"type":"branch","loc":{"start":{"line":2,"column":81306},"end":{"line":2,"column":81331}},"locations":[{"start":{"line":2,"column":81306},"end":{"line":2,"column":81331}}]},"389":{"type":"branch","loc":{"start":{"line":2,"column":81376},"end":{"line":2,"column":81400}},"locations":[{"start":{"line":2,"column":81376},"end":{"line":2,"column":81400}}]},"390":{"type":"branch","loc":{"start":{"line":2,"column":81479},"end":{"line":2,"column":81542}},"locations":[{"start":{"line":2,"column":81479},"end":{"line":2,"column":81542}}]},"391":{"type":"branch","loc":{"start":{"line":2,"column":81552},"end":{"line":2,"column":81669}},"locations":[{"start":{"line":2,"column":81552},"end":{"line":2,"column":81669}}]},"392":{"type":"branch","loc":{"start":{"line":2,"column":82695},"end":{"line":2,"column":82713}},"locations":[{"start":{"line":2,"column":82695},"end":{"line":2,"column":82713}}]},"393":{"type":"branch","loc":{"start":{"line":2,"column":82763},"end":{"line":2,"column":82957}},"locations":[{"start":{"line":2,"column":82763},"end":{"line":2,"column":82957}}]},"394":{"type":"branch","loc":{"start":{"line":2,"column":82994},"end":{"line":2,"column":83023}},"locations":[{"start":{"line":2,"column":82994},"end":{"line":2,"column":83023}}]},"395":{"type":"branch","loc":{"start":{"line":2,"column":83096},"end":{"line":2,"column":83123}},"locations":[{"start":{"line":2,"column":83096},"end":{"line":2,"column":83123}}]},"396":{"type":"branch","loc":{"start":{"line":2,"column":83423},"end":{"line":2,"column":83505}},"locations":[{"start":{"line":2,"column":83423},"end":{"line":2,"column":83505}}]},"397":{"type":"branch","loc":{"start":{"line":2,"column":83576},"end":{"line":2,"column":83608}},"locations":[{"start":{"line":2,"column":83576},"end":{"line":2,"column":83608}}]},"398":{"type":"branch","loc":{"start":{"line":2,"column":84283},"end":{"line":2,"column":84434}},"locations":[{"start":{"line":2,"column":84283},"end":{"line":2,"column":84434}}]},"399":{"type":"branch","loc":{"start":{"line":2,"column":84782},"end":{"line":2,"column":84793}},"locations":[{"start":{"line":2,"column":84782},"end":{"line":2,"column":84793}}]},"400":{"type":"branch","loc":{"start":{"line":2,"column":85182},"end":{"line":2,"column":85207}},"locations":[{"start":{"line":2,"column":85182},"end":{"line":2,"column":85207}}]},"401":{"type":"branch","loc":{"start":{"line":2,"column":85281},"end":{"line":2,"column":85302}},"locations":[{"start":{"line":2,"column":85281},"end":{"line":2,"column":85302}}]},"402":{"type":"branch","loc":{"start":{"line":2,"column":85820},"end":{"line":2,"column":85842}},"locations":[{"start":{"line":2,"column":85820},"end":{"line":2,"column":85842}}]},"403":{"type":"branch","loc":{"start":{"line":2,"column":86137},"end":{"line":2,"column":86147}},"locations":[{"start":{"line":2,"column":86137},"end":{"line":2,"column":86147}}]},"404":{"type":"branch","loc":{"start":{"line":2,"column":86646},"end":{"line":2,"column":86660}},"locations":[{"start":{"line":2,"column":86646},"end":{"line":2,"column":86660}}]},"405":{"type":"branch","loc":{"start":{"line":2,"column":86794},"end":{"line":2,"column":86901}},"locations":[{"start":{"line":2,"column":86794},"end":{"line":2,"column":86901}}]},"406":{"type":"branch","loc":{"start":{"line":2,"column":87105},"end":{"line":2,"column":87177}},"locations":[{"start":{"line":2,"column":87105},"end":{"line":2,"column":87177}}]},"407":{"type":"branch","loc":{"start":{"line":2,"column":87250},"end":{"line":2,"column":87379}},"locations":[{"start":{"line":2,"column":87250},"end":{"line":2,"column":87379}}]},"408":{"type":"branch","loc":{"start":{"line":2,"column":87790},"end":{"line":2,"column":87901}},"locations":[{"start":{"line":2,"column":87790},"end":{"line":2,"column":87901}}]},"409":{"type":"branch","loc":{"start":{"line":2,"column":87933},"end":{"line":2,"column":87954}},"locations":[{"start":{"line":2,"column":87933},"end":{"line":2,"column":87954}}]},"410":{"type":"branch","loc":{"start":{"line":2,"column":87997},"end":{"line":2,"column":88005}},"locations":[{"start":{"line":2,"column":87997},"end":{"line":2,"column":88005}}]},"411":{"type":"branch","loc":{"start":{"line":2,"column":88045},"end":{"line":2,"column":88055}},"locations":[{"start":{"line":2,"column":88045},"end":{"line":2,"column":88055}}]},"412":{"type":"branch","loc":{"start":{"line":2,"column":88097},"end":{"line":2,"column":88109}},"locations":[{"start":{"line":2,"column":88097},"end":{"line":2,"column":88109}}]},"413":{"type":"branch","loc":{"start":{"line":2,"column":88192},"end":{"line":2,"column":88199}},"locations":[{"start":{"line":2,"column":88192},"end":{"line":2,"column":88199}}]},"414":{"type":"branch","loc":{"start":{"line":2,"column":88256},"end":{"line":2,"column":88542}},"locations":[{"start":{"line":2,"column":88256},"end":{"line":2,"column":88542}}]},"415":{"type":"branch","loc":{"start":{"line":2,"column":88558},"end":{"line":2,"column":88614}},"locations":[{"start":{"line":2,"column":88558},"end":{"line":2,"column":88614}}]},"416":{"type":"branch","loc":{"start":{"line":2,"column":88811},"end":{"line":2,"column":88824}},"locations":[{"start":{"line":2,"column":88811},"end":{"line":2,"column":88824}}]},"417":{"type":"branch","loc":{"start":{"line":2,"column":88864},"end":{"line":2,"column":89003}},"locations":[{"start":{"line":2,"column":88864},"end":{"line":2,"column":89003}}]},"418":{"type":"branch","loc":{"start":{"line":2,"column":89091},"end":{"line":2,"column":89099}},"locations":[{"start":{"line":2,"column":89091},"end":{"line":2,"column":89099}}]},"419":{"type":"branch","loc":{"start":{"line":2,"column":89151},"end":{"line":2,"column":89177}},"locations":[{"start":{"line":2,"column":89151},"end":{"line":2,"column":89177}}]},"420":{"type":"branch","loc":{"start":{"line":2,"column":89231},"end":{"line":2,"column":89275}},"locations":[{"start":{"line":2,"column":89231},"end":{"line":2,"column":89275}}]},"421":{"type":"branch","loc":{"start":{"line":2,"column":89345},"end":{"line":3,"column":0}},"locations":[{"start":{"line":2,"column":89345},"end":{"line":3,"column":0}}]}},"b":{"0":[1],"1":[1],"2":[1],"3":[1],"4":[1],"5":[1],"6":[1],"7":[1],"8":[1],"9":[1],"10":[1],"11":[1],"12":[1],"13":[1],"14":[1],"15":[1],"16":[1],"17":[1],"18":[1],"19":[1],"20":[1],"21":[1],"22":[1],"23":[1],"24":[1],"25":[1],"26":[1],"27":[1],"28":[1],"29":[1],"30":[1],"31":[1],"32":[1],"33":[1],"34":[1],"35":[1],"36":[1],"37":[1],"38":[1],"39":[1],"40":[1],"41":[1],"42":[1],"43":[1],"44":[1],"45":[1],"46":[1],"47":[1],"48":[1],"49":[1],"50":[1],"51":[1],"52":[1],"53":[1],"54":[1],"55":[1],"56":[1],"57":[1],"58":[1],"59":[1],"60":[1],"61":[1],"62":[1],"63":[1],"64":[1],"65":[1],"66":[1],"67":[1],"68":[1],"69":[1],"70":[1],"71":[1],"72":[1],"73":[1],"74":[1],"75":[1],"76":[1],"77":[1],"78":[1],"79":[1],"80":[1],"81":[1],"82":[1],"83":[1],"84":[1],"85":[1],"86":[1],"87":[1],"88":[1],"89":[1],"90":[1],"91":[1],"92":[1],"93":[1],"94":[1],"95":[1],"96":[1],"97":[1],"98":[1],"99":[1],"100":[1],"101":[1],"102":[1],"103":[1],"104":[1],"105":[1],"106":[1],"107":[1],"108":[1],"109":[1],"110":[1],"111":[1],"112":[1],"113":[1],"114":[1],"115":[1],"116":[1],"117":[1],"118":[1],"119":[1],"120":[1],"121":[1],"122":[1],"123":[1],"124":[1],"125":[1],"126":[1],"127":[1],"128":[1],"129":[1],"130":[1],"131":[1],"132":[1],"133":[1],"134":[1],"135":[1],"136":[1],"137":[1],"138":[1],"139":[1],"140":[1],"141":[1],"142":[1],"143":[1],"144":[1],"145":[1],"146":[1],"147":[1],"148":[1],"149":[1],"150":[1],"151":[1],"152":[1],"153":[1],"154":[1],"155":[1],"156":[1],"157":[1],"158":[1],"159":[1],"160":[1],"161":[1],"162":[1],"163":[1],"164":[1],"165":[1],"166":[1],"167":[1],"168":[1],"169":[1],"170":[1],"171":[1],"172":[1],"173":[1],"174":[1],"175":[1],"176":[1],"177":[1],"178":[1],"179":[1],"180":[1],"181":[1],"182":[1],"183":[1],"184":[1],"185":[1],"186":[1],"187":[1],"188":[1],"189":[1],"190":[1],"191":[1],"192":[1],"193":[1],"194":[1],"195":[1],"196":[1],"197":[1],"198":[1],"199":[1],"200":[1],"201":[1],"202":[1],"203":[1],"204":[1],"205":[1],"206":[1],"207":[1],"208":[1],"209":[1],"210":[1],"211":[1],"212":[1],"213":[1],"214":[1],"215":[1],"216":[1],"217":[1],"218":[1],"219":[1],"220":[1],"221":[1],"222":[1],"223":[1],"224":[1],"225":[1],"226":[1],"227":[1],"228":[1],"229":[1],"230":[1],"231":[1],"232":[1],"233":[1],"234":[1],"235":[1],"236":[1],"237":[1],"238":[1],"239":[1],"240":[1],"241":[1],"242":[1],"243":[1],"244":[1],"245":[1],"246":[1],"247":[1],"248":[1],"249":[1],"250":[1],"251":[1],"252":[1],"253":[1],"254":[1],"255":[1],"256":[1],"257":[1],"258":[1],"259":[1],"260":[1],"261":[1],"262":[1],"263":[1],"264":[1],"265":[1],"266":[1],"267":[1],"268":[1],"269":[1],"270":[1],"271":[1],"272":[1],"273":[1],"274":[1],"275":[1],"276":[1],"277":[1],"278":[1],"279":[1],"280":[1],"281":[1],"282":[1],"283":[1],"284":[1],"285":[1],"286":[1],"287":[1],"288":[1],"289":[1],"290":[1],"291":[1],"292":[1],"293":[1],"294":[1],"295":[1],"296":[1],"297":[1],"298":[1],"299":[1],"300":[1],"301":[1],"302":[1],"303":[1],"304":[1],"305":[1],"306":[1],"307":[1],"308":[1],"309":[1],"310":[1],"311":[1],"312":[1],"313":[1],"314":[1],"315":[1],"316":[1],"317":[1],"318":[1],"319":[1],"320":[1],"321":[1],"322":[1],"323":[1],"324":[1],"325":[1],"326":[1],"327":[1],"328":[1],"329":[1],"330":[1],"331":[1],"332":[1],"333":[1],"334":[1],"335":[1],"336":[1],"337":[1],"338":[1],"339":[1],"340":[1],"341":[1],"342":[1],"343":[1],"344":[1],"345":[1],"346":[1],"347":[1],"348":[1],"349":[1],"350":[1],"351":[1],"352":[1],"353":[1],"354":[1],"355":[1],"356":[1],"357":[1],"358":[1],"359":[1],"360":[1],"361":[1],"362":[1],"363":[1],"364":[1],"365":[1],"366":[1],"367":[1],"368":[1],"369":[1],"370":[1],"371":[1],"372":[1],"373":[1],"374":[1],"375":[1],"376":[1],"377":[1],"378":[1],"379":[1],"380":[1],"381":[1],"382":[1],"383":[1],"384":[1],"385":[1],"386":[1],"387":[1],"388":[1],"389":[1],"390":[1],"391":[1],"392":[1],"393":[1],"394":[1],"395":[1],"396":[1],"397":[1],"398":[1],"399":[1],"400":[1],"401":[
[...]
,"column":0},"end":{"line":154,"column":14}},"154":{"start":{"line":155,"column":0},"end":{"line":155,"column":22}},"155":{"start":{"line":156,"column":0},"end":{"line":156,"column":1}},"156":{"start":{"line":157,"column":0},"end":{"line":157,"column":29}},"157":{"start":{"line":158,"column":0},"end":{"line":158,"column":16}},"158":{"start":{"line":159,"column":0},"end":{"line":159,"column":22}},"159":{"start":{"line":160,"column":0},"end":{"line":160,"column":13}},"160":{"start":{"line":161,"column":0},"end":{"line":161,"column":1}},"161":{"start":{"line":162,"column":0},"end":{"line":162,"column":13}},"162":{"start":{"line":163,"column":0},"end":{"line":163,"column":16}},"163":{"start":{"line":164,"column":0},"end":{"line":164,"column":22}},"164":{"start":{"line":165,"column":0},"end":{"line":165,"column":26}},"165":{"start":{"line":166,"column":0},"end":{"line":166,"column":13}},"166":{"start":{"line":167,"column":0},"end":{"line":167,"column":21}},"167":{"start":{"line":168,"column":0},"end":{"line":168,"column":26}},"168":{"start":{"line":169,"column":0},"end":{"line":169,"column":38}},"169":{"start":{"line":170,"column":0},"end":{"line":170,"column":15}},"170":{"start":{"line":171,"column":0},"end":{"line":171,"column":18}},"171":{"start":{"line":172,"column":0},"end":{"line":172,"column":18}},"172":{"start":{"line":173,"column":0},"end":{"line":173,"column":1}},"173":{"start":{"line":174,"column":0},"end":{"line":174,"column":12}},"174":{"start":{"line":175,"column":0},"end":{"line":175,"column":20}},"175":{"start":{"line":176,"column":0},"end":{"line":176,"column":20}},"176":{"start":{"line":177,"column":0},"end":{"line":177,"column":14}},"177":{"start":{"line":178,"column":0},"end":{"line":178,"column":26}},"178":{"start":{"line":179,"column":0},"end":{"line":179,"column":21}},"179":{"start":{"line":180,"column":0},"end":{"line":180,"column":39}},"180":{"start":{"line":181,"column":0},"end":{"line":181,"column":20}},"181":{"start":{"line":182,"column":0},"end":{"line":182,"column":18}},"182":{"start":{"line":183,"column":0},"end":{"line":183,"column":1}},"183":{"start":{"line":184,"column":0},"end":{"line":184,"column":18}},"184":{"start":{"line":185,"column":0},"end":{"line":185,"column":39}},"185":{"start":{"line":186,"column":0},"end":{"line":186,"column":27}},"186":{"start":{"line":187,"column":0},"end":{"line":187,"column":42}},"187":{"start":{"line":188,"column":0},"end":{"line":188,"column":1}},"188":{"start":{"line":189,"column":0},"end":{"line":189,"column":15}},"189":{"start":{"line":190,"column":0},"end":{"line":190,"column":21}},"190":{"start":{"line":191,"column":0},"end":{"line":191,"column":18}},"191":{"start":{"line":192,"column":0},"end":{"line":192,"column":1}},"192":{"start":{"line":193,"column":0},"end":{"line":193,"column":0}},"193":{"start":{"line":194,"column":0},"end":{"line":194,"column":29}},"194":{"start":{"line":195,"column":0},"end":{"line":195,"column":24}},"195":{"start":{"line":196,"column":0},"end":{"line":196,"column":16}},"196":{"start":{"line":197,"column":0},"end":{"line":197,"column":22}},"197":{"start":{"line":198,"column":0},"end":{"line":198,"column":13}},"198":{"start":{"line":199,"column":0},"end":{"line":199,"column":1}},"199":{"start":{"line":200,"column":0},"end":{"line":200,"column":0}},"200":{"start":{"line":201,"column":0},"end":{"line":201,"column":6}},"201":{"start":{"line":202,"column":0},"end":{"line":202,"column":16}},"202":{"start":{"line":203,"column":0},"end":{"line":203,"column":22}},"203":{"start":{"line":204,"column":0},"end":{"line":204,"column":26}},"204":{"start":{"line":205,"column":0},"end":{"line":205,"column":26}},"205":{"start":{"line":206,"column":0},"end":{"line":206,"column":21}},"206":{"start":{"line":207,"column":0},"end":{"line":207,"column":26}},"207":{"start":{"line":208,"column":0},"end":{"line":208,"column":13}},"208":{"start":{"line":209,"column":0},"end":{"line":209,"column":15}},"209":{"start":{"line":210,"column":0},"end":{"line":210,"column":20}},"210":{"start":{"line":211,"column":0},"end":{"line":211,"column":18}},"211":{"start":{"line":212,"column":0},"end":{"line":212,"column":1}},"212":{"start":{"line":213,"column":0},"end":{"line":213,"column":12}},"213":{"start":{"line":214,"column":0},"end":{"line":214,"column":27}},"214":{"start":{"line":215,"column":0},"end":{"line":215,"column":42}},"215":{"start":{"line":216,"column":0},"end":{"line":216,"column":1}},"216":{"start":{"line":217,"column":0},"end":{"line":217,"column":0}},"217":{"start":{"line":218,"column":0},"end":{"line":218,"column":8}},"218":{"start":{"line":219,"column":0},"end":{"line":219,"column":14}},"219":{"start":{"line":220,"column":0},"end":{"line":220,"column":14}},"220":{"start":{"line":221,"column":0},"end":{"line":221,"column":26}},"221":{"start":{"line":222,"column":0},"end":{"line":222,"column":1}},"222":{"start":{"line":223,"column":0},"end":{"line":223,"column":17}},"223":{"start":{"line":224,"column":0},"end":{"line":224,"column":19}},"224":{"start":{"line":225,"column":0},"end":{"line":225,"column":13}},"225":{"start":{"line":226,"column":0},"end":{"line":226,"column":26}},"226":{"start":{"line":227,"column":0},"end":{"line":227,"column":21}},"227":{"start":{"line":228,"column":0},"end":{"line":228,"column":1}},"228":{"start":{"line":229,"column":0},"end":{"line":229,"column":22}},"229":{"start":{"line":230,"column":0},"end":{"line":230,"column":19}},"230":{"start":{"line":231,"column":0},"end":{"line":231,"column":1}},"231":{"start":{"line":232,"column":0},"end":{"line":232,"column":6}},"232":{"start":{"line":233,"column":0},"end":{"line":233,"column":20}},"233":{"start":{"line":234,"column":0},"end":{"line":234,"column":29}},"234":{"start":{"line":235,"column":0},"end":{"line":235,"column":1}},"235":{"start":{"line":236,"column":0},"end":{"line":236,"column":18}},"236":{"start":{"line":237,"column":0},"end":{"line":237,"column":19}},"237":{"start":{"line":238,"column":0},"end":{"line":238,"column":21}},"238":{"start":{"line":239,"column":0},"end":{"line":239,"column":13}},"239":{"start":{"line":240,"column":0},"end":{"line":240,"column":14}},"240":{"start":{"line":241,"column":0},"end":{"line":241,"column":26}},"241":{"start":{"line":242,"column":0},"end":{"line":242,"column":21}},"242":{"start":{"line":243,"column":0},"end":{"line":243,"column":1}},"243":{"start":{"line":244,"column":0},"end":{"line":244,"column":15}},"244":{"start":{"line":245,"column":0},"end":{"line":245,"column":24}},"245":{"start":{"line":246,"column":0},"end":{"line":246,"column":21}},"246":{"start":{"line":247,"column":0},"end":{"line":247,"column":14}},"247":{"start":{"line":248,"column":0},"end":{"line":248,"column":15}},"248":{"start":{"line":249,"column":0},"end":{"line":249,"column":1}},"249":{"start":{"line":250,"column":0},"end":{"line":250,"column":19}},"250":{"start":{"line":251,"column":0},"end":{"line":251,"column":21}},"251":{"start":{"line":252,"column":0},"end":{"line":252,"column":12}},"252":{"start":{"line":253,"column":0},"end":{"line":253,"column":14}},"253":{"start":{"line":254,"column":0},"end":{"line":254,"column":15}},"254":{"start":{"line":255,"column":0},"end":{"line":255,"column":21}},"255":{"start":{"line":256,"column":0},"end":{"line":256,"column":33}},"256":{"start":{"line":257,"column":0},"end":{"line":257,"column":54}},"257":{"start":{"line":258,"column":0},"end":{"line":258,"column":1}},"258":{"start":{"line":259,"column":0},"end":{"line":259,"column":32}},"259":{"start":{"line":260,"column":0},"end":{"line":260,"column":12}},"260":{"start":{"line":261,"column":0},"end":{"line":261,"column":41}},"261":{"start":{"line":262,"column":0},"end":{"line":262,"column":1}},"262":{"start":{"line":263,"column":0},"end":{"line":263,"column":32}},"263":{"start":{"line":264,"column":0},"end":{"line":264,"column":12}},"264":{"start":{"line":265,"column":0},"end":{"line":265,"column":41}},"265":{"start":{"line":266,"column":0},"end":{"line":266,"column":1}},"266":{"start":{"line":267,"column":0},"end":{"line":267,"column":32}},"267":{"start":{"line":268,"column":0},"end":{"line":268,"column":13}},"268":{"start":{"line":269,"column":0},"end":{"line":269,"column":41}},"269":{"start":{"line":270,"column":0},"end":{"line":270,"column":1}},"270":{"start":{"line":271,"column":0},"end":{"line":271,"column":32}},"271":{"start":{"line":272,"column":0},"end":{"line":272,"column":13}},"272":{"start":{"line":273,"column":0},"end":{"line":273,"column":41}},"273":{"start":{"line":274,"column":0},"end":{"line":274,"column":1}},"274":{"start":{"line":275,"column":0},"end":{"line":275,"column":26}},"275":{"start":{"line":276,"column":0},"end":{"line":276,"column":6}},"276":{"start":{"line":277,"column":0},"end":{"line":277,"column":24}},"277":{"start":{"line":278,"column":0},"end":{"line":278,"column":3}},"278":{"start":{"line":279,"column":0},"end":{"line":279,"column":8}},"279":{"start":{"line":280,"column":0},"end":{"line":280,"column":24}},"280":{"start":{"line":281,"column":0},"end":{"line":281,"column":3}},"281":{"start":{"line":282,"column":0},"end":{"line":282,"column":1}},"282":{"start":{"line":283,"column":0},"end":{"line":283,"column":26}},"283":{"start":{"line":284,"column":0},"end":{"line":284,"column":6}},"284":{"start":{"line":285,"column":0},"end":{"line":285,"column":24}},"285":{"start":{"line":286,"column":0},"end":{"line":286,"column":3}},"286":{"start":{"line":287,"column":0},"end":{"line":287,"column":8}},"287":{"start":{"line":288,"column":0},"end":{"line":288,"column":24}},"288":{"start":{"line":289,"column":0},"end":{"line":289,"column":3}},"289":{"start":{"line":290,"column":0},"end":{"line":290,"column":1}},"290":{"start":{"line":291,"column":0},"end":{"line":291,"column":26}},"291":{"start":{"line":292,"column":0},"end":{"line":292,"column":6}},"292":{"start":{"line":293,"column":0},"end":{"line":293,"column":31}},"293":{"start":{"line":294,"column":0},"end":{"line":294,"column":3}},"294":{"start":{"line":295,"column":0},"end":{"line":295,"column":8}},"295":{"start":{"line":296,"column":0},"end":{"line":296,"column":34}},"296":{"start":{"line":297,"column":0},"end":{"line":297,"column":3}},"297":{"start":{"line":298,"column":0},"end":{"line":298,"column":1}},"298":{"start":{"line":299,"column":0},"end":{"line":299,"column":0}}},"s":{"0":0,"1":0,"2":0,"3":0,"4":0,"5":0,"6":0,"7":0,"8":0,"9":1,"10":1,"11":0,"12":1,"13":1,"14":0,"15":1,"16":1,"17":1,"18":1,"19":0,"20":1,"21":1,"22":0,"23":1,"24":1,"25":0,"26":1,"27":1,"28":0,"29":1,"30":1,"31":1,"32":1,"33":1,"34":0,"35":1,"36":1,"37":1,"38":0,"39":1,"40":1,"41":0,"42":0,"43":1,"44":1,"45":1,"46":1,"47":1,"48":1,"49":1,"50":0,"51":0,"52":1,"53":1,"54":1,"55":1,"56":1,"57":1,"58":1,"59":1,"60":1,"61":1,"62":1,"63":1,"64":1,"65":1,"66":1,"67":1,"68":1,"69":1,"70":1,"71":1,"72":1,"73":1,"74":1,"75":1,"76":1,"77":1,"78":1,"79":1,"80":1,"81":1,"82":0,"83":1,"84":1,"85":1,"86":1,"87":1,"88":1,"89":1,"90":1,"91":1,"92":1,"93":1,"94":1,"95":1,"96":1,"97":1,"98":1,"99":1,"100":1,"101":1,"102":1,"103":1,"104":1,"105":1,"106":1,"107":1,"108":1,"109":1,"110":0,"111":0,"112":0,"113":0,"114":0,"115":0,"116":0,"117":1,"118":1,"119":1,"120":1,"121":1,"122":1,"123":1,"124":1,"125":1,"126":1,"127":1,"128":1,"129":1,"130":1,"131":0,"132":1,"133":1,"134":1,"135":1,"136":1,"137":1,"138":1,"139":1,"140":1,"141":1,"142":1,"143":0,"144":1,"145":1,"146":1,"147":1,"148":0,"149":1,"150":1,"151":1,"152":1,"153":1,"154":1,"155":1,"156":1,"157":1,"158":1,"159":1,"160":1,"161":1,"162":1,"163":1,"164":1,"165":1,"166":1,"167":1,"168":1,"169":1,"170":1,"171":1,"172":1,"173":1,"174":1,"175":1,"176":1,"177":1,"178":1,"179":1,"180":1,"181":1,"182":1,"183":0,"184":0,"185":0,"186":0,"187":0,"188":1,"189":1,"190":1,"191":1,"192":0,"193":0,"194":1,"195":1,"196":1,"197":1,"198":1,"199":0,"200":1,"201":1,"202":1,"203":1,"204":1,"205":1,"206":1,"207":1,"208":1,"209":1,"210":1,"211":1,"212":0,"213":0,"214":0,"215":0,"216":0,"217":1,"218":1,"219":1,"220":1,"221":1,"222":0,"223":0,"224":0,"225":0,"226":0,"227":0,"228":1,"229":1,"230":1,"231":1,"232":1,"233":1,"234":1,"235":0,"236":0,"237":0,"238":0,"239":0,"240":0,"241":0,"242":0,"243":1,"244":1,"245":1,"246":1,"247":1,"248":1,"249":1,"250":1,"251":1,"252":1,"253":1,"254":1,"255":1,"256":1,"257":1,"258":1,"259":1,"260":1,"261":1,"262":1,"263":1,"264":1,"265":1,"266":1,"267":1,"268":1,"269":1,"270":1,"271":1,"272":1,"273":1,"274":0,"275":0,"276":0,"277":0,"278":0,"279":0,"280":0,"281":0,"282":0,"283":0,"284":0,"285":0,"286":0,"287":0,"288":0,"289":0,"290":0,"291":0,"292":0,"293":0,"294":0,"295":0,"296":0,"297":0,"298":0},"branchMap":{"0":{"type":"branch","loc":{"start":{"line":9,"column":2},"end":{"line":11,"column":3}},"locations":[{"start":{"line":9,"column":2},"end":{"line":11,"column":3}}]},"1":{"type":"branch","loc":{"start":{"line":12,"column":2},"end":{"line":14,"column":3}},"locations":[{"start":{"line":12,"column":2},"end":{"line":14,"column":3}}]},"2":{"type":"branch","loc":{"start":{"line":15,"column":2},"end":{"line":19,"column":3}},"locations":[{"start":{"line":15,"column":2},"end":{"line":19,"column":3}}]},"3":{"type":"branch","loc":{"start":{"line":20,"column":2},"end":{"line":22,"column":3}},"locations":[{"start":{"line":20,"column":2},"end":{"line":22,"column":3}}]},"4":{"type":"branch","loc":{"start":{"line":23,"column":2},"end":{"line":25,"column":3}},"locations":[{"start":{"line":23,"column":2},"end":{"line":25,"column":3}}]},"5":{"type":"branch","loc":{"start":{"line":26,"column":2},"end":{"line":28,"column":3}},"locations":[{"start":{"line":26,"column":2},"end":{"line":28,"column":3}}]},"6":{"type":"branch","loc":{"start":{"line":29,"column":2},"end":{"line":34,"column":3}},"locations":[{"start":{"line":29,"column":2},"end":{"line":34,"column":3}}]},"7":{"type":"branch","loc":{"start":{"line":35,"column":2},"end":{"line":38,"column":3}},"locations":[{"start":{"line":35,"column":2},"end":{"line":38,"column":3}}]},"8":{"type":"branch","loc":{"start":{"line":39,"column":2},"end":{"line":41,"column":3}},"locations":[{"start":{"line":39,"column":2},"end":{"line":41,"column":3}}]},"9":{"type":"branch","loc":{"start":{"line":44,"column":0},"end":{"line":50,"column":1}},"locations":[{"start":{"line":44,"column":0},"end":{"line":50,"column":1}}]},"10":{"type":"branch","loc":{"start":{"line":53,"column":0},"end":{"line":62,"column":1}},"locations":[{"start":{"line":53,"column":0},"end":{"line":62,"column":1}}]},"11":{"type":"branch","loc":{"start":{"line":63,"column":0},"end":{"line":65,"column":1}},"locations":[{"start":{"line":63,"column":0},"end":{"line":65,"column":1}}]},"12":{"type":"branch","loc":{"start":{"line":66,"column":0},"end":{"line":69,"column":1}},"locations":[{"start":{"line":66,"column":0},"end":{"line":69,"column":1}}]},"13":{"type":"branch","loc":{"start":{"line":70,"column":0},"end":{"line":74,"column":1}},"locations":[{"start":{"line":70,"column":0},"end":{"line":74,"column":1}}]},"14":{"type":"branch","loc":{"start":{"line":75,"column":0},"end":{"line":79,"column":1}},"locations":[{"start":{"line":75,"column":0},"end":{"line":79,"column":1}}]},"15":{"type":"branch","loc":{"start":{"line":80,"column":0},"end":{"line":82,"column":1}},"locations":[{"start":{"line":80,"column":0},"end":{"line":82,"column":1}}]},"16":{"type":"branch","loc":{"start":{"line":84,"column":0},"end":{"line":86,"column":1}},"locations":[{"start":{"line":84,"column":0},"end":{"line":86,"column":1}}]},"17":{"type":"branch","loc":{"start":{"line":87,"column":0},"end":{"line":93,"column":1}},"locations":[{"start":{"line":87,"column":0},"end":{"line":93,"column":1}}]},"18":{"type":"branch","loc":{"start":{"line":94,"column":0},"end":{"line":99,"column":1}},"locations":[{"start":{"line":94,"column":0},"end":{"line":99,"column":1}}]},"19":{"type":"branch","loc":{"start":{"line":100,"column":0},"end":{"line":104,"column":1}},"locations":[{"start":{"line":100,"column":0},"end":{"line":104,"column":1}}]},"20":{"type":"branch","loc":{"start":{"line":105,"column":0},"end":{"line":110,"column":1}},"locations":[{"start":{"line":105,"column":0},"end":{"line":110,"column":1}}]},"21":{"type":"branch","loc":{"start":{"line":118,"column":0},"end":{"line":127,"column":1}},"locations":[{"start":{"line":118,"column":0},"end":{"line":127,"column":1}}]},"22":{"type":"branch","loc":{"start":{"line":128,"column":0},"end":{"line":131,"column":1}},"locations":[{"start":{"line":128,"column":0},"end":{"line":131,"column":1}}]},"23":{"type":"branch","loc":{"start":{"line":133,"column":0},"end":{"line":143,"column":1}},"locations":[{"start":{"line":133,"column":0},"end":{"line":143,"column":1}}]},"24":{"type":"branch","loc":{"start":{"line":145,"column":0},"end":{"line":148,"column":1}},"locations":[{"start":{"line":145,"column":0},"end":{"line":148,"column":1}}]},"25":{"type":"branch","loc":{"start":{"line":150,"column":0},"end":{"line":156,"column":1}},"locations":[{"start":{"line":150,"column":0},"end":{"line":156,"column":1}}]},"26":{"type":"branch","loc":{"start":{"line":157,"column":0},"end":{"line":161,"column":1}},"locations":[{"start":{"line":157,"column":0},"end":{"line":161,"column":1}}]},"27":{"type":"branch","loc":{"start":{"line":162,"column":0},"end":{"line":173,"column":1}},"locations":[{"start":{"line":162,"column":0},"end":{"line":173,"column":1}}]},"28":{"type":"branch","loc":{"start":{"line":174,"column":0},"end":{"line":183,"column":1}},"locations":[{"start":{"line":174,"column":0},"end":{"line":183,"column":1}}]},"29":{"type":"branch","loc":{"start":{"line":189,"column":0},"end":{"line":192,"column":1}},"locations":[{"start":{"line":189,"column":0},"end":{"line":192,"column":1}}]},"30":{"type":"branch","loc":{"start":{"line":195,"column":0},"end":{"line":199,"column":1}},"locations":[{"start":{"line":195,"column":0},"end":{"line":199,"column":1}}]},"31":{"type":"branch","loc":{"start":{"line":201,"column":0},"end":{"line":212,"column":1}},"locations":[{"start":{"line":201,"column":0},"end":{"line":212,"column":1}}]},"32":{"type":"branch","loc":{"start":{"line":218,"column":0},"end":{"line":222,"column":1}},"locations":[{"start":{"line":218,"column":0},"end":{"line":222,"column":1}}]},"33":{"type":"branch","loc":{"start":{"line":229,"column":0},"end":{"line":231,"column":1}},"locations":[{"start":{"line":229,"column":0},"end":{"line":231,"column":1}}]},"34":{"type":"branch","loc":{"start":{"line":232,"column":0},"end":{"line":235,"column":1}},"locations":[{"start":{"line":232,"column":0},"end":{"line":235,"column":1}}]},"35":{"type":"branch","loc":{"start":{"line":244,"column":0},"end":{"line":249,"column":1}},"locations":[{"start":{"line":244,"column":0},"end":{"line":249,"column":1}}]},"36":{"type":"branch","loc":{"start":{"line":250,"column":0},"end":{"line":258,"column":1}},"locations":[{"start":{"line":250,"column":0},"end":{"line":258,"column":1}}]},"37":{"type":"branch","loc":{"start":{"line":259,"column":0},"end":{"line":262,"column":1}},"locations":[{"start":{"line":259,"column":0},"end":{"line":262,"column":1}}]},"38":{"type":"branch","loc":{"start":{"line":263,"column":0},"end":{"line":266,"column":1}},"locations":[{"start":{"line":263,"column":0},"end":{"line":266,"column":1}}]},"39":{"type":"branch","loc":{"start":{"line":267,"column":0},"end":{"line":270,"column":1}},"locations":[{"start":{"line":267,"column":0},"end":{"line":270,"column":1}}]},"40":{"type":"branch","loc":{"start":{"line":271,"column":0},"end":{"line":274,"column":1}},"locations":[{"start":{"line":271,"column":0},"end":{"line":274,"column":1}}]}},"b":{"0":[1],"1":[1],"2":[1],"3":[1],"4":[1],"5":[1],"6":[1],"7":[1],"8":[1],"9":[1],"10":[1],"11":[1],"12":[1],"13":[1],"14":[1],"15":[1],"16":[1],"17":[1],"18":[1],"19":[1],"20":[1],"21":[1],"22":[1],"23":[1],"24":[1],"25":[1],"26":[1],"27":[1],"28":[1],"29":[1],"30":[1],"31":[1],"32":[1],"33":[1],"34":[1],"35":[1],"36":[1],"37":[1],"38":[1],"39":[1],"40":[1]},"fnMap":{},"f":{},"originalUrl":"https://pea-nut-z.github.io/sneakers-image-classification/public/styles.css"}}