{"/Users/paulinez/image-classification/web/.nyc_output/js/ajax.googleapis.com/ajax/libs/jquery/3.5.1/jquery.min.js": {"path":"/Users/paulinez/image-classification/web/.nyc_output/js/ajax.googleapis.com/ajax/libs/jquery/3.5.1/jquery.min.js","statementMap":{"0":{"start":{"line":1,"column":0},"end":{"line":1,"column":84}},"1":{"start":{"line":2,"column":0},"end":{"line":2,"column":89390}},"2":{"start":{"line":3,"column":0},"end":{"line":3,"column":0}}},"s":{"0":1,"1":0,"2":1},"branchMap":{"0":{"type":"branch","loc":{"start":{"line":1,"column":0},"end":{"line":2,"column":51}},"locations":[{"start":{"line":1,"column":0},"end":{"line":2,"column":51}}]},"1":{"type":"branch","loc":{"start":{"line":2,"column":218},"end":{"line":2,"column":258}},"locations":[{"start":{"line":2,"column":218},"end":{"line":2,"column":258}}]},"2":{"type":"branch","loc":{"start":{"line":2,"column":263},"end":{"line":2,"column":377}},"locations":[{"start":{"line":2,"column":263},"end":{"line":2,"column":377}}]},"3":{"type":"branch","loc":{"start":{"line":2,"column":418},"end":{"line":2,"column":680}},"locations":[{"start":{"line":2,"column":418},"end":{"line":2,"column":680}}]},"4":{"type":"branch","loc":{"start":{"line":2,"column":879},"end":{"line":2,"column":1232}},"locations":[{"start":{"line":2,"column":879},"end":{"line":2,"column":1232}}]},"5":{"type":"branch","loc":{"start":{"line":2,"column":1263},"end":{"line":2,"column":1294}},"locations":[{"start":{"line":2,"column":1263},"end":{"line":2,"column":1294}}]},"6":{"type":"branch","loc":{"start":{"line":2,"column":1307},"end":{"line":2,"column":1311}},"locations":[{"start":{"line":2,"column":1307},"end":{"line":2,"column":1311}}]},"7":{"type":"branch","loc":{"start":{"line":2,"column":1331},"end":{"line":2,"column":1471}},"locations":[{"start":{"line":2,"column":1331},"end":{"line":2,"column":1471}}]},"8":{"type":"branch","loc":{"start":{"line":2,"column":1554},"end":{"line":2,"column":1561}},"locations":[{"start":{"line":2,"column":1554},"end":{"line":2,"column":1561}}]},"9":{"type":"branch","loc":{"start":{"line":2,"column":1619},"end":{"line":2,"column":1626}},"locations":[{"start":{"line":2,"column":1619},"end":{"line":2,"column":1626}}]},"10":{"type":"branch","loc":{"start":{"line":2,"column":1655},"end":{"line":2,"column":1661}},"locations":[{"start":{"line":2,"column":1655},"end":{"line":2,"column":1661}}]},"11":{"type":"branch","loc":{"start":{"line":2,"column":1691},"end":{"line":2,"column":1697}},"locations":[{"start":{"line":2,"column":1691},"end":{"line":2,"column":1697}}]},"12":{"type":"branch","loc":{"start":{"line":2,"column":1773},"end":{"line":2,"column":1778}},"locations":[{"start":{"line":2,"column":1773},"end":{"line":2,"column":1778}}]},"13":{"type":"branch","loc":{"start":{"line":2,"column":1851},"end":{"line":2,"column":1855}},"locations":[{"start":{"line":2,"column":1851},"end":{"line":2,"column":1855}}]},"14":{"type":"branch","loc":{"start":{"line":2,"column":1946},"end":{"line":2,"column":1951}},"locations":[{"start":{"line":2,"column":1946},"end":{"line":2,"column":1951}}]},"15":{"type":"branch","loc":{"start":{"line":2,"column":2005},"end":{"line":2,"column":2104}},"locations":[{"start":{"line":2,"column":2005},"end":{"line":2,"column":2104}}]},"16":{"type":"branch","loc":{"start":{"line":2,"column":2108},"end":{"line":2,"column":2181}},"locations":[{"start":{"line":2,"column":2108},"end":{"line":2,"column":2181}}]},"17":{"type":"branch","loc":{"start":{"line":2,"column":2185},"end":{"line":2,"column":2215}},"locations":[{"start":{"line":2,"column":2185},"end":{"line":2,"column":2215}}]},"18":{"type":"branch","loc":{"start":{"line":2,"column":2223},"end":{"line":2,"column":2381}},"locations":[{"start":{"line":2,"column":2223},"end":{"line":2,"column":2381}}]},"19":{"type":"branch","loc":{"start":{"line":2,"column":2403},"end":{"line":2,"column":2427}},"locations":[{"start":{"line":2,"column":2403},"end":{"line":2,"column":2427}}]},"20":{"type":"branch","loc":{"start":{"line":2,"column":2430},"end":{"line":2,"column":2570}},"locations":[{"start":{"line":2,"column":2430},"end":{"line":2,"column":2570}}]},"21":{"type":"branch","loc":{"start":{"line":2,"column":2601},"end":{"line":2,"column":2607}},"locations":[{"start":{"line":2,"column":2601},"end":{"line":2,"column":2607}}]},"22":{"type":"branch","loc":{"start":{"line":2,"column":2619},"end":{"line":2,"column":2861}},"locations":[{"start":{"line":2,"column":2619},"end":{"line":2,"column":2861}}]},"23":{"type":"branch","loc":{"start":{"line":2,"column":2903},"end":{"line":2,"column":2993}},"locations":[{"start":{"line":2,"column":2903},"end":{"line":2,"column":2993}}]},"24":{"type":"branch","loc":{"start":{"line":2,"column":2998},"end":{"line":2,"column":3043}},"locations":[{"start":{"line":2,"column":2998},"end":{"line":2,"column":3043}}]},"25":{"type":"branch","loc":{"start":{"line":2,"column":3049},"end":{"line":2,"column":3069}},"locations":[{"start":{"line":2,"column":3049},"end":{"line":2,"column":3069}}]},"26":{"type":"branch","loc":{"start":{"line":2,"column":3176},"end":{"line":2,"column":3215}},"locations":[{"start":{"line":2,"column":3176},"end":{"line":2,"column":3215}}]},"27":{"type":"branch","loc":{"start":{"line":2,"column":3218},"end":{"line":2,"column":3335}},"locations":[{"start":{"line":2,"column":3218},"end":{"line":2,"column":3335}}]},"28":{"type":"branch","loc":{"start":{"line":2,"column":3430},"end":{"line":2,"column":3499}},"locations":[{"start":{"line":2,"column":3430},"end":{"line":2,"column":3499}}]},"29":{"type":"branch","loc":{"start":{"line":2,"column":3581},"end":{"line":2,"column":4058}},"locations":[{"start":{"line":2,"column":3581},"end":{"line":2,"column":4058}}]},"30":{"type":"branch","loc":{"start":{"line":2,"column":4133},"end":{"line":2,"column":5477}},"locations":[{"start":{"line":2,"column":4133},"end":{"line":2,"column":5477}}]},"31":{"type":"branch","loc":{"start":{"line":2,"column":5610},"end":{"line":2,"column":5671}},"locations":[{"start":{"line":2,"column":5610},"end":{"line":2,"column":5671}}]},"32":{"type":"branch","loc":{"start":{"line":2,"column":5780},"end":{"line":2,"column":5784}},"locations":[{"start":{"line":2,"column":5780},"end":{"line":2,"column":5784}}]},"33":{"type":"branch","loc":{"start":{"line":2,"column":5799},"end":{"line":2,"column":5806}},"locations":[{"start":{"line":2,"column":5799},"end":{"line":2,"column":5806}}]},"34":{"type":"branch","loc":{"start":{"line":2,"column":5879},"end":{"line":2,"column":5995}},"locations":[{"start":{"line":2,"column":5879},"end":{"line":2,"column":5995}}]},"35":{"type":"branch","loc":{"start":{"line":2,"column":6127},"end":{"line":2,"column":6201}},"locations":[{"start":{"line":2,"column":6127},"end":{"line":2,"column":6201}}]},"36":{"type":"branch","loc":{"start":{"line":2,"column":6203},"end":{"line":2,"column":6210}},"locations":[{"start":{"line":2,"column":6203},"end":{"line":2,"column":6210}}]},"37":{"type":"branch","loc":{"start":{"line":2,"column":6214},"end":{"line":2,"column":6251}},"locations":[{"start":{"line":2,"column":6214},"end":{"line":2,"column":6251}}]},"38":{"type":"branch","loc":{"start":{"line":2,"column":6269},"end":{"line":2,"column":6285}},"locations":[{"start":{"line":2,"column":6269},"end":{"line":2,"column":6285}}]},"39":{"type":"branch","loc":{"start":{"line":2,"column":6288},"end":{"line":2,"column":6328}},"locations":[{"start":{"line":2,"column":6288},"end":{"line":2,"column":6328}}]},"40":{"type":"branch","loc":{"start":{"line":2,"column":6479},"end":{"line":2,"column":6492}},"locations":[{"start":{"line":2,"column":6479},"end":{"line":2,"column":6492}}]},"41":{"type":"branch","loc":{"start":{"line":2,"column":6538},"end":{"line":2,"column":6650}},"locations":[{"start":{"line":2,"column":6538},"end":{"line":2,"column":6650}}]},"42":{"type":"branch","loc":{"start":{"line":2,"column":7114},"end":{"line":2,"column":7145}},"locations":[{"start":{"line":2,"column":7114},"end":{"line":2,"column":7145}}]},"43":{"type":"branch","loc":{"start":{"line":2,"column":7228},"end":{"line":2,"column":7403}},"locations":[{"start":{"line":2,"column":7228},"end":{"line":2,"column":7403}}]},"44":{"type":"branch","loc":{"start":{"line":2,"column":7647},"end":{"line":2,"column":7669}},"locations":[{"start":{"line":2,"column":7647},"end":{"line":2,"column":7669}}]},"45":{"type":"branch","loc":{"start":{"line":2,"column":7734},"end":{"line":2,"column":7757}},"locations":[{"start":{"line":2,"column":7734},"end":{"line":2,"column":7757}}]},"46":{"type":"branch","loc":{"start":{"line":2,"column":7846},"end":{"line":2,"column":7869}},"locations":[{"start":{"line":2,"column":7846},"end":{"line":2,"column":7869}}]},"47":{"type":"branch","loc":{"start":{"line":2,"column":8094},"end":{"line":2,"column":8120}},"locations":[{"start":{"line":2,"column":8094},"end":{"line":2,"column":8120}}]},"48":{"type":"branch","loc":{"start":{"line":2,"column":8240},"end":{"line":2,"column":8242}},"locations":[{"start":{"line":2,"column":8240},"end":{"line":2,"column":8242}}]},"49":{"type":"branch","loc":{"start":{"line":2,"column":8313},"end":{"line":2,"column":8451}},"locations":[{"start":{"line":2,"column":8313},"end":{"line":2,"column":8451}}]},"50":{"type":"branch","loc":{"start":{"line":2,"column":8459},"end":{"line":2,"column":8609}},"locations":[{"start":{"line":2,"column":8459},"end":{"line":2,"column":8609}}]},"51":{"type":"branch","loc":{"start":{"line":2,"column":8740},"end":{"line":2,"column":9306}},"locations":[{"start":{"line":2,"column":8740},"end":{"line":2,"column":9306}}]},"52":{"type":"branch","loc":{"start":{"line":2,"column":9393},"end":{"line":2,"column":9404}},"locations":[{"start":{"line":2,"column":9393},"end":{"line":2,"column":9404}}]},"53":{"type":"branch","loc":{"start":{"line":2,"column":9940},"end":{"line":2,"column":9975}},"locations":[{"start":{"line":2,"column":9940},"end":{"line":2,"column":9975}}]},"54":{"type":"branch","loc":{"start":{"line":2,"column":10228},"end":{"line":2,"column":10268}},"locations":[{"start":{"line":2,"column":10228},"end":{"line":2,"column":10268}}]},"55":{"type":"branch","loc":{"start":{"line":2,"column":10368},"end":{"line":2,"column":10614}},"locations":[{"start":{"line":2,"column":10368},"end":{"line":2,"column":10614}}]},"56":{"type":"branch","loc":{"start":{"line":2,"column":10649},"end":{"line":2,"column":10689}},"locations":[{"start":{"line":2,"column":10649},"end":{"line":2,"column":10689}}]},"57":{"type":"branch","loc":{"start":{"line":2,"column":10725},"end":{"line":2,"column":10767}},"locations":[{"start":{"line":2,"column":10725},"end":{"line":2,"column":10767}}]},"58":{"type":"branch","loc":{"start":{"line":2,"column":10781},"end":{"line":2,"column":10890}},"locations":[{"start":{"line":2,"column":10781},"end":{"line":2,"column":10890}}]},"59":{"type":"branch","loc":{"start":{"line":2,"column":10939},"end":{"line":2,"column":10977}},"locations":[{"start":{"line":2,"column":10939},"end":{"line":2,"column":10977}}]},"60":{"type":"branch","loc":{"start":{"line":2,"column":10997},"end":{"line":2,"column":11036}},"locations":[{"start":{"line":2,"column":10997},"end":{"line":2,"column":11036}}]},"61":{"type":"branch","loc":{"start":{"line":2,"column":11056},"end":{"line":2,"column":11361}},"locations":[{"start":{"line":2,"column":11056},"end":{"line":2,"column":11361}}]},"62":{"type":"branch","loc":{"start":{"line":2,"column":11393},"end":{"line":2,"column":11435}},"locations":[{"start":{"line":2,"column":11393},"end":{"line":2,"column":11435}}]},"63":{"type":"branch","loc":{"start":{"line":2,"column":11467},"end":{"line":2,"column":11539}},"locations":[{"start":{"line":2,"column":11467},"end":{"line":2,"column":11539}}]},"64":{"type":"branch","loc":{"start":{"line":2,"column":11571},"end":{"line":2,"column":11654}},"locations":[{"start":{"line":2,"column":11571},"end":{"line":2,"column":11654}}]},"65":{"type":"branch","loc":{"start":{"line":2,"column":11742},"end":{"line":2,"column":11844}},"locations":[{"start":{"line":2,"column":11742},"end":{"line":2,"column":11844}}]},"66":{"type":"branch","loc":{"start":{"line":2,"column":11869},"end":{"line":2,"column":11880}},"locations":[{"start":{"line":2,"column":11869},"end":{"line":2,"column":11880}}]},"67":{"type":"branch","loc":{"start":{"line":2,"column":11905},"end":{"line":2,"column":11945}},"locations":[{"start":{"line":2,"column":11905},"end":{"line":2,"column":11945}}]},"68":{"type":"branch","loc":{"start":{"line":2,"column":11965},"end":{"line":2,"column":12018}},"locations":[{"start":{"line":2,"column":11965},"end":{"line":2,"column":12018}}]},"69":{"type":"branch","loc":{"start":{"line":2,"column":12020},"end":{"line":2,"column":12057}},"locations":[{"start":{"line":2,"column":12020},"end":{"line":2,"column":12057}}]},"70":{"type":"branch","loc":{"start":{"line":2,"column":12161},"end":{"line":2,"column":12163}},"locations":[{"start":{"line":2,"column":12161},"end":{"line":2,"column":12163}}]},"71":{"type":"branch","loc":{"start":{"line":2,"column":12231},"end":{"line":2,"column":12236}},"locations":[{"start":{"line":2,"column":12231},"end":{"line":2,"column":12236}}]},"72":{"type":"branch","loc":{"start":{"line":2,"column":12891},"end":{"line":2,"column":12907}},"locations":[{"start":{"line":2,"column":12891},"end":{"line":2,"column":12907}}]},"73":{"type":"branch","loc":{"start":{"line":2,"column":12946},"end":{"line":2,"column":13024}},"locations":[{"start":{"line":2,"column":12946},"end":{"line":2,"column":13024}}]},"74":{"type":"branch","loc":{"start":{"line":2,"column":13036},"end":{"line":2,"column":13042}},"locations":[{"start":{"line":2,"column":13036},"end":{"line":2,"column":13042}}]},"75":{"type":"branch","loc":{"start":{"line":2,"column":13054},"end":{"line":2,"column":13103}},"locations":[{"start":{"line":2,"column":13054},"end":{"line":2,"column":13103}}]},"76":{"type":"branch","loc":{"start":{"line":2,"column":13141},"end":{"line":2,"column":13151}},"locations":[{"start":{"line":2,"column":13141},"end":{"line":2,"column":13151}}]},"77":{"type":"branch","loc":{"start":{"line":2,"column":13200},"end":{"line":2,"column":13257}},"locations":[{"start":{"line":2,"column":13200},"end":{"line":2,"column":13257}}]},"78":{"type":"branch","loc":{"start":{"line":2,"column":13263},"end":{"line":2,"column":13280}},"locations":[{"start":{"line":2,"column":13263},"end":{"line":2,"column":13280}}]},"79":{"type":"branch","loc":{"start":{"line":2,"column":13526},"end":{"line":2,"column":13537}},"locations":[{"start":{"line":2,"column":13526},"end":{"line":2,"column":13537}}]},"80":{"type":"branch","loc":{"start":{"line":2,"column":13577},"end":{"line":2,"column":13587}},"locations":[{"start":{"line":2,"column":13577},"end":{"line":2,"column":13587}}]},"81":{"type":"branch","loc":{"start":{"line":2,"column":13660},"end":{"line":2,"column":13675}},"locations":[{"start":{"line":2,"column":13660},"end":{"line":2,"column":13675}}]},"82":{"type":"branch","loc":{"start":{"line":2,"column":13854},"end":{"line":2,"column":13868}},"locations":[{"start":{"line":2,"column":13854},"end":{"line":2,"column":13868}}]},"83":{"type":"branch","loc":{"start":{"line":2,"column":14116},"end":{"line":2,"column":14342}},"locations":[{"start":{"line":2,"column":14116},"end":{"line":2,"column":14342}}]},"84":{"type":"branch","loc":{"start":{"line":2,"column":14475},"end":{"line":2,"column":14482}},"locations":[{"start":{"line":2,"column":14475},"end":{"line":2,"column":14482}}]},"85":{"type":"branch","loc":{"start":{"line":2,"column":14687},"end":{"line":2,"column":14695}},"locations":[{"start":{"line":2,"column":14687},"end":{"line":2,"column":14695}}]},"86":{"type":"branch","loc":{"start":{"line":2,"column":14906},"end":{"line":2,"column":14920}},"locations":[{"start":{"line":2,"column":14906},"end":{"line":2,"column":14920}}]},"87":{"type":"branch","loc":{"start":{"line":2,"column":15065},"end":{"line":2,"column":15072}},"locations":[{"start":{"line":2,"column":15065},"end":{"line":2,"column":15072}}]},"88":{"type":"branch","loc":{"start":{"line":2,"column":15292},"end":{"line":2,"column":15298}},"locations":[{"start":{"line":2,"column":15292},"end":{"line":2,"column":15298}}]},"89":{"type":"branch","loc":{"start":{"line":2,"column":15609},"end":{"line":2,"column":15616}},"locations":[{"start":{"line":2,"column":15609},"end":{"line":2,"column":15616}}]},"90":{"type":"branch","loc":{"start":{"line":2,"column":16596},"end":{"line":2,"column":16604}},"locations":[{"start":{"line":2,"column":16596},"end":{"line":2,"column":16604}}]},"91":{"type":"branch","loc":{"start":{"line":2,"column":16908},"end":{"line":2,"column":16926}},"locations":[{"start":{"line":2,"column":16908},"end":{"line":2,"column":16926}}]},"92":{"type":"branch","loc":{"start":{"line":2,"column":17145},"end":{"line":2,"column":17154}},"locations":[{"start":{"line":2,"column":17145},"end":{"line":2,"column":17154}}]},"93":{"type":"branch","loc":{"start":{"line":2,"column":17210},"end":{"line":2,"column":17224}},"locations":[{"start":{"line":2,"column":17210},"end":{"line":2,"column":17224}}]},"94":{"type":"branch","loc":{"start":{"line":2,"column":17317},"end":{"line":2,"column":17327}},"locations":[{"start":{"line":2,"column":17317},"end":{"line":2,"column":17327}}]},"95":{"type":"branch","loc":{"start":{"line":2,"column":17615},"end":{"line":2,"column":17624}},"locations":[{"start":{"line":2,"column":17615},"end":{"line":2,"column":17624}}]},"96":{"type":"branch","loc":{"start":{"line":2,"column":17698},"end":{"line":2,"column":17704}},"locations":[{"start":{"line":2,"column":17698},"end":{"line":2,"column":17704}}]},"97":{"type":"branch","loc":{"start":{"line":2,"column":17729},"end":{"line":2,"column":17736}},"locations":[{"start":{"line":2,"column":17729},"end":{"line":2,"column":17736}}]},"98":{"type":"branch","loc":{"start":{"line":2,"column":17837},"end":{"line":2,"column":17877}},"locations":[{"start":{"line":2,"column":17837},"end":{"line":2,"column":17877}}]},"99":{"type":"branch","loc":{"start":{"line":2,"column":17979},"end":{"line":2,"column":17989}},"locations":[{"start":{"line":2,"column":17979},"end":{"line":2,"column":17989}}]},"100":{"type":"branch","loc":{"start":{"line":2,"column":18065},"end":{"line":2,"column":18072}},"locations":[{"start":{"line":2,"column":18065},"end":{"line":2,"column":18072}}]},"101":{"type":"branch","loc":{"start":{"line":2,"column":18155},"end":{"line":2,"column":18163}},"locations":[{"start":{"line":2,"column":18155},"end":{"line":2,"column":18163}}]},"102":{"type":"branch","loc":{"start":{"line":2,"column":18201},"end":{"line":2,"column":18209}},"locations":[{"start":{"line":2,"column":18201},"end":{"line":2,"column":18209}}]},"103":{"type":"branch","loc":{"start":{"line":2,"column":18247},"end":{"line":2,"column":18254}},"locations":[{"start":{"line":2,"column":18247},"end":{"line":2,"column":18254}}]},"104":{"type":"branch","loc":{"start":{"line":2,"column":18292},"end":{"line":2,"column":18300}},"locations":[{"start":{"line":2,"column":18292},"end":{"line":2,"column":18300}}]},"105":{"type":"branch","loc":{"start":{"line":2,"column":18394},"end":{"line":2,"column":18400}},"locations":[{"start":{"line":2,"column":18394},"end":{"line":2,"column":18400}}]},"106":{"type":"branch","loc":{"start":{"line":2,"column":18538},"end":{"line":2,"column":18548}},"locations":[{"start":{"line":2,"column":18538},"end":{"line":2,"column":18548}}]},"107":{"type":"branch","loc":{"start":{"line":2,"column":18569},"end":{"line":2,"column":18579}},"locations":[{"start":{"line":2,"column":18569},"end":{"line":2,"column":18579}}]},"108":{"type":"branch","loc":{"start":{"line":2,"column":18605},"end":{"line":2,"column":18613}},"locations":[{"start":{"line":2,"column":18605},"end":{"line":2,"column":18613}}]},"109":{"type":"branch","loc":{"start":{"line":2,"column":18647},"end":{"line":2,"column":18657}},"locations":[{"start":{"line":2,"column":18647},"end":{"line":2,"column":18657}}]},"110":{"type":"branch","loc":{"start":{"line":2,"column":18711},"end":{"line":2,"column":18720}},"locations":[{"start":{"line":2,"column":18711},"end":{"line":2,"column":18720}}]},"111":{"type":"branch","loc":{"start":{"line":2,"column":18774},"end":{"line":2,"column":18782}},"locations":[{"start":{"line":2,"column":18774},"end":{"line":2,"column":18782}}]},"112":{"type":"branch","loc":{"start":{"line":2,"column":18851},"end":{"line":2,"column":18859}},"locations":[{"start":{"line":2,"column":18851},"end":{"line":2,"column":18859}}]},"113":{"type":"branch","loc":{"start":{"line":2,"column":18921},"end":{"line":2,"column":19085}},"locations":[{"start":{"line":2,"column":18921},"end":{"line":2,"column":19085}}]},"114":{"type":"branch","loc":{"start":{"line":2,"column":19159},"end":{"line":2,"column":19202}},"locations":[{"start":{"line":2,"column":19159},"end":{"line":2,"column":19202}}]},"115":{"type":"branch","loc":{"start":{"line":2,"column":19205},"end":{"line":2,"column":19209}},"locations":[{"start":{"line":2,"column":19205},"end":{"line":2,"column":19209}}]},"116":{"type":"branch","loc":{"start":{"line":2,"column":19227},"end":{"line":2,"column":19248}},"locations":[{"start":{"line":2,"column":19227},"end":{"line":2,"column":19248}}]},"117":{"type":"branch","loc":{"start":{"line":2,"column":21117},"end":{"line":2,"column":21191}},"locations":[{"start":{"line":2,"column":21117},"end":{"line":2,"column":21191}}]},"118":{"type":"branch","loc":{"start":{"line":2,"column":21641},"end":{"line":2,"column":21655}},"locations":[{"start":{"line":2,"column":21641},"end":{"line":2,"column":21655}}]},"119":{"type":"branch","loc":{"start":{"line":2,"column":22366},"end":{"line":2,"column":22379}},"locations":[{"start":{"line":2,"column":22366},"end":{"line":2,"column":22379}}]},"120":{"type":"branch","loc":{"start":{"line":2,"column":23020},"end":{"line":2,"column":23284}},"locations":[{"start":{"line":2,"column":23020},"end":{"line":2,"column":23284}}]},"121":{"type":"branch","loc":{"start":{"line":2,"column":23391},"end":{"line":2,"column":23530}},"locations":[{"start":{"line":2,"column":23391},"end":{"line":2,"column":23530}}]},"122":{"type":"branch","loc":{"start":{"line":2,"column":23624},"end":{"line":2,"column":23681}},"locations":[{"start":{"line":2,"column":23624},"end":{"line":2,"column":23681}}]},"123":{"type":"branch","loc":{"start":{"line":2,"column":23801},"end":{"line":2,"column":23989}},"locations":[{"start":{"line":2,"column":23801},"end":{"line":2,"column":23989}}]},"124":{"type":"branch","loc":{"start":{"line":2,"column":24119},"end":{"line":2,"column":24122}},"locations":[{"start":{"line":2,"column":24119},"end":{"line":2,"column":24122}}]},"125":{"type":"branch","loc":{"start":{"line":2,"column":24209},"end":{"line":2,"column":24417}},"locations":[{"start":{"line":2,"column":24209},"end":{"line":2,"column":24417}}]},"126":{"type":"branch","loc":{"start":{"line":2,"column":24468},"end":{"line":2,"column":24479}},"locations":[{"start":{"line":2,"column":24468},"end":{"line":2,"column":24479}}]},"127":{"type":"branch","loc":{"start":{"line":2,"column":24519},"end":{"line":2,"column":24538}},"locations":[{"start":{"line":2,"column":24519},"end":{"line":2,"column":24538}}]},"128":{"type":"branch","loc":{"start":{"line":2,"column":24586},"end":{"line":2,"column":24647}},"locations":[{"start":{"line":2,"column":24586},"end":{"line":2,"column":24647}}]},"129":{"type":"branch","loc":{"start":{"line":2,"column":24666},"end":{"line":2,"column":24730}},"locations":[{"start":{"line":2,"column":24666},"end":{"line":2,"column":24730}}]},"130":{"type":"branch","loc":{"start":{"line":2,"column":24793},"end":{"line":2,"column":24876}},"locations":[{"start":{"line":2,"column":24793},"end":{"line":2,"column":24876}}]},"131":{"type":"branch","loc":{"start":{"line":2,"column":24974},"end":{"line":2,"column":25038}},"locations":[{"start":{"line":2,"column":24974},"end":{"line":2,"column":25038}}]},"132":{"type":"branch","loc":{"start":{"line":2,"column":25054},"end":{"line":2,"column":25065}},"locations":[{"start":{"line":2,"column":25054},"end":{"line":2,"column":25065}}]},"133":{"type":"branch","loc":{"start":{"line":2,"column":25117},"end":{"line":2,"column":25122}},"locations":[{"start":{"line":2,"column":25117},"end":{"line":2,"column":25122}}]},"134":{"type":"branch","loc":{"start":{"line":2,"column":25174},"end":{"line":2,"column":25234}},"locations":[{"start":{"line":2,"column":25174},"end":{"line":2,"column":25234}}]},"135":{"type":"branch","loc":{"start":{"line":2,"column":25239},"end":{"line":2,"column":25241}},"locations":[{"start":{"line":2,"column":25239},"end":{"line":2,"column":25241}}]},"136":{"type":"branch","loc":{"start":{"line":2,"column":25245},"end":{"line":2,"column":25406}},"locations":[{"start":{"line":2,"column":25245},"end":{"line":2,"column":25406}}]},"137":{"type":"branch","loc":{"start":{"line":2,"column":25454},"end":{"line":2,"column":25484}},"locations":[{"start":{"line":2,"column":25454},"end":{"line":2,"column":25484}}]},"138":{"type":"branch","loc":{"start":{"line":2,"column":25494},"end":{"line":2,"column":25509}},"locations":[{"start":{"line":2,"column":25494},"end":{"line":2,"column":25509}}]},"139":{"type":"branch","loc":{"start":{"line":2,"column":25537},"end":{"line":2,"column":25546}},"locations":[{"start":{"line":2,"column":25537},"end":{"line":2,"column":25546}}]},"140":{"type":"branch","loc":{"start":{"line":2,"column":25743},"end":{"line":2,"column":25856}},"locations":[{"start":{"line":2,"column":25743},"end":{"line":2,"column":25856}}]},"141":{"type":"branch","loc":{"start":{"line":2,"column":25914},"end":{"line":2,"column":26022}},"locations":[{"start":{"line":2,"column":25914},"end":{"line":2,"column":26022}}]},"142":{"type":"branch","loc":{"start":{"line":2,"column":26079},"end":{"line":2,"column":26096}},"locations":[{"start":{"line":2,"column":26079},"end":{"line":2,"column":26096}}]},"143":{"type":"branch","loc":{"start":{"line":2,"column":26221},"end":{"line":2,"column":26230}},"locations":[{"start":{"line":2,"column":26221},"end":{"line":2,"column":26230}}]},"144":{"type":"branch","loc":{"start":{"line":2,"column":26514},"end":{"line":2,"column":26521}},"locations":[{"start":{"line":2,"column":26514},"end":{"line":2,"column":26521}}]},"145":{"type":"branch","loc":{"start":{"line":2,"column":26672},"end":{"line":2,"column":26677}},"locations":[{"start":{"line":2,"column":26672},"end":{"line":2,"column":26677}}]},"146":{"type":"branch","loc":{"start":{"line":2,"column":26755},"end":{"line":2,"column":26764}},"locations":[{"start":{"line":2,"column":26755},"end":{"line":2,"column":26764}}]},"147":{"type":"branch","loc":{"start":{"line":2,"column":26843},"end":{"line":2,"column":26861}},"locations":[{"start":{"line":2,"column":26843},"end":{"line":2,"column":26861}}]},"148":{"type":"branch","loc":{"start":{"line":2,"column":26925},"end":{"line":2,"column":26934}},"locations":[{"start":{"line":2,"column":26925},"end":{"line":2,"column":26934}}]},"149":{"type":"branch","loc":{"start":{"line":2,"column":26971},"end":{"line":2,"column":26985}},"locations":[{"start":{"line":2,"column":26971},"end":{"line":2,"column":26985}}]},"150":{"type":"branch","loc":{"start":{"line":2,"column":27028},"end":{"line":2,"column":27034}},"locations":[{"start":{"line":2,"column":27028},"end":{"line":2,"column":27034}}]},"151":{"type":"branch","loc":{"start":{"line":2,"column":27072},"end":{"line":2,"column":27078}},"locations":[{"start":{"line":2,"column":27072},"end":{"line":2,"column":27078}}]},"152":{"type":"branch","loc":{"start":{"line":2,"column":27120},"end":{"line":2,"column":27129}},"locations":[{"start":{"line":2,"column":27120},"end":{"line":2,"column":27129}}]},"153":{"type":"branch","loc":{"start":{"line":2,"column":27167},"end":{"line":2,"column":27176}},"locations":[{"start":{"line":2,"column":27167},"end":{"line":2,"column":27176}}]},"154":{"type":"branch","loc":{"start":{"line":2,"column":27218},"end":{"line":2,"column":27229}},"locations":[{"start":{"line":2,"column":27218},"end":{"line":2,"column":27229}}]},"155":{"type":"branch","loc":{"start":{"line":2,"column":27273},"end":{"line":2,"column":27284}},"locations":[{"start":{"line":2,"column":27273},"end":{"line":2,"column":27284}}]},"156":{"type":"branch","loc":{"start":{"line":2,"column":27332},"end":{"line":2,"column":27342}},"locations":[{"start":{"line":2,"column":27332},"end":{"line":2,"column":27342}}]},"157":{"type":"branch","loc":{"start":{"line":2,"column":27396},"end":{"line":2,"column":27406}},"locations":[{"start":{"line":2,"column":27396},"end":{"line":2,"column":27406}}]},"158":{"type":"branch","loc":{"start":{"line":2,"column":27441},"end":{"line":2,"column":27451}},"locations":[{"start":{"line":2,"column":27441},"end":{"line":2,"column":27451}}]},"159":{"type":"branch","loc":{"start":{"line":2,"column":27595},"end":{"line":2,"column":27619}},"locations":[{"start":{"line":2,"column":27595},"end":{"line":2,"column":27619}}]},"160":{"type":"branch","loc":{"start":{"line":2,"column":27811},"end":{"line":2,"column":27840}},"locations":[{"start":{"line":2,"column":27811},"end":{"line":2,"column":27840}}]},"161":{"type":"branch","loc":{"start":{"line":2,"column":28047},"end":{"line":2,"column":28127}},"locations":[{"start":{"line":2,"column":28047},"end":{"line":2,"column":28127}}]},"162":{"type":"branch","loc":{"start":{"line":2,"column":28131},"end":{"line":2,"column":28158}},"locations":[{"start":{"line":2,"column":28131},"end":{"line":2,"column":28158}}]},"163":{"type":"branch","loc":{"start":{"line":2,"column":28173},"end":{"line":2,"column":28309}},"locations":[{"start":{"line":2,"column":28173},"end":{"line":2,"column":28309}}]},"164":{"type":"branch","loc":{"start":{"line":2,"column":28343},"end":{"line":2,"column":28352}},"locations":[{"start":{"line":2,"column":28343},"end":{"line":2,"column":28352}}]},"165":{"type":"branch","loc":{"start":{"line":2,"column":28360},"end":{"line":2,"column":28376}},"locations":[{"start":{"line":2,"column":28360},"end":{"line":2,"column":28376}}]},"166":{"type":"branch","loc":{"start":{"line":2,"column":28379},"end":{"line":2,"column":28412}},"locations":[{"start":{"line":2,"column":28379},"end":{"line":2,"column":28412}}]},"167":{"type":"branch","loc":{"start":{"line":2,"column":28442},"end":{"line":2,"column":28493}},"locations":[{"start":{"line":2,"column":28442},"end":{"line":2,"column":28493}}]},"168":{"type":"branch","loc":{"start":{"line":2,"column":28503},"end":{"line":2,"column":28514}},"locations":[{"start":{"line":2,"column":28503},"end":{"line":2,"column":28514}}]},"169":{"type":"branch","loc":{"start":{"line":2,"column":28549},"end":{"line":2,"column":28565}},"locations":[{"start":{"line":2,"column":28549},"end":{"line":2,"column":28565}}]},"170":{"type":"branch","loc":{"start":{"line":2,"column":28574},"end":{"line":2,"column":28589}},"locations":[{"start":{"line":2,"column":28574},"end":{"line":2,"column":28589}}]},"171":{"type":"branch","loc":{"start":{"line":2,"column":28705},"end":{"line":2,"column":28710}},"locations":[{"start":{"line":2,"column":28705},"end":{"line":2,"column":28710}}]},"172":{"type":"branch","loc":{"start":{"line":2,"column":28760},"end":{"line":2,"column":28767}},"locations":[{"start":{"line":2,"column":28760},"end":{"line":2,"column":28767}}]},"173":{"type":"branch","loc":{"start":{"line":2,"column":28800},"end":{"line":2,"column":28856}},"locations":[{"start":{"line":2,"column":28800},"end":{"line":2,"column":28856}}]},"174":{"type":"branch","loc":{"start":{"line":2,"column":28876},"end":{"line":2,"column":28935}},"locations":[{"start":{"line":2,"column":28876},"end":{"line":2,"column":28935}}]},"175":{"type":"branch","loc":{"start":{"line":2,"column":28956},"end":{"line":2,"column":29000}},"locations":[{"start":{"line":2,"column":28956},"end":{"line":2,"column":29000}}]},"176":{"type":"branch","loc":{"start":{"line":2,"column":29004},"end":{"line":2,"column":29111}},"locations":[{"start":{"line":2,"column":29004},"end":{"line":2,"column":29111}}]},"177":{"type":"branch","loc":{"start":{"line":2,"column":29132},"end":{"line":2,"column":29443}},"locations":[{"start":{"line":2,"column":29132},"end":{"line":2,"column":29443}}]},"178":{"type":"branch","loc":{"start":{"line":2,"column":29463},"end":{"line":2,"column":29471}},"locations":[{"start":{"line":2,"column":29463},"end":{"line":2,"column":29471}}]},"179":{"type":"branch","loc":{"start":{"line":2,"column":29528},"end":{"line":2,"column":29537}},"locations":[{"start":{"line":2,"column":29528},"end":{"line":2,"column":29537}}]},"180":{"type":"branch","loc":{"start":{"line":2,"column":29571},"end":{"line":2,"column":29577}},"locations":[{"start":{"line":2,"column":29571},"end":{"line":2,"column":29577}}]},"181":{"type":"branch","loc":{"start":{"line":2,"column":29873},"end":{"line":2,"column":29879}},"locations":[{"start":{"line":2,"column":29873},"end":{"line":2,"column":29879}}]},"182":{"type":"branch","loc":{"start":{"line":2,"column":30673},"end":{"line":2,"column":30722}},"locations":[{"start":{"line":2,"column":30673},"end":{"line":2,"column":30722}}]},"183":{"type":"branch","loc":{"start":{"line":2,"column":30724},"end":{"line":2,"column":30907}},"locations":[{"start":{"line":2,"column":30724},"end":{"line":2,"column":30907}}]},"184":{"type":"branch","loc":{"start":{"line":2,"column":30977},"end":{"line":2,"column":31020}},"locations":[{"start":{"line":2,"column":30977},"end":{"line":2,"column":31020}}]},"185":{"type":"branch","loc":{"start":{"line":2,"column":31033},"end":{"line":2,"column":31042}},"locations":[{"start":{"line":2,"column":31033},"end":{"line":2,"column":31042}}]},"186":{"type":"branch","loc":{"start":{"line":2,"column":31398},"end":{"line":2,"column":31489}},"locations":[{"start":{"line":2,"column":31398},"end":{"line":2,"column":31489}}]},"187":{"type":"branch","loc":{"start":{"line":2,"column":31615},"end":{"line":2,"column":31633}},"locations":[{"start":{"line":2,"column":31615},"end":{"line":2,"column":31633}}]},"188":{"type":"branch","loc":{"start":{"line":2,"column":31679},"end":{"line":2,"column":31809}},"locations":[{"start":{"line":2,"column":31679},"end":{"line":2,"column":31809}}]},"189":{"type":"branch","loc":{"start":{"line":2,"column":31886},"end":{"line":2,"column":31945}},"locations":[{"start":{"line":2,"column":31886},"end":{"line":2,"column":31945}}]},"190":{"type":"branch","loc":{"start":{"line":2,"column":31959},"end":{"line":2,"column":32104}},"locations":[{"start":{"line":2,"column":31959},"end":{"line":2,"column":32104}}]},"191":{"type":"branch","loc":{"start":{"line":2,"column":32155},"end":{"line":2,"column":32306}},"locations":[{"start":{"line":2,"column":32155},"end":{"line":2,"column":32306}}]},"192":{"type":"branch","loc":{"start":{"line":2,"column":32343},"end":{"line":2,"column":32408}},"locations":[{"start":{"line":2,"column":32343},"end":{"line":2,"column":32408}}]},"193":{"type":"branch","loc":{"start":{"line":2,"column":32455},"end":{"line":2,"column":32485}},"locations":[{"start":{"line":2,"column":32455},"end":{"line":2,"column":32485}}]},"194":{"type":"branch","loc":{"start":{"line":2,"column":32510},"end":{"line":2,"column":32522}},"locations":[{"start":{"line":2,"column":32510},"end":{"line":2,"column":32522}}]},"195":{"type":"branch","loc":{"start":{"line":2,"column":32548},"end":{"line":2,"column":32574}},"locations":[{"start":{"line":2,"column":32548},"end":{"line":2,"column":32574}}]},"196":{"type":"branch","loc":{"start":{"line":2,"column":32613},"end":{"line":2,"column":32705}},"locations":[{"start":{"line":2,"column":32613},"end":{"line":2,"column":32705}}]},"197":{"type":"branch","loc":{"start":{"line":2,"column":32735},"end":{"line":2,"column":32893}},"locations":[{"start":{"line":2,"column":32735},"end":{"line":2,"column":32893}}]},"198":{"type":"branch","loc":{"start":{"line":2,"column":32957},"end":{"line":2,"column":32967}},"locations":[{"start":{"line":2,"column":32957},"end":{"line":2,"column":32967}}]},"199":{"type":"branch","loc":{"start":{"line":2,"column":33075},"end":{"line":2,"column":33173}},"locations":[{"start":{"line":2,"column":33075},"end":{"line":2,"column":33173}}]},"200":{"type":"branch","loc":{"start":{"line":2,"column":33289},"end":{"line":2,"column":33386}},"locations":[{"start":{"line":2,"column":33289},"end":{"line":2,"column":33386}}]},"201":{"type":"branch","loc":{"start":{"line":2,"column":33395},"end":{"line":2,"column":33408}},"locations":[{"start":{"line":2,"column":33395},"end":{"line":2,"column":33408}}]},"202":{"type":"branch","loc":{"start":{"line":2,"column":33412},"end":{"line":2,"column":33423}},"locations":[{"start":{"line":2,"column":33412},"end":{"line":2,"column":33423}}]},"203":{"type":"branch","loc":{"start":{"line":2,"column":33427},"end":{"line":2,"column":33529}},"locations":[{"start":{"line":2,"column":33427},"end":{"line":2,"column":33529}}]},"204":{"type":"branch","loc":{"start":{"line":2,"column":33552},"end":{"line":2,"column":33704}},"locations":[{"start":{"line":2,"column":33552},"end":{"line":2,"column":33704}}]},"205":{"type":"branch","loc":{"start":{"line":2,"column":33983},"end":{"line":2,"column":34001}},"locations":[{"start":{"line":2,"column":33983},"end":{"line":2,"column":34001}}]},"206":{"type":"branch","loc":{"start":{"line":2,"column":34047},"end":{"line":2,"column":34053}},"locations":[{"start":{"line":2,"column":34047},"end":{"line":2,"column":34053}}]},"207":{"type":"branch","loc":{"start":{"line":2,"column":34092},"end":{"line":2,"column":34104}},"locations":[{"start":{"line":2,"column":34092},"end":{"line":2,"column":34104}}]},"208":{"type":"branch","loc":{"start":{"line":2,"column":34132},"end":{"line":2,"column":34139}},"locations":[{"start":{"line":2,"column":34132},"end":{"line":2,"column":34139}}]},"209":{"type":"branch","loc":{"start":{"line":2,"column":34178},"end":{"line":2,"column":34191}},"locations":[{"start":{"line":2,"column":34178},"end":{"line":2,"column":34191}}]},"210":{"type":"branch","loc":{"start":{"line":2,"column":34219},"end":{"line":2,"column":34240}},"locations":[{"start":{"line":2,"column":34219},"end":{"line":2,"column":34240}}]},"211":{"type":"branch","loc":{"start":{"line":2,"column":34748},"end":{"line":2,"column":34760}},"locations":[{"start":{"line":2,"column":34748},"end":{"line":2,"column":34760}}]},"212":{"type":"branch","loc":{"start":{"line":2,"column":34819},"end":{"line":2,"column":34838}},"locations":[{"start":{"line":2,"column":34819},"end":{"line":2,"column":34838}}]},"213":{"type":"branch","loc":{"start":{"line":2,"column":34978},"end":{"line":2,"column":34987}},"locations":[{"start":{"line":2,"column":34978},"end":{"line":2,"column":34987}}]},"214":{"type":"branch","loc":{"start":{"line":2,"column":35224},"end":{"line":2,"column":35237}},"locations":[{"start":{"line":2,"column":35224},"end":{"line":2,"column":35237}}]},"215":{"type":"branch","loc":{"start":{"line":2,"column":35383},"end":{"line":2,"column":35405}},"locations":[{"start":{"line":2,"column":35383},"end":{"line":2,"column":35405}}]},"216":{"type":"branch","loc":{"start":{"line":2,"column":35642},"end":{"line":2,"column":35651}},"locations":[{"start":{"line":2,"column":35642},"end":{"line":2,"column":35651}}]},"217":{"type":"branch","loc":{"start":{"line":2,"column":35711},"end":{"line":2,"column":35723}},"locations":[{"start":{"line":2,"column":35711},"end":{"line":2,"column":35723}}]},"218":{"type":"branch","loc":{"start":{"line":2,"column":35765},"end":{"line":2,"column":35774}},"locations":[{"start":{"line":2,"column":35765},"end":{"line":2,"column":35774}}]},"219":{"type":"branch","loc":{"start":{"line":2,"column":36015},"end":{"line":2,"column":36182}},"locations":[{"start":{"line":2,"column":36015},"end":{"line":2,"column":36182}}]},"220":{"type":"branch","loc":{"start":{"line":2,"column":36231},"end":{"line":2,"column":36364}},"locations":[{"start":{"line":2,"column":36231},"end":{"line":2,"column":36364}}]},"221":{"type":"branch","loc":{"start":{"line":2,"column":36903},"end":{"line":2,"column":36913}},"locations":[{"start":{"line":2,"column":36903},"end":{"line":2,"column":36913}}]},"222":{"type":"branch","loc":{"start":{"line":2,"column":37422},"end":{"line":2,"column":37440}},"locations":[{"start":{"line":2,"column":37422},"end":{"line":2,"column":37440}}]},"223":{"type":"branch","loc":{"start":{"line":2,"column":37470},"end":{"line":2,"column":37476}},"locations":[{"start":{"line":2,"column":37470},"end":{"line":2,"column":37476}}]},"224":{"type":"branch","loc":{"start":{"line":2,"column":37503},"end":{"line":2,"column":37511}},"locations":[{"start":{"line":2,"column":37503},"end":{"line":2,"column":37511}}]},"225":{"type":"branch","loc":{"start":{"line":2,"column":37637},"end":{"line":2,"column":38487}},"locations":[{"start":{"line":2,"column":37637},"end":{"line":2,"column":38487}}]},"226":{"type":"branch","loc":{"start":{"line":2,"column":38556},"end":{"line":2,"column":38578}},"locations":[{"start":{"line":2,"column":38556},"end":{"line":2,"column":38578}}]},"227":{"type":"branch","loc":{"start":{"line":2,"column":38593},"end":{"line":2,"column":38596}},"locations":[{"start":{"line":2,"column":38593},"end":{"line":2,"column":38596}}]},"228":{"type":"branch","loc":{"start":{"line":2,"column":38698},"end":{"line":2,"column":38768}},"locations":[{"start":{"line":2,"column":38698},"end":{"line":2,"column":38768}}]},"229":{"type":"branch","loc":{"start":{"line":2,"column":38840},"end":{"line":2,"column":38971}},"locations":[{"start":{"line":2,"column":38840},"end":{"line":2,"column":38971}}]},"230":{"type":"branch","loc":{"start":{"line":2,"column":38978},"end":{"line":2,"column":38998}},"locations":[{"start":{"line":2,"column":38978},"end":{"line":2,"column":38998}}]},"231":{"type":"branch","loc":{"start":{"line":2,"column":39026},"end":{"line":2,"column":39102}},"locations":[{"start":{"line":2,"column":39026},"end":{"line":2,"column":39102}}]},"232":{"type":"branch","loc":{"start":{"line":2,"column":39111},"end":{"line":2,"column":39209}},"locations":[{"start":{"line":2,"column":39111},"end":{"line":2,"column":39209}}]},"233":{"type":"branch","loc":{"start":{"line":2,"column":39223},"end":{"line":2,"column":39279}},"locations":[{"start":{"line":2,"column":39223},"end":{"line":2,"column":39279}}]},"234":{"type":"branch","loc":{"start":{"line":2,"column":39312},"end":{"line":2,"column":39372}},"locations":[{"start":{"line":2,"column":39312},"end":{"line":2,"column":39372}}]},"235":{"type":"branch","loc":{"start":{"line":2,"column":39385},"end":{"line":2,"column":39434}},"locations":[{"start":{"line":2,"column":39385},"end":{"line":2,"column":39434}}]},"236":{"type":"branch","loc":{"start":{"line":2,"column":39441},"end":{"line":2,"column":39444}},"locations":[{"start":{"line":2,"column":39441},"end":{"line":2,"column":39444}}]},"237":{"type":"branch","loc":{"start":{"line":2,"column":39495},"end":{"line":2,"column":39595}},"locations":[{"start":{"line":2,"column":39495},"end":{"line":2,"column":39595}}]},"238":{"type":"branch","loc":{"start":{"line":2,"column":39618},"end":{"line":2,"column":39641}},"locations":[{"start":{"line":2,"column":39618},"end":{"line":2,"column":39641}}]},"239":{"type":"branch","loc":{"start":{"line":2,"column":39736},"end":{"line":2,"column":39791}},"locations":[{"start":{"line":2,"column":39736},"end":{"line":2,"column":39791}}]},"240":{"type":"branch","loc":{"start":{"line":2,"column":39868},"end":{"line":2,"column":39933}},"locations":[{"start":{"line":2,"column":39868},"end":{"line":2,"column":39933}}]},"241":{"type":"branch","loc":{"start":{"line":2,"column":39948},"end":{"line":2,"column":39976}},"locations":[{"start":{"line":2,"column":39948},"end":{"line":2,"column":39976}}]},"242":{"type":"branch","loc":{"start":{"line":2,"column":39981},"end":{"line":2,"column":39992}},"locations":[{"start":{"line":2,"column":39981},"end":{"line":2,"column":39992}}]},"243":{"type":"branch","loc":{"start":{"line":2,"column":40001},"end":{"line":2,"column":40013}},"locations":[{"start":{"line":2,"column":40001},"end":{"line":2,"column":40013}}]},"244":{"type":"branch","loc":{"start":{"line":2,"column":40110},"end":{"line":2,"column":40157}},"locations":[{"start":{"line":2,"column":40110},"end":{"line":2,"column":40157}}]},"245":{"type":"branch","loc":{"start":{"line":2,"column":40726},"end":{"line":2,"column":40824}},"locations":[{"start":{"line":2,"column":40726},"end":{"line":2,"column":40824}}]},"246":{"type":"branch","loc":{"start":{"line":2,"column":40856},"end":{"line":2,"column":40858}},"locations":[{"start":{"line":2,"column":40856},"end":{"line":2,"column":40858}}]},"247":{"type":"branch","loc":{"start":{"line":2,"column":40888},"end":{"line":2,"column":41091}},"locations":[{"start":{"line":2,"column":40888},"end":{"line":2,"column":41091}}]},"248":{"type":"branch","loc":{"start":{"line":2,"column":41098},"end":{"line":2,"column":41108}},"locations":[{"start":{"line":2,"column":41098},"end":{"line":2,"column":41108}}]},"249":{"type":"branch","loc":{"start":{"line":2,"column":41112},"end":{"line":2,"column":41122}},"locations":[{"start":{"line":2,"column":41112},"end":{"line":2,"column":41122}}]},"250":{"type":"branch","loc":{"start":{"line":2,"column":41128},"end":{"line":2,"column":41167}},"locations":[{"start":{"line":2,"column":41128},"end":{"line":2,"column":41167}}]},"251":{"type":"branch","loc":{"start":{"line":2,"column":41171},"end":{"line":2,"column":41240}},"locations":[{"start":{"line":2,"column":41171},"end":{"line":2,"column":41240}}]},"252":{"type":"branch","loc":{"start":{"line":2,"column":41255},"end":{"line":2,"column":41380}},"locations":[{"start":{"line":2,"column":41255},"end":{"line":2,"column":41380}}]},"253":{"type":"branch","loc":{"start":{"line":2,"column":41415},"end":{"line":2,"column":41568}},"locations":[{"start":{"line":2,"column":41415},"end":{"line":2,"column":41568}}]},"254":{"type":"branch","loc":{"start":{"line":2,"column":41627},"end":{"line":2,"column":41629}},"locations":[{"start":{"line":2,"column":41627},"end":{"line":2,"column":41629}}]},"255":{"type":"branch","loc":{"start":{"line":2,"column":41661},"end":{"line":2,"column":41801}},"locations":[{"start":{"line":2,"column":41661},"end":{"line":2,"column":41801}}]},"256":{"type":"branch","loc":{"start":{"line":2,"column":41805},"end":{"line":2,"column":41815}},"locations":[{"start":{"line":2,"column":41805},"end":{"line":2,"column":41815}}]},"257":{"type":"branch","loc":{"start":{"line":2,"column":41821},"end":{"line":2,"column":41863}},"locations":[{"start":{"line":2,"column":41821},"end":{"line":2,"column":41863}}]},"258":{"type":"branch","loc":{"start":{"line":2,"column":41867},"end":{"line":2,"column":41926}},"locations":[{"start":{"line":2,"column":41867},"end":{"line":2,"column":41926}}]},"259":{"type":"branch","loc":{"start":{"line":2,"column":41930},"end":{"line":2,"column":41939}},"locations":[{"start":{"line":2,"column":41930},"end":{"line":2,"column":41939}}]},"260":{"type":"branch","loc":{"start":{"line":2,"column":41954},"end":{"line":2,"column":41970}},"locations":[{"start":{"line":2,"column":41954},"end":{"line":2,"column":41970}}]},"261":{"type":"branch","loc":{"start":{"line":2,"column":41974},"end":{"line":2,"column":41981}},"locations":[{"start":{"line":2,"column":41974},"end":{"line":2,"column":41981}}]},"262":{"type":"branch","loc":{"start":{"line":2,"column":42038},"end":{"line":2,"column":42090}},"locations":[{"start":{"line":2,"column":42038},"end":{"line":2,"column":42090}}]},"263":{"type":"branch","loc":{"start":{"line":2,"column":42107},"end":{"line":2,"column":42110}},"locations":[{"start":{"line":2,"column":42107},"end":{"line":2,"column":42110}}]},"264":{"type":"branch","loc":{"start":{"line":2,"column":42132},"end":{"line":2,"column":42135}},"locations":[{"start":{"line":2,"column":42132},"end":{"line":2,"column":42135}}]},"265":{"type":"branch","loc":{"start":{"line":2,"column":42176},"end":{"line":2,"column":42203}},"locations":[{"start":{"line":2,"column":42176},"end":{"line":2,"column":42203}}]},"266":{"type":"branch","loc":{"start":{"line":2,"column":42222},"end":{"line":2,"column":42231}},"locations":[{"start":{"line":2,"column":42222},"end":{"line":2,"column":42231}}]},"267":{"type":"branch","loc":{"start":{"line":2,"column":42251},"end":{"line":2,"column":42278}},"locations":[{"start":{"line":2,"column":42251},"end":{"line":2,"column":42278}}]},"268":{"type":"branch","loc":{"start":{"line":2,"column":42314},"end":{"line":2,"column":42357}},"locations":[{"start":{"line":2,"column":42314},"end":{"line":2,"column":42357}}]},"269":{"type":"branch","loc":{"start":{"line":2,"column":42405},"end":{"line":2,"column":42562}},"locations":[{"start":{"line":2,"column":42405},"end":{"line":2,"column":42562}}]},"270":{"type":"branch","loc":{"start":{"line":2,"column":42583},"end":{"line":2,"column":42592}},"locations":[{"start":{"line":2,"column":42583},"end":{"line":2,"column":42592}}]},"271":{"type":"branch","loc":{"start":{"line":2,"column":42596},"end":{"line":2,"column":42665}},"locations":[{"start":{"line":2,"column":42596},"end":{"line":2,"column":42665}}]},"272":{"type":"branch","loc":{"start":{"line":2,"column":42683},"end":{"line":2,"column":42722}},"locations":[{"start":{"line":2,"column":42683},"end":{"line":2,"column":42722}}]},"273":{"type":"branch","loc":{"start":{"line":2,"column":42755},"end":{"line":2,"column":42941}},"locations":[{"start":{"line":2,"column":42755},"end":{"line":2,"column":42941}}]},"274":{"type":"branch","loc":{"start":{"line":2,"column":42992},"end":{"line":2,"column":43105}},"locations":[{"start":{"line":2,"column":42992},"end":{"line":2,"column":43105}}]},"275":{"type":"branch","loc":{"start":{"line":2,"column":43166},"end":{"line":2,"column":43189}},"locations":[{"start":{"line":2,"column":43166},"end":{"line":2,"column":43189}}]},"276":{"type":"branch","loc":{"start":{"line":2,"column":43218},"end":{"line":2,"column":43305}},"locations":[{"start":{"line":2,"column":43218},"end":{"line":2,"column":43305}}]},"277":{"type":"branch","loc":{"start":{"line":2,"column":43635},"end":{"line":2,"column":43805}},"locations":[{"start":{"line":2,"column":43635},"end":{"line":2,"column":43805}}]},"278":{"type":"branch","loc":{"start":{"line":2,"column":43930},"end":{"line":2,"column":43935}},"locations":[{"start":{"line":2,"column":43930},"end":{"line":2,"column":43935}}]},"279":{"type":"branch","loc":{"start":{"line":2,"column":44029},"end":{"line":2,"column":44068}},"locations":[{"start":{"line":2,"column":44029},"end":{"line":2,"column":44068}}]},"280":{"type":"branch","loc":{"start":{"line":2,"column":44070},"end":{"line":2,"column":44150}},"locations":[{"start":{"line":2,"column":44070},"end":{"line":2,"column":44150}}]},"281":{"type":"branch","loc":{"start":{"line":2,"column":44153},"end":{"line":2,"column":44176}},"locations":[{"start":{"line":2,"column":44153},"end":{"line":2,"column":44176}}]},"282":{"type":"branch","loc":{"start":{"line":2,"column":44217},"end":{"line":2,"column":44230}},"locations":[{"start":{"line":2,"column":44217},"end":{"line":2,"column":44230}}]},"283":{"type":"branch","loc":{"start":{"line":2,"column":44320},"end":{"line":2,"column":44330}},"locations":[{"start":{"line":2,"column":44320},"end":{"line":2,"column":44330}}]},"284":{"type":"branch","loc":{"start":{"line":2,"column":44431},"end":{"line":2,"column":44460}},"locations":[{"start":{"line":2,"column":44431},"end":{"line":2,"column":44460}}]},"285":{"type":"branch","loc":{"start":{"line":2,"column":44547},"end":{"line":2,"column":44684}},"locations":[{"start":{"line":2,"column":44547},"end":{"line":2,"column":44684}}]},"286":{"type":"branch","loc":{"start":{"line":2,"column":44708},"end":{"line":2,"column":44828}},"locations":[{"start":{"line":2,"column":44708},"end":{"line":2,"column":44828}}]},"287":{"type":"branch","loc":{"start":{"line":2,"column":44851},"end":{"line":2,"column":44898}},"locations":[{"start":{"line":2,"column":44851},"end":{"line":2,"column":44898}}]},"288":{"type":"branch","loc":{"start":{"line":2,"column":44918},"end":{"line":2,"column":44998}},"locations":[{"start":{"line":2,"column":44918},"end":{"line":2,"column":44998}}]},"289":{"type":"branch","loc":{"start":{"line":2,"column":45010},"end":{"line":2,"column":45012}},"locations":[{"start":{"line":2,"column":45010},"end":{"line":2,"column":45012}}]},"290":{"type":"branch","loc":{"start":{"line":2,"column":45030},"end":{"line":2,"column":45060}},"locations":[{"start":{"line":2,"column":45030},"end":{"line":2,"column":45060}}]},"291":{"type":"branch","loc":{"start":{"line":2,"column":45072},"end":{"line":2,"column":45241}},"locations":[{"start":{"line":2,"column":45072},"end":{"line":2,"column":45241}}]},"292":{"type":"branch","loc":{"start":{"line":2,"column":45345},"end":{"line":2,"column":45362}},"locations":[{"start":{"line":2,"column":45345},"end":{"line":2,"column":45362}}]},"293":{"type":"branch","loc":{"start":{"line":2,"column":45469},"end":{"line":2,"column":45495}},"locations":[{"start":{"line":2,"column":45469},"end":{"line":2,"column":45495}}]},"294":{"type":"branch","loc":{"start":{"line":2,"column":45643},"end":{"line":2,"column":46000}},"locations":[{"start":{"line":2,"column":45643},"end":{"line":2,"column":46000}}]},"295":{"type":"branch","loc":{"start":{"line":2,"column":46169},"end":{"line":2,"column":46269}},"locations":[{"start":{"line":2,"column":46169},"end":{"line":2,"column":46269}}]},"296":{"type":"branch","loc":{"start":{"line":2,"column":46304},"end":{"line":2,"column":46313}},"locations":[{"start":{"line":2,"column":46304},"end":{"line":2,"column":46313}}]},"297":{"type":"branch","loc":{"start":{"line":2,"column":46345},"end":{"line":2,"column":46538}},"locations":[{"start":{"line":2,"column":46345},"end":{"line":2,"column":46538}}]},"298":{"type":"branch","loc":{"start":{"line":2,"column":46695},"end":{"line":2,"column":46762}},"locations":[{"start":{"line":2,"column":46695},"end":{"line":2,"column":46762}}]},"299":{"type":"branch","loc":{"start":{"line":2,"column":46806},"end":{"line":2,"column":46811}},"locations":[{"start":{"line":2,"column":46806},"end":{"line":2,"column":46811}}]},"300":{"type":"branch","loc":{"start":{"line":2,"column":47174},"end":{"line":2,"column":47329}},"locations":[{"start":{"line":2,"column":47174},"end":{"line":2,"column":47329}}]},"301":{"type":"branch","loc":{"start":{"line":2,"column":47396},"end":{"line":2,"column":47400}},"locations":[{"start":{"line":2,"column":47396},"end":{"line":2,"column":47400}}]},"302":{"type":"branch","loc":{"start":{"line":2,"column":47822},"end":{"line":2,"column":47910}},"locations":[{"start":{"line":2,"column":47822},"end":{"line":2,"column":47910}}]},"303":{"type":"branch","loc":{"start":{"line":2,"column":48046},"end":{"line":2,"column":48134}},"locations":[{"start":{"line":2,"column":48046},"end":{"line":2,"column":48134}}]},"304":{"type":"branch","loc":{"start":{"line":2,"column":48137},"end":{"line":2,"column":48199}},"locations":[{"start":{"line":2,"column":48137},"end":{"line":2,"column":48199}}]},"305":{"type":"branch","loc":{"start":{"line":2,"column":48250},"end":{"line":2,"column":48273}},"locations":[{"start":{"line":2,"column":48250},"end":{"line":2,"column":48273}}]},"306":{"type":"branch","loc":{"start":{"line":2,"column":48571},"end":{"line":2,"column":48581}},"locations":[{"start":{"line":2,"column":48571},"end":{"line":2,"column":48581}}]},"307":{"type":"branch","loc":{"start":{"line":2,"column":48773},"end":{"line":2,"column":48825}},"locations":[{"start":{"line":2,"column":48773},"end":{"line":2,"column":48825}}]},"308":{"type":"branch","loc":{"start":{"line":2,"column":49306},"end":{"line":2,"column":49530}},"locations":[{"start":{"line":2,"column":49306},"end":{"line":2,"column":49530}}]},"309":{"type":"branch","loc":{"start":{"line":2,"column":49553},"end":{"line":2,"column":49578}},"locations":[{"start":{"line":2,"column":49553},"end":{"line":2,"column":49578}}]},"310":{"type":"branch","loc":{"start":{"line":2,"column":49611},"end":{"line":2,"column":49619}},"locations":[{"start":{"line":2,"column":49611},"end":{"line":2,"column":49619}}]},"311":{"type":"branch","loc":{"start":{"line":2,"column":49649},"end":{"line":2,"column":49655}},"locations":[{"start":{"line":2,"column":49649},"end":{"line":2,"column":49655}}]},"312":{"type":"branch","loc":{"start":{"line":2,"column":49860},"end":{"line":2,"column":49933}},"locations":[{"start":{"line":2,"column":49860},"end":{"line":2,"column":49933}}]},"313":{"type":"branch","loc":{"start":{"line":2,"column":49972},"end":{"line":2,"column":50011}},"locations":[{"start":{"line":2,"column":49972},"end":{"line":2,"column":50011}}]},"314":{"type":"branch","loc":{"start":{"line":2,"column":50171},"end":{"line":2,"column":50179}},"locations":[{"start":{"line":2,"column":50171},"end":{"line":2,"column":50179}}]},"315":{"type":"branch","loc":{"start":{"line":2,"column":50283},"end":{"line":2,"column":50290}},"locations":[{"start":{"line":2,"column":50283},"end":{"line":2,"column":50290}}]},"316":{"type":"branch","loc":{"start":{"line":2,"column":50406},"end":{"line":2,"column":50536}},"locations":[{"start":{"line":2,"column":50406},"end":{"line":2,"column":50536}}]},"317":{"type":"branch","loc":{"start":{"line":2,"column":50631},"end":{"line":2,"column":50688}},"locations":[{"start":{"line":2,"column":50631},"end":{"line":2,"column":50688}}]},"318":{"type":"branch","loc":{"start":{"line":2,"column":50692},"end":{"line":2,"column":50724}},"locations":[{"start":{"line":2,"column":50692},"end":{"line":2,"column":50724}}]},"319":{"type":"branch","loc":{"start":{"line":2,"column":50760},"end":{"line":2,"column":50893}},"locations":[{"start":{"line":2,"column":50760},"end":{"line":2,"column":50893}}]},"320":{"type":"branch","loc":{"start":{"line":2,"column":50897},"end":{"line":2,"column":50951}},"locations":[{"start":{"line":2,"column":50897},"end":{"line":2,"column":50951}}]},"321":{"type":"branch","loc":{"start":{"line":2,"column":50961},"end":{"line":2,"column":50963}},"locations":[{"start":{"line":2,"column":50961},"end":{"line":2,"column":50963}}]},"322":{"type":"branch","loc":{"start":{"line":2,"column":50987},"end":{"line":2,"column":51027}},"locations":[{"start":{"line":2,"column":50987},"end":{"line":2,"column":51027}}]},"323":{"type":"branch","loc":{"start":{"line":2,"column":51181},"end":{"line":2,"column":51320}},"locations":[{"start":{"line":2,"column":51181},"end":{"line":2,"column":51320}}]},"324":{"type":"branch","loc":{"start":{"line":2,"column":51466},"end":{"line":2,"column":51521}},"locations":[{"start":{"line":2,"column":51466},"end":{"line":2,"column":51521}}]},"325":{"type":"branch","loc":{"start":{"line":2,"column":51615},"end":{"line":2,"column":51619}},"locations":[{"start":{"line":2,"column":51615},"end":{"line":2,"column":51619}}]},"326":{"type":"branch","loc":{"start":{"line":2,"column":51739},"end":{"line":2,"column":51772}},"locations":[{"start":{"line":2,"column":51739},"end":{"line":2,"column":51772}}]},"327":{"type":"branch","loc":{"start":{"line":2,"column":52076},"end":{"line":2,"column":52104}},"locations":[{"start":{"line":2,"column":52076},"end":{"line":2,"column":52104}}]},"328":{"type":"branch","loc":{"start":{"line":2,"column":52180},"end":{"line":2,"column":52194}},"locations":[{"start":{"line":2,"column":52180},"end":{"line":2,"column":52194}}]},"329":{"type":"branch","loc":{"start":{"line":2,"column":52730},"end":{"line":2,"column":52970}},"locations":[{"start":{"line":2,"column":52730},"end":{"line":2,"column":52970}}]},"330":{"type":"branch","loc":{"start":{"line":2,"column":52994},"end":{"line":2,"column":53010}},"locations":[{"start":{"line":2,"column":52994},"end":{"line":2,"column":53010}}]},"331":{"type":"branch","loc":{"start":{"line":2,"column":53034},"end":{"line":2,"column":53049}},"locations":[{"start":{"line":2,"column":53034},"end":{"line":2,"column":53049}}]},"332":{"type":"branch","loc":{"start":{"line":2,"column":53073},"end":{"line":2,"column":53093}},"locations":[{"start":{"line":2,"column":53073},"end":{"line":2,"column":53093}}]},"333":{"type":"branch","loc":{"start":{"line":2,"column":53117},"end":{"line":2,"column":53132}},"locations":[{"start":{"line":2,"column":53117},"end":{"line":2,"column":53132}}]},"334":{"type":"branch","loc":{"start":{"line":2,"column":53156},"end":{"line":2,"column":53178}},"locations":[{"start":{"line":2,"column":53156},"end":{"line":2,"column":53178}}]},"335":{"type":"branch","loc":{"start":{"line":2,"column":53502},"end":{"line":2,"column":53576}},"locations":[{"start":{"line":2,"column":53502},"end":{"line":2,"column":53576}}]},"336":{"type":"branch","loc":{"start":{"line":2,"column":53752},"end":{"line":2,"column":53897}},"locations":[{"start":{"line":2,"column":53752},"end":{"line":2,"column":53897}}]},"337":{"type":"branch","loc":{"start":{"line":2,"column":55027},"end":{"line":2,"column":55060}},"locations":[{"start":{"line":2,"column":55027},"end":{"line":2,"column":55060}}]},"338":{"type":"branch","loc":{"start":{"line":2,"column":55122},"end":{"line":2,"column":55428}},"locations":[{"start":{"line":2,"column":55122},"end":{"line":2,"column":55428}}]},"339":{"type":"branch","loc":{"start":{"line":2,"column":55936},"end":{"line":2,"column":55941}},"locations":[{"start":{"line":2,"column":55936},"end":{"line":2,"column":55941}}]},"340":{"type":"branch","loc":{"start":{"line":2,"column":56184},"end":{"line":2,"column":56246}},"locations":[{"start":{"line":2,"column":56184},"end":{"line":2,"column":56246}}]},"341":{"type":"branch","loc":{"start":{"line":2,"column":56410},"end":{"line":2,"column":56415}},"locations":[{"start":{"line":2,"column":56410},"end":{"line":2,"column":56415}}]},"342":{"type":"branch","loc":{"start":{"line":2,"column":56753},"end":{"line":2,"column":56803}},"locations":[{"start":{"line":2,"column":56753},"end":{"line":2,"column":56803}}]},"343":{"type":"branch","loc":{"start":{"line":2,"column":56969},"end":{"line":2,"column":57054}},"locations":[{"start":{"line":2,"column":56969},"end":{"line":2,"column":57054}}]},"344":{"type":"branch","loc":{"start":{"line":2,"column":57170},"end":{"line":2,"column":57230}},"locations":[{"start":{"line":2,"column":57170},"end":{"line":2,"column":57230}}]},"345":{"type":"branch","loc":{"start":{"line":2,"column":57448},"end":{"line":2,"column":57496}},"locations":[{"start":{"line":2,"column":57448},"end":{"line":2,"column":57496}}]},"346":{"type":"branch","loc":{"start":{"line":2,"column":57670},"end":{"line":2,"column":57675}},"locations":[{"start":{"line":2,"column":57670},"end":{"line":2,"column":57675}}]},"347":{"type":"branch","loc":{"start":{"line":2,"column":57776},"end":{"line":2,"column":57781}},"locations":[{"start":{"line":2,"column":57776},"end":{"line":2,"column":57781}}]},"348":{"type":"branch","loc":{"start":{"line":2,"column":58122},"end":{"line":2,"column":58182}},"locations":[{"start":{"line":2,"column":58122},"end":{"line":2,"column":58182}}]},"349":{"type":"branch","loc":{"start":{"line":2,"column":58336},"end":{"line":2,"column":58341}},"locations":[{"start":{"line":2,"column":58336},"end":{"line":2,"column":58341}}]},"350":{"type":"branch","loc":{"start":{"line":2,"column":58522},"end":{"line":2,"column":58565}},"locations":[{"start":{"line":2,"column":58522},"end":{"line":2,"column":58565}}]},"351":{"type":"branch","loc":{"start":{"line":2,"column":58636},"end":{"line":2,"column":58655}},"locations":[{"start":{"line":2,"column":58636},"end":{"line":2,"column":58655}}]},"352":{"type":"branch","loc":{"start":{"line":2,"column":58676},"end":{"line":2,"column":58683}},"locations":[{"start":{"line":2,"column":58676},"end":{"line":2,"column":58683}}]},"353":{"type":"branch","loc":{"start":{"line":2,"column":58726},"end":{"line":2,"column":58842}},"locations":[{"start":{"line":2,"column":58726},"end":{"line":2,"column":58842}}]},"354":{"type":"branch","loc":{"start":{"line":2,"column":59043},"end":{"line":2,"column":59090}},"locations":[{"start":{"line":2,"column":59043},"end":{"line":2,"column":59090}}]},"355":{"type":"branch","loc":{"start":{"line":2,"column":59092},"end":{"line":2,"column":59153}},"locations":[{"start":{"line":2,"column":59092},"end":{"line":2,"column":59153}}]},"356":{"type":"branch","loc":{"start":{"line":2,"column":59176},"end":{"line":2,"column":59179}},"locations":[{"start":{"line":2,"column":59176},"end":{"line":2,"column":59179}}]},"357":{"type":"branch","loc":{"start":{"line":2,"column":60790},"end":{"line":2,"column":60830}},"locations":[{"start":{"line":2,"column":60790},"end":{"line":2,"column":60830}}]},"358":{"type":"branch","loc":{"start":{"line":2,"column":60907},"end":{"line":2,"column":60918}},"locations":[{"start":{"line":2,"column":60907},"end":{"line":2,"column":60918}}]},"359":{"type":"branch","loc":{"start":{"line":2,"column":61064},"end":{"line":2,"column":61077}},"locations":[{"start":{"line":2,"column":61064},"end":{"line":2,"column":61077}}]},"360":{"type":"branch","loc":{"start":{"line":2,"column":62445},"end":{"line":2,"column":62457}},"locations":[{"start":{"line":2,"column":62445},"end":{"line":2,"column":62457}}]},"361":{"type":"branch","loc":{"start":{"line":2,"column":62520},"end":{"line":2,"column":62531}},"locations":[{"start":{"line":2,"column":62520},"end":{"line":2,"column":62531}}]},"362":{"type":"branch","loc":{"start":{"line":2,"column":62954},"end":{"line":2,"column":62975}},"locations":[{"start":{"line":2,"column":62954},"end":{"line":2,"column":62975}}]},"363":{"type":"branch","loc":{"start":{"line":2,"column":63073},"end":{"line":2,"column":63082}},"locations":[{"start":{"line":2,"column":63073},"end":{"line":2,"column":63082}}]},"364":{"type":"branch","loc":{"start":{"line":2,"column":63295},"end":{"line":2,"column":63301}},"locations":[{"start":{"line":2,"column":63295},"end":{"line":2,"column":63301}}]},"365":{"type":"branch","loc":{"start":{"line":2,"column":63732},"end":{"line":2,"column":63740}},"locations":[{"start":{"line":2,"column":63732},"end":{"line":2,"column":63740}}]},"366":{"type":"branch","loc":{"start":{"line":2,"column":64108},"end":{"line":2,"column":64179}},"locations":[{"start":{"line":2,"column":64108},"end":{"line":2,"column":64179}}]},"367":{"type":"branch","loc":{"start":{"line":2,"column":64284},"end":{"line":2,"column":64462}},"locations":[{"start":{"line":2,"column":64284},"end":{"line":2,"column":64462}}]},"368":{"type":"branch","loc":{"start":{"line":2,"column":64507},"end":{"line":2,"column":64532}},"locations":[{"start":{"line":2,"column":64507},"end":{"line":2,"column":64532}}]},"369":{"type":"branch","loc":{"start":{"line":2,"column":64667},"end":{"line":2,"column":64679}},"locations":[{"start":{"line":2,"column":64667},"end":{"line":2,"column":64679}}]},"370":{"type":"branch","loc":{"start":{"line":2,"column":64721},"end":{"line":2,"column":64750}},"locations":[{"start":{"line":2,"column":64721},"end":{"line":2,"column":64750}}]},"371":{"type":"branch","loc":{"start":{"line":2,"column":64778},"end":{"line":2,"column":64789}},"locations":[{"start":{"line":2,"column":64778},"end":{"line":2,"column":64789}}]},"372":{"type":"branch","loc":{"start":{"line":2,"column":64808},"end":{"line":2,"column":64865}},"locations":[{"start":{"line":2,"column":64808},"end":{"line":2,"column":64865}}]},"373":{"type":"branch","loc":{"start":{"line":2,"column":65012},"end":{"line":2,"column":65308}},"locations":[{"start":{"line":2,"column":65012},"end":{"line":2,"column":65308}}]},"374":{"type":"branch","loc":{"start":{"line":2,"column":65367},"end":{"line":2,"column":65379}},"locations":[{"start":{"line":2,"column":65367},"end":{"line":2,"column":65379}}]},"375":{"type":"branch","loc":{"start":{"line":2,"column":65442},"end":{"line":2,"column":65460}},"locations":[{"start":{"line":2,"column":65442},"end":{"line":2,"column":65460}}]},"376":{"type":"branch","loc":{"start":{"line":2,"column":65857},"end":{"line":2,"column":65879}},"locations":[{"start":{"line":2,"column":65857},"end":{"line":2,"column":65879}}]},"377":{"type":"branch","loc":{"start":{"line":2,"column":66002},"end":{"line":2,"column":66016}},"locations":[{"start":{"line":2,"column":66002},"end":{"line":2,"column":66016}}]},"378":{"type":"branch","loc":{"start":{"line":2,"column":66113},"end":{"line":2,"column":66124}},"locations":[{"start":{"line":2,"column":66113},"end":{"line":2,"column":66124}}]},"379":{"type":"branch","loc":{"start":{"line":2,"column":66193},"end":{"line":2,"column":66286}},"locations":[{"start":{"line":2,"column":66193},"end":{"line":2,"column":66286}}]},"380":{"type":"branch","loc":{"start":{"line":2,"column":66390},"end":{"line":2,"column":66609}},"locations":[{"start":{"line":2,"column":66390},"end":{"line":2,"column":66609}}]},"381":{"type":"branch","loc":{"start":{"line":2,"column":66611},"end":{"line":2,"column":66642}},"locations":[{"start":{"line":2,"column":66611},"end":{"line":2,"column":66642}}]},"382":{"type":"branch","loc":{"start":{"line":2,"column":66646},"end":{"line":2,"column":66736}},"locations":[{"start":{"line":2,"column":66646},"end":{"line":2,"column":66736}}]},"383":{"type":"branch","loc":{"start":{"line":2,"column":66807},"end":{"line":2,"column":66963}},"locations":[{"start":{"line":2,"column":66807},"end":{"line":2,"column":66963}}]},"384":{"type":"branch","loc":{"start":{"line":2,"column":67003},"end":{"line":2,"column":67010}},"locations":[{"start":{"line":2,"column":67003},"end":{"line":2,"column":67010}}]},"385":{"type":"branch","loc":{"start":{"line":2,"column":67053},"end":{"line":2,"column":67080}},"locations":[{"start":{"line":2,"column":67053},"end":{"line":2,"column":67080}}]},"386":{"type":"branch","loc":{"start":{"line":2,"column":67202},"end":{"line":2,"column":67266}},"locations":[{"start":{"line":2,"column":67202},"end":{"line":2,"column":67266}}]},"387":{"type":"branch","loc":{"start":{"line":2,"column":67482},"end":{"line":2,"column":67727}},"locations":[{"start":{"line":2,"column":67482},"end":{"line":2,"column":67727}}]},"388":{"type":"branch","loc":{"start":{"line":2,"column":67800},"end":{"line":2,"column":68044}},"locations":[{"start":{"line":2,"column":67800},"end":{"line":2,"column":68044}}]},"389":{"type":"branch","loc":{"start":{"line":2,"column":68120},"end":{"line":2,"column":68141}},"locations":[{"start":{"line":2,"column":68120},"end":{"line":2,"column":68141}}]},"390":{"type":"branch","loc":{"start":{"line":2,"column":68170},"end":{"line":2,"column":68437}},"locations":[{"start":{"line":2,"column":68170},"end":{"line":2,"column":68437}}]},"391":{"type":"branch","loc":{"start":{"line":2,"column":68455},"end":{"line":2,"column":68481}},"locations":[{"start":{"line":2,"column":68455},"end":{"line":2,"column":68481}}]},"392":{"type":"branch","loc":{"start":{"line":2,"column":68523},"end":{"line":2,"column":68528}},"locations":[{"start":{"line":2,"column":68523},"end":{"line":2,"column":68528}}]},"393":{"type":"branch","loc":{"start":{"line":2,"column":68601},"end":{"line":2,"column":68723}},"locations":[{"start":{"line":2,"column":68601},"end":{"line":2,"column":68723}}]},"394":{"type":"branch","loc":{"start":{"line":2,"column":68891},"end":{"line":2,"column":69184}},"locations":[{"start":{"line":2,"column":68891},"end":{"line":2,"column":69184}}]},"395":{"type":"branch","loc":{"start":{"line":2,"column":69213},"end":{"line":2,"column":69216}},"locations":[{"start":{"line":2,"column":69213},"end":{"line":2,"column":69216}}]},"396":{"type":"branch","loc":{"start":{"line":2,"column":69221},"end":{"line":2,"column":69240}},"locations":[{"start":{"line":2,"column":69221},"end":{"line":2,"column":69240}}]},"397":{"type":"branch","loc":{"start":{"line":2,"column":69246},"end":{"line":2,"column":69263}},"locations":[{"start":{"line":2,"column":69246},"end":{"line":2,"column":69263}}]},"398":{"type":"branch","loc":{"start":{"line":2,"column":69313},"end":{"line":2,"column":69380}},"locations":[{"start":{"line":2,"column":69313},"end":{"line":2,"column":69380}}]},"399":{"type":"branch","loc":{"start":{"line":2,"column":69423},"end":{"line":2,"column":69506}},"locations":[{"start":{"line":2,"column":69423},"end":{"line":2,"column":69506}}]},"400":{"type":"branch","loc":{"start":{"line":2,"column":69550},"end":{"line":2,"column":69595}},"locations":[{"start":{"line":2,"column":69550},"end":{"line":2,"column":69595}}]},"401":{"type":"branch","loc":{"start":{"line":2,"column":69615},"end":{"line":2,"column":69651}},"locations":[{"start":{"line":2,"column":69615},"end":{"line":2,"column":69651}}]},"402":{"type":"branch","loc":{"start":{"line":2,"column":69723},"end":{"line":2,"column":69737}},"locations":[{"start":{"line":2,"column":69723},"end":{"line":2,"column":69737}}]},"403":{"type":"branch","loc":{"start":{"line":2,"column":70013},"end":{"line":2,"column":70018}},"locations":[{"start":{"line":2,"column":70013},"end":{"line":2,"column":70018}}]},"404":{"type":"branch","loc":{"start":{"line":2,"column":70192},"end":{"line":2,"column":70258}},"locations":[{"start":{"line":2,"column":70192},"end":{"line":2,"column":70258}}]},"405":{"type":"branch","loc":{"start":{"line":2,"column":70336},"end":{"line":2,"column":70347}},"locations":[{"start":{"line":2,"column":70336},"end":{"line":2,"column":70347}}]},"406":{"type":"branch","loc":{"start":{"line":2,"column":70435},"end":{"line":2,"column":70508}},"locations":[{"start":{"line":2,"column":70435},"end":{"line":2,"column":70508}}]},"407":{"type":"branch","loc":{"start":{"line":2,"column":70540},"end":{"line":2,"column":70567}},"locations":[{"start":{"line":2,"column":70540},"end":{"line":2,"column":70567}}]},"408":{"type":"branch","loc":{"start":{"line":2,"column":71927},"end":{"line":2,"column":71937}},"locations":[{"start":{"line":2,"column":71927},"end":{"line":2,"column":71937}}]},"409":{"type":"branch","loc":{"start":{"line":2,"column":72033},"end":{"line":2,"column":72057}},"locations":[{"start":{"line":2,"column":72033},"end":{"line":2,"column":72057}}]},"410":{"type":"branch","loc":{"start":{"line":2,"column":72127},"end":{"line":2,"column":72143}},"locations":[{"start":{"line":2,"column":72127},"end":{"line":2,"column":72143}}]},"411":{"type":"branch","loc":{"start":{"line":2,"column":72209},"end":{"line":2,"column":72284}},"locations":[{"start":{"line":2,"column":72209},"end":{"line":2,"column":72284}}]},"412":{"type":"branch","loc":{"start":{"line":2,"column":72340},"end":{"line":2,"column":72367}},"locations":[{"start":{"line":2,"column":72340},"end":{"line":2,"column":72367}}]},"413":{"type":"branch","loc":{"start":{"line":2,"column":72493},"end":{"line":2,"column":72503}},"locations":[{"start":{"line":2,"column":72493},"end":{"line":2,"column":72503}}]},"414":{"type":"branch","loc":{"start":{"line":2,"column":72642},"end":{"line":2,"column":72704}},"locations":[{"start":{"line":2,"column":72642},"end":{"line":2,"column":72704}}]},"415":{"type":"branch","loc":{"start":{"line":2,"column":72918},"end":{"line":2,"column":73029}},"locations":[{"start":{"line":2,"column":72918},"end":{"line":2,"column":73029}}]},"416":{"type":"branch","loc":{"start":{"line":2,"column":73252},"end":{"line":2,"column":73260}},"locations":[{"start":{"line":2,"column":73252},"end":{"line":2,"column":73260}}]},"417":{"type":"branch","loc":{"start":{"line":2,"column":73557},"end":{"line":2,"column":73581}},"locations":[{"start":{"line":2,"column":73557},"end":{"line":2,"column":73581}}]},"418":{"type":"branch","loc":{"start":{"line":2,"column":73630},"end":{"line":2,"column":73646}},"locations":[{"start":{"line":2,"column":73630},"end":{"line":2,"column":73646}}]},"419":{"type":"branch","loc":{"start":{"line":2,"column":74083},"end":{"line":2,"column":74352}},"locations":[{"start":{"line":2,"column":74083},"end":{"line":2,"column":74352}}]},"420":{"type":"branch","loc":{"start":{"line":2,"column":74356},"end":{"line":2,"column":74390}},"locations":[{"start":{"line":2,"column":74356},"end":{"line":2,"column":74390}}]},"421":{"type":"branch","loc":{"start":{"line":2,"column":74437},"end":{"line":2,"column":74463}},"locations":[{"start":{"line":2,"column":74437},"end":{"line":2,"column":74463}}]},"422":{"type":"branch","loc":{"start":{"line":2,"column":74711},"end":{"line":2,"column":74764}},"locations":[{"start":{"line":2,"column":74711},"end":{"line":2,"column":74764}}]},"423":{"type":"branch","loc":{"start":{"line":2,"column":74768},"end":{"line":2,"column":74801}},"locations":[{"start":{"line":2,"column":74768},"end":{"line":2,"column":74801}}]},"424":{"type":"branch","loc":{"start":{"line":2,"column":74803},"end":{"line":2,"column":75541}},"locations":[{"start":{"line":2,"column":74803},"end":{"line":2,"column":75541}}]},"425":{"type":"branch","loc":{"start":{"line":2,"column":75568},"end":{"line":2,"column":75638}},"locations":[{"start":{"line":2,"column":75568},"end":{"line":2,"column":75638}}]},"426":{"type":"branch","loc":{"start":{"line":2,"column":80032},"end":{"line":2,"column":80041}},"locations":[{"start":{"line":2,"column":80032},"end":{"line":2,"column":80041}}]},"427":{"type":"branch","loc":{"start":{"line":2,"column":80084},"end":{"line":2,"column":80095}},"locations":[{"start":{"line":2,"column":80084},"end":{"line":2,"column":80095}}]},"428":{"type":"branch","loc":{"start":{"line":2,"column":80143},"end":{"line":2,"column":80187}},"locations":[{"start":{"line":2,"column":80143},"end":{"line":2,"column":80187}}]},"429":{"type":"branch","loc":{"start":{"line":2,"column":80323},"end":{"line":2,"column":80342}},"locations":[{"start":{"line":2,"column":80323},"end":{"line":2,"column":80342}}]},"430":{"type":"branch","loc":{"start":{"line":2,"column":80446},"end":{"line":2,"column":80459}},"locations":[{"start":{"line":2,"column":80446},"end":{"line":2,"column":80459}}]},"431":{"type":"branch","loc":{"start":{"line":2,"column":80639},"end":{"line":2,"column":80661}},"locations":[{"start":{"line":2,"column":80639},"end":{"line":2,"column":80661}}]},"432":{"type":"branch","loc":{"start":{"line":2,"column":80917},"end":{"line":2,"column":80928}},"locations":[{"start":{"line":2,"column":80917},"end":{"line":2,"column":80928}}]},"433":{"type":"branch","loc":{"start":{"line":2,"column":81096},"end":{"line":2,"column":81102}},"locations":[{"start":{"line":2,"column":81096},"end":{"line":2,"column":81102}}]},"434":{"type":"branch","loc":{"start":{"line":2,"column":81192},"end":{"line":2,"column":81200}},"locations":[{"start":{"line":2,"column":81192},"end":{"line":2,"column":81200}}]},"435":{"type":"branch","loc":{"start":{"line":2,"column":81306},"end":{"line":2,"column":81331}},"locations":[{"start":{"line":2,"column":81306},"end":{"line":2,"column":81331}}]},"436":{"type":"branch","loc":{"start":{"line":2,"column":81376},"end":{"line":2,"column":81400}},"locations":[{"start":{"line":2,"column":81376},"end":{"line":2,"column":81400}}]},"437":{"type":"branch","loc":{"start":{"line":2,"column":81479},"end":{"line":2,"column":81542}},"locations":[{"start":{"line":2,"column":81479},"end":{"line":2,"column":81542}}]},"438":{"type":"branch","loc":{"start":{"line":2,"column":81552},"end":{"line":2,"column":81669}},"locations":[{"start":{"line":2,"column":81552},"end":{"line":2,"column":81669}}]},"439":{"type":"branch","loc":{"start":{"line":2,"column":82695},"end":{"line":2,"column":82713}},"locations":[{"start":{"line":2,"column":82695},"end":{"line":2,"column":82713}}]},"440":{"type":"branch","loc":{"start":{"line":2,"column":82763},"end":{"line":2,"column":82957}},"locations":[{"start":{"line":2,"column":82763},"end":{"line":2,"column":82957}}]},"441":{"type":"branch","loc":{"start":{"line":2,"column":82994},"end":{"line":2,"column":83023}},"locations":[{"start":{"line":2,"column":82994},"end":{"line":2,"column":83023}}]},"442":{"type":"branch","loc":{"start":{"line":2,"column":83096},"end":{"line":2,"column":83123}},"locations":[{"start":{"line":2,"column":83096},"end":{"line":2,"column":83123}}]},"443":{"type":"branch","loc":{"start":{"line":2,"column":83423},"end":{"line":2,"column":83505}},"locations":[{"start":
[...]
e":47,"column":1}},"47":{"start":{"line":48,"column":0},"end":{"line":48,"column":0}},"48":{"start":{"line":49,"column":0},"end":{"line":49,"column":19}},"49":{"start":{"line":50,"column":0},"end":{"line":50,"column":29}},"50":{"start":{"line":51,"column":0},"end":{"line":51,"column":7}},"51":{"start":{"line":52,"column":0},"end":{"line":52,"column":44}},"52":{"start":{"line":53,"column":0},"end":{"line":53,"column":28}},"53":{"start":{"line":54,"column":0},"end":{"line":54,"column":27}},"54":{"start":{"line":55,"column":0},"end":{"line":55,"column":27}},"55":{"start":{"line":56,"column":0},"end":{"line":56,"column":70}},"56":{"start":{"line":57,"column":0},"end":{"line":57,"column":19}},"57":{"start":{"line":58,"column":0},"end":{"line":58,"column":16}},"58":{"start":{"line":59,"column":0},"end":{"line":59,"column":19}},"59":{"start":{"line":60,"column":0},"end":{"line":60,"column":0}},"60":{"start":{"line":61,"column":0},"end":{"line":61,"column":57}},"61":{"start":{"line":62,"column":0},"end":{"line":62,"column":39}},"62":{"start":{"line":63,"column":0},"end":{"line":63,"column":28}},"63":{"start":{"line":64,"column":0},"end":{"line":64,"column":16}},"64":{"start":{"line":65,"column":0},"end":{"line":65,"column":25}},"65":{"start":{"line":66,"column":0},"end":{"line":66,"column":39}},"66":{"start":{"line":67,"column":0},"end":{"line":67,"column":10}},"67":{"start":{"line":68,"column":0},"end":{"line":68,"column":8}},"68":{"start":{"line":69,"column":0},"end":{"line":69,"column":29}},"69":{"start":{"line":70,"column":0},"end":{"line":70,"column":45}},"70":{"start":{"line":71,"column":0},"end":{"line":71,"column":8}},"71":{"start":{"line":72,"column":0},"end":{"line":72,"column":19}},"72":{"start":{"line":73,"column":0},"end":{"line":73,"column":0}},"73":{"start":{"line":74,"column":0},"end":{"line":74,"column":34}},"74":{"start":{"line":75,"column":0},"end":{"line":75,"column":55}},"75":{"start":{"line":76,"column":0},"end":{"line":76,"column":59}},"76":{"start":{"line":77,"column":0},"end":{"line":77,"column":0}},"77":{"start":{"line":78,"column":0},"end":{"line":78,"column":34}},"78":{"start":{"line":79,"column":0},"end":{"line":79,"column":74}},"79":{"start":{"line":80,"column":0},"end":{"line":80,"column":26}},"80":{"start":{"line":81,"column":0},"end":{"line":81,"column":28}},"81":{"start":{"line":82,"column":0},"end":{"line":82,"column":32}},"82":{"start":{"line":83,"column":0},"end":{"line":83,"column":0}},"83":{"start":{"line":84,"column":0},"end":{"line":84,"column":77}},"84":{"start":{"line":85,"column":0},"end":{"line":85,"column":0}},"85":{"start":{"line":86,"column":0},"end":{"line":86,"column":31}},"86":{"start":{"line":87,"column":0},"end":{"line":87,"column":46}},"87":{"start":{"line":88,"column":0},"end":{"line":88,"column":90}},"88":{"start":{"line":89,"column":0},"end":{"line":89,"column":8}},"89":{"start":{"line":90,"column":0},"end":{"line":90,"column":7}},"90":{"start":{"line":91,"column":0},"end":{"line":91,"column":0}},"91":{"start":{"line":92,"column":0},"end":{"line":92,"column":20}},"92":{"start":{"line":93,"column":0},"end":{"line":93,"column":50}},"93":{"start":{"line":94,"column":0},"end":{"line":94,"column":21}},"94":{"start":{"line":95,"column":0},"end":{"line":95,"column":34}},"95":{"start":{"line":96,"column":0},"end":{"line":96,"column":7}},"96":{"start":{"line":97,"column":0},"end":{"line":97,"column":0}},"97":{"start":{"line":98,"column":0},"end":{"line":98,"column":66}},"98":{"start":{"line":99,"column":0},"end":{"line":99,"column":66}},"99":{"start":{"line":100,"column":0},"end":{"line":100,"column":65}},"100":{"start":{"line":101,"column":0},"end":{"line":101,"column":32}},"101":{"start":{"line":102,"column":0},"end":{"line":102,"column":0}},"102":{"start":{"line":103,"column":0},"end":{"line":103,"column":15}},"103":{"start":{"line":104,"column":0},"end":{"line":104,"column":36}},"104":{"start":{"line":105,"column":0},"end":{"line":105,"column":35}},"105":{"start":{"line":106,"column":0},"end":{"line":106,"column":24}},"106":{"start":{"line":107,"column":0},"end":{"line":107,"column":32}},"107":{"start":{"line":108,"column":0},"end":{"line":108,"column":65}},"108":{"start":{"line":109,"column":0},"end":{"line":109,"column":18}},"109":{"start":{"line":110,"column":0},"end":{"line":110,"column":23}},"110":{"start":{"line":111,"column":0},"end":{"line":111,"column":46}},"111":{"start":{"line":112,"column":0},"end":{"line":112,"column":45}},"112":{"start":{"line":113,"column":0},"end":{"line":113,"column":57}},"113":{"start":{"line":114,"column":0},"end":{"line":114,"column":92}},"114":{"start":{"line":115,"column":0},"end":{"line":115,"column":19}},"115":{"start":{"line":116,"column":0},"end":{"line":116,"column":16}},"116":{"start":{"line":117,"column":0},"end":{"line":117,"column":16}},"117":{"start":{"line":118,"column":0},"end":{"line":118,"column":27}},"118":{"start":{"line":119,"column":0},"end":{"line":119,"column":39}},"119":{"start":{"line":120,"column":0},"end":{"line":120,"column":11}},"120":{"start":{"line":121,"column":0},"end":{"line":121,"column":29}},"121":{"start":{"line":122,"column":0},"end":{"line":122,"column":26}},"122":{"start":{"line":123,"column":0},"end":{"line":123,"column":27}},"123":{"start":{"line":124,"column":0},"end":{"line":124,"column":36}},"124":{"start":{"line":125,"column":0},"end":{"line":125,"column":11}},"125":{"start":{"line":126,"column":0},"end":{"line":126,"column":10}},"126":{"start":{"line":127,"column":0},"end":{"line":127,"column":11}},"127":{"start":{"line":128,"column":0},"end":{"line":128,"column":20}},"128":{"start":{"line":129,"column":0},"end":{"line":129,"column":32}},"129":{"start":{"line":130,"column":0},"end":{"line":130,"column":3}},"130":{"start":{"line":131,"column":0},"end":{"line":131,"column":1}},"131":{"start":{"line":132,"column":0},"end":{"line":132,"column":0}},"132":{"start":{"line":133,"column":0},"end":{"line":133,"column":32}},"133":{"start":{"line":134,"column":0},"end":{"line":134,"column":17}},"134":{"start":{"line":135,"column":0},"end":{"line":135,"column":18}},"135":{"start":{"line":136,"column":0},"end":{"line":136,"column":7}},"136":{"start":{"line":137,"column":0},"end":{"line":137,"column":27}},"137":{"start":{"line":138,"column":0},"end":{"line":138,"column":58}},"138":{"start":{"line":139,"column":0},"end":{"line":139,"column":101}},"139":{"start":{"line":140,"column":0},"end":{"line":140,"column":73}},"140":{"start":{"line":141,"column":0},"end":{"line":141,"column":66}},"141":{"start":{"line":142,"column":0},"end":{"line":142,"column":34}},"142":{"start":{"line":143,"column":0},"end":{"line":143,"column":18}},"143":{"start":{"line":144,"column":0},"end":{"line":144,"column":12}},"144":{"start":{"line":145,"column":0},"end":{"line":145,"column":58}},"145":{"start":{"line":146,"column":0},"end":{"line":146,"column":5}},"146":{"start":{"line":147,"column":0},"end":{"line":147,"column":20}},"147":{"start":{"line":148,"column":0},"end":{"line":148,"column":39}},"148":{"start":{"line":149,"column":0},"end":{"line":149,"column":102}},"149":{"start":{"line":150,"column":0},"end":{"line":150,"column":6}},"150":{"start":{"line":151,"column":0},"end":{"line":151,"column":44}},"151":{"start":{"line":152,"column":0},"end":{"line":152,"column":48}},"152":{"start":{"line":153,"column":0},"end":{"line":153,"column":11}},"153":{"start":{"line":154,"column":0},"end":{"line":154,"column":20}},"154":{"start":{"line":155,"column":0},"end":{"line":155,"column":27}},"155":{"start":{"line":156,"column":0},"end":{"line":156,"column":43}},"156":{"start":{"line":157,"column":0},"end":{"line":157,"column":47}},"157":{"start":{"line":158,"column":0},"end":{"line":158,"column":3}},"158":{"start":{"line":159,"column":0},"end":{"line":159,"column":1}},"159":{"start":{"line":160,"column":0},"end":{"line":160,"column":0}},"160":{"start":{"line":161,"column":0},"end":{"line":161,"column":29}},"161":{"start":{"line":162,"column":0},"end":{"line":162,"column":44}},"162":{"start":{"line":163,"column":0},"end":{"line":163,"column":55}},"163":{"start":{"line":164,"column":0},"end":{"line":164,"column":39}},"164":{"start":{"line":165,"column":0},"end":{"line":165,"column":21}},"165":{"start":{"line":166,"column":0},"end":{"line":166,"column":24}},"166":{"start":{"line":167,"column":0},"end":{"line":167,"column":39}},"167":{"start":{"line":168,"column":0},"end":{"line":168,"column":64}},"168":{"start":{"line":169,"column":0},"end":{"line":169,"column":46}},"169":{"start":{"line":170,"column":0},"end":{"line":170,"column":82}},"170":{"start":{"line":171,"column":0},"end":{"line":171,"column":10}},"171":{"start":{"line":172,"column":0},"end":{"line":172,"column":14}},"172":{"start":{"line":173,"column":0},"end":{"line":173,"column":15}},"173":{"start":{"line":174,"column":0},"end":{"line":174,"column":7}},"174":{"start":{"line":175,"column":0},"end":{"line":175,"column":22}},"175":{"start":{"line":176,"column":0},"end":{"line":176,"column":51}},"176":{"start":{"line":177,"column":0},"end":{"line":177,"column":35}},"177":{"start":{"line":178,"column":0},"end":{"line":178,"column":26}},"178":{"start":{"line":179,"column":0},"end":{"line":179,"column":22}},"179":{"start":{"line":180,"column":0},"end":{"line":180,"column":9}},"180":{"start":{"line":181,"column":0},"end":{"line":181,"column":52}},"181":{"start":{"line":182,"column":0},"end":{"line":182,"column":49}},"182":{"start":{"line":183,"column":0},"end":{"line":183,"column":39}},"183":{"start":{"line":184,"column":0},"end":{"line":184,"column":31}},"184":{"start":{"line":185,"column":0},"end":{"line":185,"column":9}},"185":{"start":{"line":186,"column":0},"end":{"line":186,"column":7}},"186":{"start":{"line":187,"column":0},"end":{"line":187,"column":5}},"187":{"start":{"line":188,"column":0},"end":{"line":188,"column":1}},"188":{"start":{"line":189,"column":0},"end":{"line":189,"column":0}},"189":{"start":{"line":190,"column":0},"end":{"line":190,"column":30}},"190":{"start":{"line":191,"column":0},"end":{"line":191,"column":43}},"191":{"start":{"line":192,"column":0},"end":{"line":192,"column":38}},"192":{"start":{"line":193,"column":0},"end":{"line":193,"column":16}},"193":{"start":{"line":194,"column":0},"end":{"line":194,"column":46}},"194":{"start":{"line":195,"column":0},"end":{"line":195,"column":12}},"195":{"start":{"line":196,"column":0},"end":{"line":196,"column":45}},"196":{"start":{"line":197,"column":0},"end":{"line":197,"column":5}},"197":{"start":{"line":198,"column":0},"end":{"line":198,"column":5}},"198":{"start":{"line":199,"column":0},"end":{"line":199,"column":1}},"199":{"start":{"line":200,"column":0},"end":{"line":200,"column":0}},"200":{"start":{"line":201,"column":0},"end":{"line":201,"column":32}},"201":{"start":{"line":202,"column":0},"end":{"line":202,"column":71}},"202":{"start":{"line":203,"column":0},"end":{"line":203,"column":60}},"203":{"start":{"line":204,"column":0},"end":{"line":204,"column":17}},"204":{"start":{"line":205,"column":0},"end":{"line":205,"column":48}},"205":{"start":{"line":206,"column":0},"end":{"line":206,"column":5}},"206":{"start":{"line":207,"column":0},"end":{"line":207,"column":5}},"207":{"start":{"line":208,"column":0},"end":{"line":208,"column":1}},"208":{"start":{"line":209,"column":0},"end":{"line":209,"column":0}},"209":{"start":{"line":210,"column":0},"end":{"line":210,"column":20}},"210":{"start":{"line":211,"column":0},"end":{"line":211,"column":43}},"211":{"start":{"line":212,"column":0},"end":{"line":212,"column":37}},"212":{"start":{"line":213,"column":0},"end":{"line":213,"column":38}},"213":{"start":{"line":214,"column":0},"end":{"line":214,"column":28}},"214":{"start":{"line":215,"column":0},"end":{"line":215,"column":13}},"215":{"start":{"line":216,"column":0},"end":{"line":216,"column":5}},"216":{"start":{"line":217,"column":0},"end":{"line":217,"column":0}},"217":{"start":{"line":218,"column":0},"end":{"line":218,"column":31}},"218":{"start":{"line":219,"column":0},"end":{"line":219,"column":20}},"219":{"start":{"line":220,"column":0},"end":{"line":220,"column":35}},"220":{"start":{"line":221,"column":0},"end":{"line":221,"column":0}},"221":{"start":{"line":222,"column":0},"end":{"line":222,"column":22}},"222":{"start":{"line":223,"column":0},"end":{"line":223,"column":36}},"223":{"start":{"line":224,"column":0},"end":{"line":224,"column":13}},"224":{"start":{"line":225,"column":0},"end":{"line":225,"column":0}},"225":{"start":{"line":226,"column":0},"end":{"line":226,"column":42}},"226":{"start":{"line":227,"column":0},"end":{"line":227,"column":78}},"227":{"start":{"line":228,"column":0},"end":{"line":228,"column":6}},"228":{"start":{"line":229,"column":0},"end":{"line":229,"column":20}},"229":{"start":{"line":230,"column":0},"end":{"line":230,"column":49}},"230":{"start":{"line":231,"column":0},"end":{"line":231,"column":30}},"231":{"start":{"line":232,"column":0},"end":{"line":232,"column":33}},"232":{"start":{"line":233,"column":0},"end":{"line":233,"column":24}},"233":{"start":{"line":234,"column":0},"end":{"line":234,"column":20}},"234":{"start":{"line":235,"column":0},"end":{"line":235,"column":7}},"235":{"start":{"line":236,"column":0},"end":{"line":236,"column":50}},"236":{"start":{"line":237,"column":0},"end":{"line":237,"column":47}},"237":{"start":{"line":238,"column":0},"end":{"line":238,"column":37}},"238":{"start":{"line":239,"column":0},"end":{"line":239,"column":28}},"239":{"start":{"line":240,"column":0},"end":{"line":240,"column":7}},"240":{"start":{"line":241,"column":0},"end":{"line":241,"column":5}},"241":{"start":{"line":242,"column":0},"end":{"line":242,"column":1}},"242":{"start":{"line":243,"column":0},"end":{"line":243,"column":0}},"243":{"start":{"line":244,"column":0},"end":{"line":244,"column":22}},"244":{"start":{"line":245,"column":0},"end":{"line":245,"column":49}},"245":{"start":{"line":246,"column":0},"end":{"line":246,"column":97}},"246":{"start":{"line":247,"column":0},"end":{"line":247,"column":39}},"247":{"start":{"line":248,"column":0},"end":{"line":248,"column":31}},"248":{"start":{"line":249,"column":0},"end":{"line":249,"column":47}},"249":{"start":{"line":250,"column":0},"end":{"line":250,"column":35}},"250":{"start":{"line":251,"column":0},"end":{"line":251,"column":22}},"251":{"start":{"line":252,"column":0},"end":{"line":252,"column":24}},"252":{"start":{"line":253,"column":0},"end":{"line":253,"column":42}},"253":{"start":{"line":254,"column":0},"end":{"line":254,"column":14}},"254":{"start":{"line":255,"column":0},"end":{"line":255,"column":0}},"255":{"start":{"line":256,"column":0},"end":{"line":256,"column":24}},"256":{"start":{"line":257,"column":0},"end":{"line":257,"column":21}},"257":{"start":{"line":258,"column":0},"end":{"line":258,"column":13}},"258":{"start":{"line":259,"column":0},"end":{"line":259,"column":12}},"259":{"start":{"line":260,"column":0},"end":{"line":260,"column":23}},"260":{"start":{"line":261,"column":0},"end":{"line":261,"column":5}},"261":{"start":{"line":262,"column":0},"end":{"line":262,"column":5}},"262":{"start":{"line":263,"column":0},"end":{"line":263,"column":1}},"263":{"start":{"line":264,"column":0},"end":{"line":264,"column":0}},"264":{"start":{"line":265,"column":0},"end":{"line":265,"column":18}},"265":{"start":{"line":266,"column":0},"end":{"line":266,"column":12}},"266":{"start":{"line":267,"column":0},"end":{"line":267,"column":0}},"267":{"start":{"line":268,"column":0},"end":{"line":268,"column":23}},"268":{"start":{"line":269,"column":0},"end":{"line":269,"column":13}},"269":{"start":{"line":270,"column":0},"end":{"line":270,"column":0}},"270":{"start":{"line":271,"column":0},"end":{"line":271,"column":41}},"271":{"start":{"line":272,"column":0},"end":{"line":272,"column":20}},"272":{"start":{"line":273,"column":0},"end":{"line":273,"column":0}},"273":{"start":{"line":274,"column":0},"end":{"line":274,"column":50}},"274":{"start":{"line":275,"column":0},"end":{"line":275,"column":22}},"275":{"start":{"line":276,"column":0},"end":{"line":276,"column":0}},"276":{"start":{"line":277,"column":0},"end":{"line":277,"column":11}},"277":{"start":{"line":278,"column":0},"end":{"line":278,"column":10}},"278":{"start":{"line":279,"column":0},"end":{"line":279,"column":0}},"279":{"start":{"line":280,"column":0},"end":{"line":280,"column":13}},"280":{"start":{"line":281,"column":0},"end":{"line":281,"column":12}},"281":{"start":{"line":282,"column":0},"end":{"line":282,"column":0}}},"s":{"0":1,"1":1,"2":1,"3":1,"4":1,"5":1,"6":1,"7":1,"8":1,"9":1,"10":1,"11":1,"12":1,"13":1,"14":1,"15":1,"16":1,"17":1,"18":1,"19":1,"20":1,"21":1,"22":1,"23":1,"24":1,"25":1,"26":1,"27":1,"28":1,"29":1,"30":0,"31":1,"32":0,"33":1,"34":1,"35":1,"36":1,"37":1,"38":1,"39":1,"40":1,"41":1,"42":1,"43":1,"44":1,"45":1,"46":1,"47":1,"48":1,"49":1,"50":1,"51":1,"52":1,"53":1,"54":1,"55":1,"56":1,"57":1,"58":1,"59":1,"60":1,"61":1,"62":1,"63":1,"64":1,"65":1,"66":1,"67":1,"68":1,"69":1,"70":1,"71":1,"72":1,"73":1,"74":1,"75":1,"76":1,"77":1,"78":1,"79":1,"80":1,"81":1,"82":1,"83":1,"84":1,"85":1,"86":1,"87":1,"88":1,"89":1,"90":1,"91":1,"92":1,"93":1,"94":1,"95":1,"96":1,"97":1,"98":1,"99":1,"100":1,"101":1,"102":1,"103":1,"104":1,"105":1,"106":1,"107":1,"108":1,"109":1,"110":1,"111":1,"112":1,"113":1,"114":1,"115":1,"116":1,"117":1,"118":1,"119":1,"120":1,"121":1,"122":1,"123":1,"124":1,"125":1,"126":0,"127":0,"128":0,"129":0,"130":1,"131":1,"132":1,"133":1,"134":1,"135":1,"136":1,"137":1,"138":1,"139":1,"140":1,"141":1,"142":1,"143":1,"144":1,"145":0,"146":1,"147":1,"148":1,"149":1,"150":1,"151":1,"152":1,"153":1,"154":1,"155":1,"156":1,"157":1,"158":1,"159":1,"160":1,"161":1,"162":1,"163":1,"164":1,"165":1,"166":1,"167":1,"168":1,"169":1,"170":1,"171":0,"172":0,"173":0,"174":1,"175":1,"176":1,"177":1,"178":1,"179":1,"180":1,"181":1,"182":1,"183":1,"184":1,"185":1,"186":1,"187":1,"188":1,"189":1,"190":1,"191":1,"192":1,"193":1,"194":1,"195":1,"196":1,"197":1,"198":1,"199":1,"200":1,"201":1,"202":1,"203":1,"204":1,"205":1,"206":1,"207":1,"208":1,"209":1,"210":1,"211":1,"212":1,"213":1,"214":1,"215":1,"216":1,"217":1,"218":1,"219":1,"220":1,"221":1,"222":1,"223":1,"224":1,"225":1,"226":1,"227":1,"228":1,"229":1,"230":1,"231":1,"232":1,"233":1,"234":1,"235":1,"236":1,"237":1,"238":1,"239":1,"240":1,"241":1,"242":1,"243":1,"244":1,"245":1,"246":1,"247":1,"248":1,"249":1,"250":1,"251":1,"252":1,"253":1,"254":1,"255":1,"256":1,"257":1,"258":0,"259":0,"260":0,"261":1,"262":1,"263":1,"264":1,"265":1,"266":1,"267":1,"268":1,"269":1,"270":1,"271":1,"272":1,"273":1,"274":1,"275":1,"276":1,"277":1,"278":1,"279":1,"280":1,"281":1},"branchMap":{"0":{"type":"branch","loc":{"start":{"line":1,"column":0},"end":{"line":31,"column":34}},"locations":[{"start":{"line":1,"column":0},"end":{"line":31,"column":34}}]},"1":{"type":"branch","loc":{"start":{"line":31,"column":82},"end":{"line":33,"column":23}},"locations":[{"start":{"line":31,"column":82},"end":{"line":33,"column":23}}]},"2":{"type":"branch","loc":{"start":{"line":33,"column":50},"end":{"line":127,"column":4}},"locations":[{"start":{"line":33,"column":50},"end":{"line":127,"column":4}}]},"3":{"type":"branch","loc":{"start":{"line":130,"column":3},"end":{"line":145,"column":58}},"locations":[{"start":{"line":130,"column":3},"end":{"line":145,"column":58}}]},"4":{"type":"branch","loc":{"start":{"line":146,"column":5},"end":{"line":172,"column":7}},"locations":[{"start":{"line":146,"column":5},"end":{"line":172,"column":7}}]},"5":{"type":"branch","loc":{"start":{"line":174,"column":7},"end":{"line":259,"column":5}},"locations":[{"start":{"line":174,"column":7},"end":{"line":259,"column":5}}]},"6":{"type":"branch","loc":{"start":{"line":261,"column":5},"end":{"line":282,"column":0}},"locations":[{"start":{"line":261,"column":5},"end":{"line":282,"column":0}}]}},"b":{"0":[1],"1":[1],"2":[1],"3":[1],"4":[1],"5":[1],"6":[1]},"fnMap":{},"f":{},"originalUrl":"file:///Users/paulinez/image-classification/web/predict.js"}}